<?xml version="1.0" encoding="UTF-8"?>
<testsuite hostname="EPUAKHAW0472" name="com.epam.preproduction.tests.CheckFilterParameters" tests="7" failures="4" timestamp="15 Nov 2013 08:08:09 GMT" time="235.897" errors="0">
  <testcase name="testFilterByProducer" time="77.921" classname="com.epam.preproduction.tests.CheckFilterParameters"/>
  <testcase name="testFilterParameter" time="1.243" classname="com.epam.preproduction.tests.CheckFilterParameters"/>
  <testcase name="testItemInformation" time="35.532" classname="com.epam.preproduction.tests.CheckItemInformation"/>
  <testcase name="testFilterPrice" time="63.112" classname="com.epam.preproduction.tests.CheckPriceFilterTest">
    <failure type="org.openqa.selenium.NoSuchWindowException" message="Window not found. The browser window may have been closed.
Command duration or timeout: 117 milliseconds
Build info: version: &amp;apos;2.35.0&amp;apos;, revision: &amp;apos;8df0c6bedf70ff9f22c647788f9fe9c8d22210e2&amp;apos;, time: &amp;apos;2013-08-17 12:46:41&amp;apos;
System info: os.name: &amp;apos;Windows 7&amp;apos;, os.arch: &amp;apos;x86&amp;apos;, os.version: &amp;apos;6.1&amp;apos;, java.version: &amp;apos;1.7.0_25&amp;apos;
Session ID: 4de0cac7-4fbc-4c27-b934-21c7eb48e718
Driver info: org.openqa.selenium.firefox.FirefoxDriver
Capabilities [{platform=XP, databaseEnabled=true, cssSelectorsEnabled=true, javascriptEnabled=true, acceptSslCerts=true, handlesAlerts=true, browserName=firefox, browserConnectionEnabled=true, nativeEvents=true, webStorageEnabled=true, rotatable=false, locationContextEnabled=true, applicationCacheEnabled=true, takesScreenshot=true, version=25.0}]">
      <![CDATA[org.openqa.selenium.NoSuchWindowException: Window not found. The browser window may have been closed.
Command duration or timeout: 117 milliseconds
Build info: version: '2.35.0', revision: '8df0c6bedf70ff9f22c647788f9fe9c8d22210e2', time: '2013-08-17 12:46:41'
System info: os.name: 'Windows 7', os.arch: 'x86', os.version: '6.1', java.version: '1.7.0_25'
Session ID: 4de0cac7-4fbc-4c27-b934-21c7eb48e718
Driver info: org.openqa.selenium.firefox.FirefoxDriver
Capabilities [{platform=XP, databaseEnabled=true, cssSelectorsEnabled=true, javascriptEnabled=true, acceptSslCerts=true, handlesAlerts=true, browserName=firefox, browserConnectionEnabled=true, nativeEvents=true, webStorageEnabled=true, rotatable=false, locationContextEnabled=true, applicationCacheEnabled=true, takesScreenshot=true, version=25.0}]
	at org.openqa.selenium.remote.ErrorHandler.createThrowable(ErrorHandler.java:191)
	at org.openqa.selenium.remote.ErrorHandler.throwIfResponseFailed(ErrorHandler.java:145)
	at org.openqa.selenium.remote.RemoteWebDriver.execute(RemoteWebDriver.java:554)
	at org.openqa.selenium.remote.RemoteWebElement.execute(RemoteWebElement.java:268)
	at org.openqa.selenium.remote.RemoteWebElement.getText(RemoteWebElement.java:152)
	at org.openqa.selenium.support.pagefactory.internal.LocatingElementHandler.invoke(LocatingElementHandler.java:41)
	at com.sun.proxy.$Proxy8.getText(Unknown Source)
	at com.epam.preproduction.helpers.PriceFilterTestHelper.grabItems(PriceFilterTestHelper.java:93)
	at com.epam.preproduction.helpers.PriceFilterTestHelper.verifyPriceFilter(PriceFilterTestHelper.java:33)
	at com.epam.preproduction.tests.CheckPriceFilterTest.testFilterPrice(CheckPriceFilterTest.java:41)
	at org.apache.maven.surefire.testng.TestNGExecutor.run(TestNGExecutor.java:122)
	at org.apache.maven.surefire.testng.TestNGXmlTestSuite.execute(TestNGXmlTestSuite.java:92)
	at org.apache.maven.surefire.testng.TestNGProvider.invoke(TestNGProvider.java:101)
	at org.apache.maven.surefire.util.ReflectionUtils.invokeMethodWithArray(ReflectionUtils.java:164)
	at org.apache.maven.surefire.booter.ProviderFactory$ProviderProxy.invoke(ProviderFactory.java:110)
	at org.apache.maven.surefire.booter.SurefireStarter.invokeProvider(SurefireStarter.java:175)
	at org.apache.maven.surefire.booter.SurefireStarter.runSuitesInProcessWhenForked(SurefireStarter.java:107)
	at org.apache.maven.surefire.booter.ForkedBooter.main(ForkedBooter.java:68)
Caused by: org.openqa.selenium.remote.ErrorHandler$UnknownServerException: Window not found. The browser window may have been closed.
Build info: version: '2.35.0', revision: '8df0c6bedf70ff9f22c647788f9fe9c8d22210e2', time: '2013-08-17 12:46:41'
System info: os.name: 'Windows 7', os.arch: 'x86', os.version: '6.1', java.version: '1.7.0_25'
Driver info: driver.version: unknown
	at <anonymous class>.nsCommandProcessor.prototype.execute(file:///C:/Users/KARYNA~1.COM/AppData/Local/Temp/anonymous4225829428652989921webdriver-profile/extensions/fxdriver@googlecode.com/components/command_processor.js:10890)
	at <anonymous class>.Dispatcher.executeAs/<(file:///C:/Users/KARYNA~1.COM/AppData/Local/Temp/anonymous4225829428652989921webdriver-profile/extensions/fxdriver@googlecode.com/components/driver_component.js:7750)
	at <anonymous class>.Resource.prototype.handle(file:///C:/Users/KARYNA~1.COM/AppData/Local/Temp/anonymous4225829428652989921webdriver-profile/extensions/fxdriver@googlecode.com/components/driver_component.js:7896)
	at <anonymous class>.Dispatcher.prototype.dispatch(file:///C:/Users/KARYNA~1.COM/AppData/Local/Temp/anonymous4225829428652989921webdriver-profile/extensions/fxdriver@googlecode.com/components/driver_component.js:7843)
	at <anonymous class>.WebDriverServer/<.handle(file:///C:/Users/KARYNA~1.COM/AppData/Local/Temp/anonymous4225829428652989921webdriver-profile/extensions/fxdriver@googlecode.com/components/driver_component.js:10687)
	at <anonymous class>.createHandlerFunc/<(file:///C:/Users/KARYNA~1.COM/AppData/Local/Temp/anonymous4225829428652989921webdriver-profile/extensions/fxdriver@googlecode.com/components/httpd.js:1935)
	at <anonymous class>.ServerHandler.prototype.handleResponse(file:///C:/Users/KARYNA~1.COM/AppData/Local/Temp/anonymous4225829428652989921webdriver-profile/extensions/fxdriver@googlecode.com/components/httpd.js:2261)
	at <anonymous class>.Connection.prototype.process(file:///C:/Users/KARYNA~1.COM/AppData/Local/Temp/anonymous4225829428652989921webdriver-profile/extensions/fxdriver@googlecode.com/components/httpd.js:1168)
	at <anonymous class>.RequestReader.prototype._handleResponse(file:///C:/Users/KARYNA~1.COM/AppData/Local/Temp/anonymous4225829428652989921webdriver-profile/extensions/fxdriver@googlecode.com/components/httpd.js:1616)
	at <anonymous class>.RequestReader.prototype._processBody(file:///C:/Users/KARYNA~1.COM/AppData/Local/Temp/anonymous4225829428652989921webdriver-profile/extensions/fxdriver@googlecode.com/components/httpd.js:1464)
	at <anonymous class>.RequestReader.prototype.onInputStreamReady(file:///C:/Users/KARYNA~1.COM/AppData/Local/Temp/anonymous4225829428652989921webdriver-profile/extensions/fxdriver@googlecode.com/components/httpd.js:1333)
... Removed 33 stack frames]]>
    </failure>
  </testcase>
  <testcase name="testCompareItems" time="9.743" classname="com.epam.preproduction.tests.CompareItemsTest">
    <failure type="org.openqa.selenium.remote.UnreachableBrowserException" message="Error communicating with the remote browser. It may have died.
Build info: version: &amp;apos;2.35.0&amp;apos;, revision: &amp;apos;8df0c6bedf70ff9f22c647788f9fe9c8d22210e2&amp;apos;, time: &amp;apos;2013-08-17 12:46:41&amp;apos;
System info: os.name: &amp;apos;Windows 7&amp;apos;, os.arch: &amp;apos;x86&amp;apos;, os.version: &amp;apos;6.1&amp;apos;, java.version: &amp;apos;1.7.0_25&amp;apos;
Driver info: driver.version: RemoteWebDriver">
      <![CDATA[org.openqa.selenium.remote.UnreachableBrowserException: Error communicating with the remote browser. It may have died.
Build info: version: '2.35.0', revision: '8df0c6bedf70ff9f22c647788f9fe9c8d22210e2', time: '2013-08-17 12:46:41'
System info: os.name: 'Windows 7', os.arch: 'x86', os.version: '6.1', java.version: '1.7.0_25'
Driver info: driver.version: RemoteWebDriver
	at org.openqa.selenium.remote.RemoteWebDriver.execute(RemoteWebDriver.java:548)
	at org.openqa.selenium.remote.RemoteWebDriver.findElement(RemoteWebDriver.java:307)
	at org.openqa.selenium.remote.RemoteWebDriver.findElementByXPath(RemoteWebDriver.java:404)
	at org.openqa.selenium.By$ByXPath.findElement(By.java:344)
	at org.openqa.selenium.remote.RemoteWebDriver.findElement(RemoteWebDriver.java:299)
	at org.openqa.selenium.support.pagefactory.DefaultElementLocator.findElement(DefaultElementLocator.java:59)
	at org.openqa.selenium.support.pagefactory.internal.LocatingElementHandler.invoke(LocatingElementHandler.java:34)
	at com.sun.proxy.$Proxy8.click(Unknown Source)
	at com.epam.preproduction.helpers.CompareItemsTestHelper.checkParameters(CompareItemsTestHelper.java:39)
	at com.epam.preproduction.tests.CompareItemsTest.testCompareItems(CompareItemsTest.java:50)
	at org.apache.maven.surefire.testng.TestNGExecutor.run(TestNGExecutor.java:122)
	at org.apache.maven.surefire.testng.TestNGXmlTestSuite.execute(TestNGXmlTestSuite.java:92)
	at org.apache.maven.surefire.testng.TestNGProvider.invoke(TestNGProvider.java:101)
	at org.apache.maven.surefire.util.ReflectionUtils.invokeMethodWithArray(ReflectionUtils.java:164)
	at org.apache.maven.surefire.booter.ProviderFactory$ProviderProxy.invoke(ProviderFactory.java:110)
	at org.apache.maven.surefire.booter.SurefireStarter.invokeProvider(SurefireStarter.java:175)
	at org.apache.maven.surefire.booter.SurefireStarter.runSuitesInProcessWhenForked(SurefireStarter.java:107)
	at org.apache.maven.surefire.booter.ForkedBooter.main(ForkedBooter.java:68)
Caused by: org.apache.http.conn.HttpHostConnectException: Connection to http://127.0.0.1:7055 refused
	at org.apache.http.impl.conn.DefaultClientConnectionOperator.openConnection(DefaultClientConnectionOperator.java:190)
	at org.apache.http.impl.conn.AbstractPoolEntry.open(AbstractPoolEntry.java:151)
	at org.apache.http.impl.conn.AbstractPooledConnAdapter.open(AbstractPooledConnAdapter.java:125)
	at org.apache.http.impl.client.DefaultRequestDirector.tryConnect(DefaultRequestDirector.java:640)
	at org.apache.http.impl.client.DefaultRequestDirector.execute(DefaultRequestDirector.java:479)
	at org.apache.http.impl.client.AbstractHttpClient.execute(AbstractHttpClient.java:906)
	at org.openqa.selenium.remote.HttpCommandExecutor.fallBackExecute(HttpCommandExecutor.java:337)
	at org.openqa.selenium.remote.HttpCommandExecutor.execute(HttpCommandExecutor.java:298)
	at org.openqa.selenium.firefox.internal.NewProfileExtensionConnection.execute(NewProfileExtensionConnection.java:133)
	at org.openqa.selenium.firefox.FirefoxDriver$LazyCommandExecutor.execute(FirefoxDriver.java:367)
	at org.openqa.selenium.remote.RemoteWebDriver.execute(RemoteWebDriver.java:527)
	... 43 more
Caused by: java.net.ConnectException: Connection refused: connect
	at java.net.DualStackPlainSocketImpl.waitForConnect(Native Method)
	at java.net.DualStackPlainSocketImpl.socketConnect(Unknown Source)
	at java.net.AbstractPlainSocketImpl.doConnect(Unknown Source)
	at java.net.AbstractPlainSocketImpl.connectToAddress(Unknown Source)
	at java.net.AbstractPlainSocketImpl.connect(Unknown Source)
	at java.net.PlainSocketImpl.connect(Unknown Source)
	at java.net.SocksSocketImpl.connect(Unknown Source)
	at java.net.Socket.connect(Unknown Source)
	at org.apache.http.conn.scheme.PlainSocketFactory.connectSocket(PlainSocketFactory.java:127)
	at org.apache.http.impl.conn.DefaultClientConnectionOperator.openConnection(DefaultClientConnectionOperator.java:180)
	... 53 more
... Removed 26 stack frames]]>
    </failure>
  </testcase>
  <testcase name="testSortingByName" time="4.51" classname="com.epam.preproduction.tests.SortingTest">
    <failure type="org.openqa.selenium.NoSuchWindowException" message="Window not found. The browser window may have been closed.
Command duration or timeout: 27 milliseconds
Build info: version: &amp;apos;2.35.0&amp;apos;, revision: &amp;apos;8df0c6bedf70ff9f22c647788f9fe9c8d22210e2&amp;apos;, time: &amp;apos;2013-08-17 12:46:41&amp;apos;
System info: os.name: &amp;apos;Windows 7&amp;apos;, os.arch: &amp;apos;x86&amp;apos;, os.version: &amp;apos;6.1&amp;apos;, java.version: &amp;apos;1.7.0_25&amp;apos;
Session ID: 446c9817-857f-4829-bf2d-5f976c3b0c1a
Driver info: org.openqa.selenium.firefox.FirefoxDriver
Capabilities [{platform=XP, databaseEnabled=true, cssSelectorsEnabled=true, javascriptEnabled=true, acceptSslCerts=true, handlesAlerts=true, browserName=firefox, browserConnectionEnabled=true, nativeEvents=true, webStorageEnabled=true, rotatable=false, locationContextEnabled=true, applicationCacheEnabled=true, takesScreenshot=true, version=25.0}]">
      <![CDATA[org.openqa.selenium.NoSuchWindowException: Window not found. The browser window may have been closed.
Command duration or timeout: 27 milliseconds
Build info: version: '2.35.0', revision: '8df0c6bedf70ff9f22c647788f9fe9c8d22210e2', time: '2013-08-17 12:46:41'
System info: os.name: 'Windows 7', os.arch: 'x86', os.version: '6.1', java.version: '1.7.0_25'
Session ID: 446c9817-857f-4829-bf2d-5f976c3b0c1a
Driver info: org.openqa.selenium.firefox.FirefoxDriver
Capabilities [{platform=XP, databaseEnabled=true, cssSelectorsEnabled=true, javascriptEnabled=true, acceptSslCerts=true, handlesAlerts=true, browserName=firefox, browserConnectionEnabled=true, nativeEvents=true, webStorageEnabled=true, rotatable=false, locationContextEnabled=true, applicationCacheEnabled=true, takesScreenshot=true, version=25.0}]
	at org.openqa.selenium.remote.ErrorHandler.createThrowable(ErrorHandler.java:191)
	at org.openqa.selenium.remote.ErrorHandler.throwIfResponseFailed(ErrorHandler.java:145)
	at org.openqa.selenium.remote.RemoteWebDriver.execute(RemoteWebDriver.java:554)
	at org.openqa.selenium.remote.RemoteWebDriver.findElements(RemoteWebDriver.java:332)
	at org.openqa.selenium.remote.RemoteWebDriver.findElementsByXPath(RemoteWebDriver.java:408)
	at org.openqa.selenium.By$ByXPath.findElements(By.java:339)
	at org.openqa.selenium.remote.RemoteWebDriver.findElements(RemoteWebDriver.java:295)
	at org.openqa.selenium.support.pagefactory.DefaultElementLocator.findElements(DefaultElementLocator.java:75)
	at org.openqa.selenium.support.pagefactory.internal.LocatingElementListHandler.invoke(LocatingElementListHandler.java:35)
	at com.sun.proxy.$Proxy9.iterator(Unknown Source)
	at com.epam.preproduction.helpers.SortingTestHelper.grabItems(SortingTestHelper.java:72)
	at com.epam.preproduction.helpers.SortingTestHelper.verifySortingItemsByNames(SortingTestHelper.java:54)
	at com.epam.preproduction.tests.SortingTest.testSortingByName(SortingTest.java:51)
	at org.apache.maven.surefire.testng.TestNGExecutor.run(TestNGExecutor.java:122)
	at org.apache.maven.surefire.testng.TestNGXmlTestSuite.execute(TestNGXmlTestSuite.java:92)
	at org.apache.maven.surefire.testng.TestNGProvider.invoke(TestNGProvider.java:101)
	at org.apache.maven.surefire.util.ReflectionUtils.invokeMethodWithArray(ReflectionUtils.java:164)
	at org.apache.maven.surefire.booter.ProviderFactory$ProviderProxy.invoke(ProviderFactory.java:110)
	at org.apache.maven.surefire.booter.SurefireStarter.invokeProvider(SurefireStarter.java:175)
	at org.apache.maven.surefire.booter.SurefireStarter.runSuitesInProcessWhenForked(SurefireStarter.java:107)
	at org.apache.maven.surefire.booter.ForkedBooter.main(ForkedBooter.java:68)
Caused by: org.openqa.selenium.remote.ErrorHandler$UnknownServerException: Window not found. The browser window may have been closed.
Build info: version: '2.35.0', revision: '8df0c6bedf70ff9f22c647788f9fe9c8d22210e2', time: '2013-08-17 12:46:41'
System info: os.name: 'Windows 7', os.arch: 'x86', os.version: '6.1', java.version: '1.7.0_25'
Driver info: driver.version: unknown
	at <anonymous class>.nsCommandProcessor.prototype.execute(file:///C:/Users/KARYNA~1.COM/AppData/Local/Temp/anonymous6071640569945134108webdriver-profile/extensions/fxdriver@googlecode.com/components/command_processor.js:10890)
	at <anonymous class>.Dispatcher.executeAs/<(file:///C:/Users/KARYNA~1.COM/AppData/Local/Temp/anonymous6071640569945134108webdriver-profile/extensions/fxdriver@googlecode.com/components/driver_component.js:7750)
	at <anonymous class>.Resource.prototype.handle(file:///C:/Users/KARYNA~1.COM/AppData/Local/Temp/anonymous6071640569945134108webdriver-profile/extensions/fxdriver@googlecode.com/components/driver_component.js:7896)
	at <anonymous class>.Dispatcher.prototype.dispatch(file:///C:/Users/KARYNA~1.COM/AppData/Local/Temp/anonymous6071640569945134108webdriver-profile/extensions/fxdriver@googlecode.com/components/driver_component.js:7843)
	at <anonymous class>.WebDriverServer/<.handle(file:///C:/Users/KARYNA~1.COM/AppData/Local/Temp/anonymous6071640569945134108webdriver-profile/extensions/fxdriver@googlecode.com/components/driver_component.js:10687)
	at <anonymous class>.createHandlerFunc/<(file:///C:/Users/KARYNA~1.COM/AppData/Local/Temp/anonymous6071640569945134108webdriver-profile/extensions/fxdriver@googlecode.com/components/httpd.js:1935)
	at <anonymous class>.ServerHandler.prototype.handleResponse(file:///C:/Users/KARYNA~1.COM/AppData/Local/Temp/anonymous6071640569945134108webdriver-profile/extensions/fxdriver@googlecode.com/components/httpd.js:2261)
	at <anonymous class>.Connection.prototype.process(file:///C:/Users/KARYNA~1.COM/AppData/Local/Temp/anonymous6071640569945134108webdriver-profile/extensions/fxdriver@googlecode.com/components/httpd.js:1168)
	at <anonymous class>.RequestReader.prototype._handleResponse(file:///C:/Users/KARYNA~1.COM/AppData/Local/Temp/anonymous6071640569945134108webdriver-profile/extensions/fxdriver@googlecode.com/components/httpd.js:1616)
	at <anonymous class>.RequestReader.prototype._processBody(file:///C:/Users/KARYNA~1.COM/AppData/Local/Temp/anonymous6071640569945134108webdriver-profile/extensions/fxdriver@googlecode.com/components/httpd.js:1464)
	at <anonymous class>.RequestReader.prototype.onInputStreamReady(file:///C:/Users/KARYNA~1.COM/AppData/Local/Temp/anonymous6071640569945134108webdriver-profile/extensions/fxdriver@googlecode.com/components/httpd.js:1333)
... Removed 30 stack frames]]>
    </failure>
  </testcase>
  <testcase name="testSortingByPrice" time="0.001" classname="com.epam.preproduction.tests.SortingTest">
    <failure type="org.openqa.selenium.remote.SessionNotFoundException" message="The FirefoxDriver cannot be used after quit() was called.
Build info: version: &amp;apos;2.35.0&amp;apos;, revision: &amp;apos;8df0c6bedf70ff9f22c647788f9fe9c8d22210e2&amp;apos;, time: &amp;apos;2013-08-17 12:46:41&amp;apos;
System info: os.name: &amp;apos;Windows 7&amp;apos;, os.arch: &amp;apos;x86&amp;apos;, os.version: &amp;apos;6.1&amp;apos;, java.version: &amp;apos;1.7.0_25&amp;apos;
Driver info: driver.version: RemoteWebDriver">
      <![CDATA[org.openqa.selenium.remote.SessionNotFoundException: The FirefoxDriver cannot be used after quit() was called.
Build info: version: '2.35.0', revision: '8df0c6bedf70ff9f22c647788f9fe9c8d22210e2', time: '2013-08-17 12:46:41'
System info: os.name: 'Windows 7', os.arch: 'x86', os.version: '6.1', java.version: '1.7.0_25'
Driver info: driver.version: RemoteWebDriver
	at org.openqa.selenium.firefox.FirefoxDriver$LazyCommandExecutor.execute(FirefoxDriver.java:364)
	at org.openqa.selenium.remote.RemoteWebDriver.execute(RemoteWebDriver.java:527)
	at org.openqa.selenium.remote.RemoteWebDriver$RemoteWebDriverOptions$RemoteWindow.maximize(RemoteWebDriver.java:783)
	at com.epam.preproduction.tests.TestBase.goToMainPage(TestBase.java:40)
	at com.epam.preproduction.tests.SortingTest.testSortingByPrice(SortingTest.java:41)
	at org.apache.maven.surefire.testng.TestNGExecutor.run(TestNGExecutor.java:122)
	at org.apache.maven.surefire.testng.TestNGXmlTestSuite.execute(TestNGXmlTestSuite.java:92)
	at org.apache.maven.surefire.testng.TestNGProvider.invoke(TestNGProvider.java:101)
	at org.apache.maven.surefire.util.ReflectionUtils.invokeMethodWithArray(ReflectionUtils.java:164)
	at org.apache.maven.surefire.booter.ProviderFactory$ProviderProxy.invoke(ProviderFactory.java:110)
	at org.apache.maven.surefire.booter.SurefireStarter.invokeProvider(SurefireStarter.java:175)
	at org.apache.maven.surefire.booter.SurefireStarter.runSuitesInProcessWhenForked(SurefireStarter.java:107)
	at org.apache.maven.surefire.booter.ForkedBooter.main(ForkedBooter.java:68)
... Removed 26 stack frames]]>
    </failure>
  </testcase>
</testsuite>
