<?xml version="1.0" encoding="UTF-8"?>
<!-- Generated by org.testng.reporters.JUnitXMLReporter -->
<testsuite hostname="Ice-PC" name="testNG test1" tests="1" failures="1" timestamp="11 Nov 2013 21:48:19 GMT" time="13.432" errors="0">
  <testcase name="testCompareItems" time="4.682" classname="com.epam.preproduction.tests.CompareItemsTest">
    <failure type="java.lang.NullPointerException">
      <![CDATA[java.lang.NullPointerException
	at com.epam.preproduction.helpers.ItemPageHelper.grabAllCharacteristics(ItemPageHelper.java:32)
	at com.epam.preproduction.helpers.CompareItemsTestHelper.checkParameters(CompareItemsTestHelper.java:42)
	at com.epam.preproduction.tests.CompareItemsTest.testCompareItems(CompareItemsTest.java:50)
... Removed 24 stack frames]]>
    </failure>
  </testcase> <!-- testCompareItems -->
</testsuite> <!-- testNG test1 -->
