<?xml version="1.0" encoding="UTF-8"?>
<testng-results skipped="0" failed="4" total="7" passed="3">
  <reporter-output>
    <line>
      <![CDATA[Go to website's main page]]>
    </line>
    <line>
      <![CDATA[Clicking at product type]]>
    </line>
    <line>
      <![CDATA[Go to website's main page]]>
    </line>
    <line>
      <![CDATA[Clicking at product type]]>
    </line>
    <line>
      <![CDATA[Go to website's main page]]>
    </line>
    <line>
      <![CDATA[Clicking at product type]]>
    </line>
    <line>
      <![CDATA[Go to website's main page]]>
    </line>
    <line>
      <![CDATA[Clicking at product type]]>
    </line>
    <line>
      <![CDATA[Saved <a href=../screenshots/15_ноя_2013__10_07_34AM.png>Screenshot</a>]]>
    </line>
    <line>
      <![CDATA[Go to website's main page]]>
    </line>
    <line>
      <![CDATA[Clicking at product type]]>
    </line>
    <line>
      <![CDATA[Saved <a href=../screenshots/15_ноя_2013__10_07_55AM.png>Screenshot</a>]]>
    </line>
    <line>
      <![CDATA[Go to website's main page]]>
    </line>
    <line>
      <![CDATA[Clicking at product type]]>
    </line>
    <line>
      <![CDATA[Saved <a href=../screenshots/15_ноя_2013__10_08_09AM.png>Screenshot</a>]]>
    </line>
    <line>
      <![CDATA[Saved <a href=../screenshots/15_ноя_2013__10_08_09AM.png>Screenshot</a>]]>
    </line>
  </reporter-output>
  <suite name="Suite 1" duration-ms="235897" started-at="2013-11-15T10:04:13Z" finished-at="2013-11-15T10:08:09Z">
    <groups>
    </groups>
    <test name="testNG test1" duration-ms="235897" started-at="2013-11-15T10:04:13Z" finished-at="2013-11-15T10:08:09Z">
      <class name="com.epam.preproduction.tests.CheckFilterParameters">
        <test-method status="PASS" signature="setUp()" name="setUp" is-config="true" duration-ms="13705" started-at="2013-11-15T10:04:13Z" finished-at="2013-11-15T10:04:27Z">
        </test-method>
        <test-method status="PASS" signature="configuration()" name="configuration" is-config="true" duration-ms="116" started-at="2013-11-15T10:04:28Z" finished-at="2013-11-15T10:04:28Z">
        </test-method>
        <test-method status="PASS" signature="testFilterByProducer(java.lang.String)" name="testFilterByProducer" duration-ms="77921" started-at="2013-11-15T10:04:28Z" finished-at="2013-11-15T10:05:46Z">
          <params>
            <param index="0">
              <value>
                <![CDATA[Хлебопечи]]>
              </value>
            </param>
          </params>
        </test-method>
        <test-method status="PASS" signature="configuration()" name="configuration" is-config="true" duration-ms="4" started-at="2013-11-15T10:05:46Z" finished-at="2013-11-15T10:05:46Z">
        </test-method>
        <test-method status="PASS" signature="testFilterParameter(java.lang.String, java.lang.String)" name="testFilterParameter" duration-ms="1243" started-at="2013-11-15T10:05:46Z" finished-at="2013-11-15T10:05:47Z">
          <params>
            <param index="0">
              <value>
                <![CDATA[Хлебопечи]]>
              </value>
            </param>
            <param index="1">
              <value>
                <![CDATA[Регулировка веса]]>
              </value>
            </param>
          </params>
        </test-method>
      </class>
      <class name="com.epam.preproduction.tests.CheckPriceFilterTest">
        <test-method status="PASS" signature="setUp()" name="setUp" is-config="true" duration-ms="1557" started-at="2013-11-15T10:06:24Z" finished-at="2013-11-15T10:06:25Z">
        </test-method>
        <test-method status="PASS" signature="configurations()" name="configurations" is-config="true" duration-ms="10" started-at="2013-11-15T10:06:25Z" finished-at="2013-11-15T10:06:25Z">
        </test-method>
        <test-method status="FAIL" signature="testFilterPrice(java.lang.String, java.lang.String, double, double)" name="testFilterPrice" duration-ms="63112" started-at="2013-11-15T10:06:25Z" finished-at="2013-11-15T10:07:28Z">
          <params>
            <param index="0">
              <value>
                <![CDATA[Бытовая техника]]>
              </value>
            </param>
            <param index="1">
              <value>
                <![CDATA[Посудомойки]]>
              </value>
            </param>
            <param index="2">
              <value>
                <![CDATA[6000.0]]>
              </value>
            </param>
            <param index="3">
              <value>
                <![CDATA[7000.0]]>
              </value>
            </param>
          </params>
          <exception class="org.openqa.selenium.NoSuchWindowException">
            <message>
              <![CDATA[Window not found. The browser window may have been closed.
Command duration or timeout: 117 milliseconds
Build info: version: '2.35.0', revision: '8df0c6bedf70ff9f22c647788f9fe9c8d22210e2', time: '2013-08-17 12:46:41'
System info: os.name: 'Windows 7', os.arch: 'x86', os.version: '6.1', java.version: '1.7.0_25'
Session ID: 4de0cac7-4fbc-4c27-b934-21c7eb48e718
Driver info: org.openqa.selenium.firefox.FirefoxDriver
Capabilities [{platform=XP, databaseEnabled=true, cssSelectorsEnabled=true, javascriptEnabled=true, acceptSslCerts=true, handlesAlerts=true, browserName=firefox, browserConnectionEnabled=true, nativeEvents=true, webStorageEnabled=true, rotatable=false, locationContextEnabled=true, applicationCacheEnabled=true, takesScreenshot=true, version=25.0}]]]>
            </message>
            <full-stacktrace>
              <![CDATA[org.openqa.selenium.NoSuchWindowException: Window not found. The browser window may have been closed.
Command duration or timeout: 117 milliseconds
Build info: version: '2.35.0', revision: '8df0c6bedf70ff9f22c647788f9fe9c8d22210e2', time: '2013-08-17 12:46:41'
System info: os.name: 'Windows 7', os.arch: 'x86', os.version: '6.1', java.version: '1.7.0_25'
Session ID: 4de0cac7-4fbc-4c27-b934-21c7eb48e718
Driver info: org.openqa.selenium.firefox.FirefoxDriver
Capabilities [{platform=XP, databaseEnabled=true, cssSelectorsEnabled=true, javascriptEnabled=true, acceptSslCerts=true, handlesAlerts=true, browserName=firefox, browserConnectionEnabled=true, nativeEvents=true, webStorageEnabled=true, rotatable=false, locationContextEnabled=true, applicationCacheEnabled=true, takesScreenshot=true, version=25.0}]
	at sun.reflect.NativeConstructorAccessorImpl.newInstance0(Native Method)
	at sun.reflect.NativeConstructorAccessorImpl.newInstance(Unknown Source)
	at sun.reflect.DelegatingConstructorAccessorImpl.newInstance(Unknown Source)
	at java.lang.reflect.Constructor.newInstance(Unknown Source)
	at org.openqa.selenium.remote.ErrorHandler.createThrowable(ErrorHandler.java:191)
	at org.openqa.selenium.remote.ErrorHandler.throwIfResponseFailed(ErrorHandler.java:145)
	at org.openqa.selenium.remote.RemoteWebDriver.execute(RemoteWebDriver.java:554)
	at org.openqa.selenium.remote.RemoteWebElement.execute(RemoteWebElement.java:268)
	at org.openqa.selenium.remote.RemoteWebElement.getText(RemoteWebElement.java:152)
	at sun.reflect.GeneratedMethodAccessor5.invoke(Unknown Source)
	at sun.reflect.DelegatingMethodAccessorImpl.invoke(Unknown Source)
	at java.lang.reflect.Method.invoke(Unknown Source)
	at org.openqa.selenium.support.pagefactory.internal.LocatingElementHandler.invoke(LocatingElementHandler.java:41)
	at com.sun.proxy.$Proxy8.getText(Unknown Source)
	at com.epam.preproduction.helpers.PriceFilterTestHelper.grabItems(PriceFilterTestHelper.java:93)
	at com.epam.preproduction.helpers.PriceFilterTestHelper.verifyPriceFilter(PriceFilterTestHelper.java:33)
	at com.epam.preproduction.tests.CheckPriceFilterTest.testFilterPrice(CheckPriceFilterTest.java:41)
	at sun.reflect.NativeMethodAccessorImpl.invoke0(Native Method)
	at sun.reflect.NativeMethodAccessorImpl.invoke(Unknown Source)
	at sun.reflect.DelegatingMethodAccessorImpl.invoke(Unknown Source)
	at java.lang.reflect.Method.invoke(Unknown Source)
	at org.testng.internal.MethodInvocationHelper.invokeMethod(MethodInvocationHelper.java:80)
	at org.testng.internal.Invoker.invokeMethod(Invoker.java:673)
	at org.testng.internal.Invoker.invokeTestMethod(Invoker.java:842)
	at org.testng.internal.Invoker.invokeTestMethods(Invoker.java:1166)
	at org.testng.internal.TestMethodWorker.invokeTestMethods(TestMethodWorker.java:125)
	at org.testng.internal.TestMethodWorker.run(TestMethodWorker.java:109)
	at org.testng.TestRunner.runWorkers(TestRunner.java:1178)
	at org.testng.TestRunner.privateRun(TestRunner.java:757)
	at org.testng.TestRunner.run(TestRunner.java:608)
	at org.testng.SuiteRunner.runTest(SuiteRunner.java:334)
	at org.testng.SuiteRunner.runSequentially(SuiteRunner.java:329)
	at org.testng.SuiteRunner.privateRun(SuiteRunner.java:291)
	at org.testng.SuiteRunner.run(SuiteRunner.java:240)
	at org.testng.SuiteRunnerWorker.runSuite(SuiteRunnerWorker.java:52)
	at org.testng.SuiteRunnerWorker.run(SuiteRunnerWorker.java:86)
	at org.testng.TestNG.runSuitesSequentially(TestNG.java:1158)
	at org.testng.TestNG.runSuitesLocally(TestNG.java:1083)
	at org.testng.TestNG.run(TestNG.java:999)
	at org.apache.maven.surefire.testng.TestNGExecutor.run(TestNGExecutor.java:122)
	at org.apache.maven.surefire.testng.TestNGXmlTestSuite.execute(TestNGXmlTestSuite.java:92)
	at org.apache.maven.surefire.testng.TestNGProvider.invoke(TestNGProvider.java:101)
	at sun.reflect.NativeMethodAccessorImpl.invoke0(Native Method)
	at sun.reflect.NativeMethodAccessorImpl.invoke(Unknown Source)
	at sun.reflect.DelegatingMethodAccessorImpl.invoke(Unknown Source)
	at java.lang.reflect.Method.invoke(Unknown Source)
	at org.apache.maven.surefire.util.ReflectionUtils.invokeMethodWithArray(ReflectionUtils.java:164)
	at org.apache.maven.surefire.booter.ProviderFactory$ProviderProxy.invoke(ProviderFactory.java:110)
	at org.apache.maven.surefire.booter.SurefireStarter.invokeProvider(SurefireStarter.java:175)
	at org.apache.maven.surefire.booter.SurefireStarter.runSuitesInProcessWhenForked(SurefireStarter.java:107)
	at org.apache.maven.surefire.booter.ForkedBooter.main(ForkedBooter.java:68)
Caused by: org.openqa.selenium.remote.ErrorHandler$UnknownServerException: Window not found. The browser window may have been closed.
Build info: version: '2.35.0', revision: '8df0c6bedf70ff9f22c647788f9fe9c8d22210e2', time: '2013-08-17 12:46:41'
System info: os.name: 'Windows 7', os.arch: 'x86', os.version: '6.1', java.version: '1.7.0_25'
Driver info: driver.version: unknown
	at <anonymous class>.nsCommandProcessor.prototype.execute(file:///C:/Users/KARYNA~1.COM/AppData/Local/Temp/anonymous4225829428652989921webdriver-profile/extensions/fxdriver@googlecode.com/components/command_processor.js:10890)
	at <anonymous class>.Dispatcher.executeAs/<(file:///C:/Users/KARYNA~1.COM/AppData/Local/Temp/anonymous4225829428652989921webdriver-profile/extensions/fxdriver@googlecode.com/components/driver_component.js:7750)
	at <anonymous class>.Resource.prototype.handle(file:///C:/Users/KARYNA~1.COM/AppData/Local/Temp/anonymous4225829428652989921webdriver-profile/extensions/fxdriver@googlecode.com/components/driver_component.js:7896)
	at <anonymous class>.Dispatcher.prototype.dispatch(file:///C:/Users/KARYNA~1.COM/AppData/Local/Temp/anonymous4225829428652989921webdriver-profile/extensions/fxdriver@googlecode.com/components/driver_component.js:7843)
	at <anonymous class>.WebDriverServer/<.handle(file:///C:/Users/KARYNA~1.COM/AppData/Local/Temp/anonymous4225829428652989921webdriver-profile/extensions/fxdriver@googlecode.com/components/driver_component.js:10687)
	at <anonymous class>.createHandlerFunc/<(file:///C:/Users/KARYNA~1.COM/AppData/Local/Temp/anonymous4225829428652989921webdriver-profile/extensions/fxdriver@googlecode.com/components/httpd.js:1935)
	at <anonymous class>.ServerHandler.prototype.handleResponse(file:///C:/Users/KARYNA~1.COM/AppData/Local/Temp/anonymous4225829428652989921webdriver-profile/extensions/fxdriver@googlecode.com/components/httpd.js:2261)
	at <anonymous class>.Connection.prototype.process(file:///C:/Users/KARYNA~1.COM/AppData/Local/Temp/anonymous4225829428652989921webdriver-profile/extensions/fxdriver@googlecode.com/components/httpd.js:1168)
	at <anonymous class>.RequestReader.prototype._handleResponse(file:///C:/Users/KARYNA~1.COM/AppData/Local/Temp/anonymous4225829428652989921webdriver-profile/extensions/fxdriver@googlecode.com/components/httpd.js:1616)
	at <anonymous class>.RequestReader.prototype._processBody(file:///C:/Users/KARYNA~1.COM/AppData/Local/Temp/anonymous4225829428652989921webdriver-profile/extensions/fxdriver@googlecode.com/components/httpd.js:1464)
	at <anonymous class>.RequestReader.prototype.onInputStreamReady(file:///C:/Users/KARYNA~1.COM/AppData/Local/Temp/anonymous4225829428652989921webdriver-profile/extensions/fxdriver@googlecode.com/components/httpd.js:1333)
]]>
            </full-stacktrace>
          </exception>
        </test-method>
      </class>
      <class name="com.epam.preproduction.tests.CompareItemsTest">
        <test-method status="PASS" signature="setUp()" name="setUp" is-config="true" duration-ms="4791" started-at="2013-11-15T10:07:34Z" finished-at="2013-11-15T10:07:39Z">
        </test-method>
        <test-method status="PASS" signature="configuration()" name="configuration" is-config="true" duration-ms="12" started-at="2013-11-15T10:07:39Z" finished-at="2013-11-15T10:07:39Z">
        </test-method>
        <test-method status="FAIL" signature="testCompareItems(java.lang.String, java.lang.String)" name="testCompareItems" duration-ms="9743" started-at="2013-11-15T10:07:39Z" finished-at="2013-11-15T10:07:49Z">
          <params>
            <param index="0">
              <value>
                <![CDATA[Бытовая техника]]>
              </value>
            </param>
            <param index="1">
              <value>
                <![CDATA[Микроволновки]]>
              </value>
            </param>
          </params>
          <exception class="org.openqa.selenium.remote.UnreachableBrowserException">
            <message>
              <![CDATA[Error communicating with the remote browser. It may have died.
Build info: version: '2.35.0', revision: '8df0c6bedf70ff9f22c647788f9fe9c8d22210e2', time: '2013-08-17 12:46:41'
System info: os.name: 'Windows 7', os.arch: 'x86', os.version: '6.1', java.version: '1.7.0_25'
Driver info: driver.version: RemoteWebDriver]]>
            </message>
            <full-stacktrace>
              <![CDATA[org.openqa.selenium.remote.UnreachableBrowserException: Error communicating with the remote browser. It may have died.
Build info: version: '2.35.0', revision: '8df0c6bedf70ff9f22c647788f9fe9c8d22210e2', time: '2013-08-17 12:46:41'
System info: os.name: 'Windows 7', os.arch: 'x86', os.version: '6.1', java.version: '1.7.0_25'
Driver info: driver.version: RemoteWebDriver
	at org.openqa.selenium.remote.RemoteWebDriver.execute(RemoteWebDriver.java:548)
	at org.openqa.selenium.remote.RemoteWebDriver.findElement(RemoteWebDriver.java:307)
	at org.openqa.selenium.remote.RemoteWebDriver.findElementByXPath(RemoteWebDriver.java:404)
	at org.openqa.selenium.By$ByXPath.findElement(By.java:344)
	at org.openqa.selenium.remote.RemoteWebDriver.findElement(RemoteWebDriver.java:299)
	at org.openqa.selenium.support.pagefactory.DefaultElementLocator.findElement(DefaultElementLocator.java:59)
	at org.openqa.selenium.support.pagefactory.internal.LocatingElementHandler.invoke(LocatingElementHandler.java:34)
	at com.sun.proxy.$Proxy8.click(Unknown Source)
	at com.epam.preproduction.helpers.CompareItemsTestHelper.checkParameters(CompareItemsTestHelper.java:39)
	at com.epam.preproduction.tests.CompareItemsTest.testCompareItems(CompareItemsTest.java:50)
	at sun.reflect.NativeMethodAccessorImpl.invoke0(Native Method)
	at sun.reflect.NativeMethodAccessorImpl.invoke(Unknown Source)
	at sun.reflect.DelegatingMethodAccessorImpl.invoke(Unknown Source)
	at java.lang.reflect.Method.invoke(Unknown Source)
	at org.testng.internal.MethodInvocationHelper.invokeMethod(MethodInvocationHelper.java:80)
	at org.testng.internal.Invoker.invokeMethod(Invoker.java:673)
	at org.testng.internal.Invoker.invokeTestMethod(Invoker.java:842)
	at org.testng.internal.Invoker.invokeTestMethods(Invoker.java:1166)
	at org.testng.internal.TestMethodWorker.invokeTestMethods(TestMethodWorker.java:125)
	at org.testng.internal.TestMethodWorker.run(TestMethodWorker.java:109)
	at org.testng.TestRunner.runWorkers(TestRunner.java:1178)
	at org.testng.TestRunner.privateRun(TestRunner.java:757)
	at org.testng.TestRunner.run(TestRunner.java:608)
	at org.testng.SuiteRunner.runTest(SuiteRunner.java:334)
	at org.testng.SuiteRunner.runSequentially(SuiteRunner.java:329)
	at org.testng.SuiteRunner.privateRun(SuiteRunner.java:291)
	at org.testng.SuiteRunner.run(SuiteRunner.java:240)
	at org.testng.SuiteRunnerWorker.runSuite(SuiteRunnerWorker.java:52)
	at org.testng.SuiteRunnerWorker.run(SuiteRunnerWorker.java:86)
	at org.testng.TestNG.runSuitesSequentially(TestNG.java:1158)
	at org.testng.TestNG.runSuitesLocally(TestNG.java:1083)
	at org.testng.TestNG.run(TestNG.java:999)
	at org.apache.maven.surefire.testng.TestNGExecutor.run(TestNGExecutor.java:122)
	at org.apache.maven.surefire.testng.TestNGXmlTestSuite.execute(TestNGXmlTestSuite.java:92)
	at org.apache.maven.surefire.testng.TestNGProvider.invoke(TestNGProvider.java:101)
	at sun.reflect.NativeMethodAccessorImpl.invoke0(Native Method)
	at sun.reflect.NativeMethodAccessorImpl.invoke(Unknown Source)
	at sun.reflect.DelegatingMethodAccessorImpl.invoke(Unknown Source)
	at java.lang.reflect.Method.invoke(Unknown Source)
	at org.apache.maven.surefire.util.ReflectionUtils.invokeMethodWithArray(ReflectionUtils.java:164)
	at org.apache.maven.surefire.booter.ProviderFactory$ProviderProxy.invoke(ProviderFactory.java:110)
	at org.apache.maven.surefire.booter.SurefireStarter.invokeProvider(SurefireStarter.java:175)
	at org.apache.maven.surefire.booter.SurefireStarter.runSuitesInProcessWhenForked(SurefireStarter.java:107)
	at org.apache.maven.surefire.booter.ForkedBooter.main(ForkedBooter.java:68)
Caused by: org.apache.http.conn.HttpHostConnectException: Connection to http://127.0.0.1:7055 refused
	at org.apache.http.impl.conn.DefaultClientConnectionOperator.openConnection(DefaultClientConnectionOperator.java:190)
	at org.apache.http.impl.conn.AbstractPoolEntry.open(AbstractPoolEntry.java:151)
	at org.apache.http.impl.conn.AbstractPooledConnAdapter.open(AbstractPooledConnAdapter.java:125)
	at org.apache.http.impl.client.DefaultRequestDirector.tryConnect(DefaultRequestDirector.java:640)
	at org.apache.http.impl.client.DefaultRequestDirector.execute(DefaultRequestDirector.java:479)
	at org.apache.http.impl.client.AbstractHttpClient.execute(AbstractHttpClient.java:906)
	at org.openqa.selenium.remote.HttpCommandExecutor.fallBackExecute(HttpCommandExecutor.java:337)
	at org.openqa.selenium.remote.HttpCommandExecutor.execute(HttpCommandExecutor.java:298)
	at org.openqa.selenium.firefox.internal.NewProfileExtensionConnection.execute(NewProfileExtensionConnection.java:133)
	at org.openqa.selenium.firefox.FirefoxDriver$LazyCommandExecutor.execute(FirefoxDriver.java:367)
	at org.openqa.selenium.remote.RemoteWebDriver.execute(RemoteWebDriver.java:527)
	... 43 more
Caused by: java.net.ConnectException: Connection refused: connect
	at java.net.DualStackPlainSocketImpl.waitForConnect(Native Method)
	at java.net.DualStackPlainSocketImpl.socketConnect(Unknown Source)
	at java.net.AbstractPlainSocketImpl.doConnect(Unknown Source)
	at java.net.AbstractPlainSocketImpl.connectToAddress(Unknown Source)
	at java.net.AbstractPlainSocketImpl.connect(Unknown Source)
	at java.net.PlainSocketImpl.connect(Unknown Source)
	at java.net.SocksSocketImpl.connect(Unknown Source)
	at java.net.Socket.connect(Unknown Source)
	at org.apache.http.conn.scheme.PlainSocketFactory.connectSocket(PlainSocketFactory.java:127)
	at org.apache.http.impl.conn.DefaultClientConnectionOperator.openConnection(DefaultClientConnectionOperator.java:180)
	... 53 more
]]>
            </full-stacktrace>
          </exception>
        </test-method>
      </class>
      <class name="com.epam.preproduction.tests.SortingTest">
        <test-method status="PASS" signature="setUp()" name="setUp" is-config="true" duration-ms="4497" started-at="2013-11-15T10:07:55Z" finished-at="2013-11-15T10:07:59Z">
        </test-method>
        <test-method status="PASS" signature="configuration()" name="configuration" is-config="true" duration-ms="5" started-at="2013-11-15T10:07:59Z" finished-at="2013-11-15T10:07:59Z">
        </test-method>
        <test-method status="FAIL" signature="testSortingByName(java.lang.String)" name="testSortingByName" duration-ms="4510" started-at="2013-11-15T10:07:59Z" finished-at="2013-11-15T10:08:04Z">
          <params>
            <param index="0">
              <value>
                <![CDATA[Холодильники]]>
              </value>
            </param>
          </params>
          <exception class="org.openqa.selenium.NoSuchWindowException">
            <message>
              <![CDATA[Window not found. The browser window may have been closed.
Command duration or timeout: 27 milliseconds
Build info: version: '2.35.0', revision: '8df0c6bedf70ff9f22c647788f9fe9c8d22210e2', time: '2013-08-17 12:46:41'
System info: os.name: 'Windows 7', os.arch: 'x86', os.version: '6.1', java.version: '1.7.0_25'
Session ID: 446c9817-857f-4829-bf2d-5f976c3b0c1a
Driver info: org.openqa.selenium.firefox.FirefoxDriver
Capabilities [{platform=XP, databaseEnabled=true, cssSelectorsEnabled=true, javascriptEnabled=true, acceptSslCerts=true, handlesAlerts=true, browserName=firefox, browserConnectionEnabled=true, nativeEvents=true, webStorageEnabled=true, rotatable=false, locationContextEnabled=true, applicationCacheEnabled=true, takesScreenshot=true, version=25.0}]]]>
            </message>
            <full-stacktrace>
              <![CDATA[org.openqa.selenium.NoSuchWindowException: Window not found. The browser window may have been closed.
Command duration or timeout: 27 milliseconds
Build info: version: '2.35.0', revision: '8df0c6bedf70ff9f22c647788f9fe9c8d22210e2', time: '2013-08-17 12:46:41'
System info: os.name: 'Windows 7', os.arch: 'x86', os.version: '6.1', java.version: '1.7.0_25'
Session ID: 446c9817-857f-4829-bf2d-5f976c3b0c1a
Driver info: org.openqa.selenium.firefox.FirefoxDriver
Capabilities [{platform=XP, databaseEnabled=true, cssSelectorsEnabled=true, javascriptEnabled=true, acceptSslCerts=true, handlesAlerts=true, browserName=firefox, browserConnectionEnabled=true, nativeEvents=true, webStorageEnabled=true, rotatable=false, locationContextEnabled=true, applicationCacheEnabled=true, takesScreenshot=true, version=25.0}]
	at sun.reflect.NativeConstructorAccessorImpl.newInstance0(Native Method)
	at sun.reflect.NativeConstructorAccessorImpl.newInstance(Unknown Source)
	at sun.reflect.DelegatingConstructorAccessorImpl.newInstance(Unknown Source)
	at java.lang.reflect.Constructor.newInstance(Unknown Source)
	at org.openqa.selenium.remote.ErrorHandler.createThrowable(ErrorHandler.java:191)
	at org.openqa.selenium.remote.ErrorHandler.throwIfResponseFailed(ErrorHandler.java:145)
	at org.openqa.selenium.remote.RemoteWebDriver.execute(RemoteWebDriver.java:554)
	at org.openqa.selenium.remote.RemoteWebDriver.findElements(RemoteWebDriver.java:332)
	at org.openqa.selenium.remote.RemoteWebDriver.findElementsByXPath(RemoteWebDriver.java:408)
	at org.openqa.selenium.By$ByXPath.findElements(By.java:339)
	at org.openqa.selenium.remote.RemoteWebDriver.findElements(RemoteWebDriver.java:295)
	at org.openqa.selenium.support.pagefactory.DefaultElementLocator.findElements(DefaultElementLocator.java:75)
	at org.openqa.selenium.support.pagefactory.internal.LocatingElementListHandler.invoke(LocatingElementListHandler.java:35)
	at com.sun.proxy.$Proxy9.iterator(Unknown Source)
	at com.epam.preproduction.helpers.SortingTestHelper.grabItems(SortingTestHelper.java:72)
	at com.epam.preproduction.helpers.SortingTestHelper.verifySortingItemsByNames(SortingTestHelper.java:54)
	at com.epam.preproduction.tests.SortingTest.testSortingByName(SortingTest.java:51)
	at sun.reflect.NativeMethodAccessorImpl.invoke0(Native Method)
	at sun.reflect.NativeMethodAccessorImpl.invoke(Unknown Source)
	at sun.reflect.DelegatingMethodAccessorImpl.invoke(Unknown Source)
	at java.lang.reflect.Method.invoke(Unknown Source)
	at org.testng.internal.MethodInvocationHelper.invokeMethod(MethodInvocationHelper.java:80)
	at org.testng.internal.Invoker.invokeMethod(Invoker.java:673)
	at org.testng.internal.Invoker.invokeTestMethod(Invoker.java:842)
	at org.testng.internal.Invoker.invokeTestMethods(Invoker.java:1166)
	at org.testng.internal.TestMethodWorker.invokeTestMethods(TestMethodWorker.java:125)
	at org.testng.internal.TestMethodWorker.run(TestMethodWorker.java:109)
	at org.testng.TestRunner.runWorkers(TestRunner.java:1178)
	at org.testng.TestRunner.privateRun(TestRunner.java:757)
	at org.testng.TestRunner.run(TestRunner.java:608)
	at org.testng.SuiteRunner.runTest(SuiteRunner.java:334)
	at org.testng.SuiteRunner.runSequentially(SuiteRunner.java:329)
	at org.testng.SuiteRunner.privateRun(SuiteRunner.java:291)
	at org.testng.SuiteRunner.run(SuiteRunner.java:240)
	at org.testng.SuiteRunnerWorker.runSuite(SuiteRunnerWorker.java:52)
	at org.testng.SuiteRunnerWorker.run(SuiteRunnerWorker.java:86)
	at org.testng.TestNG.runSuitesSequentially(TestNG.java:1158)
	at org.testng.TestNG.runSuitesLocally(TestNG.java:1083)
	at org.testng.TestNG.run(TestNG.java:999)
	at org.apache.maven.surefire.testng.TestNGExecutor.run(TestNGExecutor.java:122)
	at org.apache.maven.surefire.testng.TestNGXmlTestSuite.execute(TestNGXmlTestSuite.java:92)
	at org.apache.maven.surefire.testng.TestNGProvider.invoke(TestNGProvider.java:101)
	at sun.reflect.NativeMethodAccessorImpl.invoke0(Native Method)
	at sun.reflect.NativeMethodAccessorImpl.invoke(Unknown Source)
	at sun.reflect.DelegatingMethodAccessorImpl.invoke(Unknown Source)
	at java.lang.reflect.Method.invoke(Unknown Source)
	at org.apache.maven.surefire.util.ReflectionUtils.invokeMethodWithArray(ReflectionUtils.java:164)
	at org.apache.maven.surefire.booter.ProviderFactory$ProviderProxy.invoke(ProviderFactory.java:110)
	at org.apache.maven.surefire.booter.SurefireStarter.invokeProvider(SurefireStarter.java:175)
	at org.apache.maven.surefire.booter.SurefireStarter.runSuitesInProcessWhenForked(SurefireStarter.java:107)
	at org.apache.maven.surefire.booter.ForkedBooter.main(ForkedBooter.java:68)
Caused by: org.openqa.selenium.remote.ErrorHandler$UnknownServerException: Window not found. The browser window may have been closed.
Build info: version: '2.35.0', revision: '8df0c6bedf70ff9f22c647788f9fe9c8d22210e2', time: '2013-08-17 12:46:41'
System info: os.name: 'Windows 7', os.arch: 'x86', os.version: '6.1', java.version: '1.7.0_25'
Driver info: driver.version: unknown
	at <anonymous class>.nsCommandProcessor.prototype.execute(file:///C:/Users/KARYNA~1.COM/AppData/Local/Temp/anonymous6071640569945134108webdriver-profile/extensions/fxdriver@googlecode.com/components/command_processor.js:10890)
	at <anonymous class>.Dispatcher.executeAs/<(file:///C:/Users/KARYNA~1.COM/AppData/Local/Temp/anonymous6071640569945134108webdriver-profile/extensions/fxdriver@googlecode.com/components/driver_component.js:7750)
	at <anonymous class>.Resource.prototype.handle(file:///C:/Users/KARYNA~1.COM/AppData/Local/Temp/anonymous6071640569945134108webdriver-profile/extensions/fxdriver@googlecode.com/components/driver_component.js:7896)
	at <anonymous class>.Dispatcher.prototype.dispatch(file:///C:/Users/KARYNA~1.COM/AppData/Local/Temp/anonymous6071640569945134108webdriver-profile/extensions/fxdriver@googlecode.com/components/driver_component.js:7843)
	at <anonymous class>.WebDriverServer/<.handle(file:///C:/Users/KARYNA~1.COM/AppData/Local/Temp/anonymous6071640569945134108webdriver-profile/extensions/fxdriver@googlecode.com/components/driver_component.js:10687)
	at <anonymous class>.createHandlerFunc/<(file:///C:/Users/KARYNA~1.COM/AppData/Local/Temp/anonymous6071640569945134108webdriver-profile/extensions/fxdriver@googlecode.com/components/httpd.js:1935)
	at <anonymous class>.ServerHandler.prototype.handleResponse(file:///C:/Users/KARYNA~1.COM/AppData/Local/Temp/anonymous6071640569945134108webdriver-profile/extensions/fxdriver@googlecode.com/components/httpd.js:2261)
	at <anonymous class>.Connection.prototype.process(file:///C:/Users/KARYNA~1.COM/AppData/Local/Temp/anonymous6071640569945134108webdriver-profile/extensions/fxdriver@googlecode.com/components/httpd.js:1168)
	at <anonymous class>.RequestReader.prototype._handleResponse(file:///C:/Users/KARYNA~1.COM/AppData/Local/Temp/anonymous6071640569945134108webdriver-profile/extensions/fxdriver@googlecode.com/components/httpd.js:1616)
	at <anonymous class>.RequestReader.prototype._processBody(file:///C:/Users/KARYNA~1.COM/AppData/Local/Temp/anonymous6071640569945134108webdriver-profile/extensions/fxdriver@googlecode.com/components/httpd.js:1464)
	at <anonymous class>.RequestReader.prototype.onInputStreamReady(file:///C:/Users/KARYNA~1.COM/AppData/Local/Temp/anonymous6071640569945134108webdriver-profile/extensions/fxdriver@googlecode.com/components/httpd.js:1333)
]]>
            </full-stacktrace>
          </exception>
        </test-method>
        <test-method status="PASS" signature="configuration()" name="configuration" is-config="true" duration-ms="5" started-at="2013-11-15T10:08:09Z" finished-at="2013-11-15T10:08:09Z">
        </test-method>
        <test-method status="FAIL" signature="testSortingByPrice(java.lang.String)" name="testSortingByPrice" duration-ms="1" started-at="2013-11-15T10:08:09Z" finished-at="2013-11-15T10:08:09Z">
          <params>
            <param index="0">
              <value>
                <![CDATA[Холодильники]]>
              </value>
            </param>
          </params>
          <exception class="org.openqa.selenium.remote.SessionNotFoundException">
            <message>
              <![CDATA[The FirefoxDriver cannot be used after quit() was called.
Build info: version: '2.35.0', revision: '8df0c6bedf70ff9f22c647788f9fe9c8d22210e2', time: '2013-08-17 12:46:41'
System info: os.name: 'Windows 7', os.arch: 'x86', os.version: '6.1', java.version: '1.7.0_25'
Driver info: driver.version: RemoteWebDriver]]>
            </message>
            <full-stacktrace>
              <![CDATA[org.openqa.selenium.remote.SessionNotFoundException: The FirefoxDriver cannot be used after quit() was called.
Build info: version: '2.35.0', revision: '8df0c6bedf70ff9f22c647788f9fe9c8d22210e2', time: '2013-08-17 12:46:41'
System info: os.name: 'Windows 7', os.arch: 'x86', os.version: '6.1', java.version: '1.7.0_25'
Driver info: driver.version: RemoteWebDriver
	at org.openqa.selenium.firefox.FirefoxDriver$LazyCommandExecutor.execute(FirefoxDriver.java:364)
	at org.openqa.selenium.remote.RemoteWebDriver.execute(RemoteWebDriver.java:527)
	at org.openqa.selenium.remote.RemoteWebDriver$RemoteWebDriverOptions$RemoteWindow.maximize(RemoteWebDriver.java:783)
	at com.epam.preproduction.tests.TestBase.goToMainPage(TestBase.java:40)
	at com.epam.preproduction.tests.SortingTest.testSortingByPrice(SortingTest.java:41)
	at sun.reflect.NativeMethodAccessorImpl.invoke0(Native Method)
	at sun.reflect.NativeMethodAccessorImpl.invoke(Unknown Source)
	at sun.reflect.DelegatingMethodAccessorImpl.invoke(Unknown Source)
	at java.lang.reflect.Method.invoke(Unknown Source)
	at org.testng.internal.MethodInvocationHelper.invokeMethod(MethodInvocationHelper.java:80)
	at org.testng.internal.Invoker.invokeMethod(Invoker.java:673)
	at org.testng.internal.Invoker.invokeTestMethod(Invoker.java:842)
	at org.testng.internal.Invoker.invokeTestMethods(Invoker.java:1166)
	at org.testng.internal.TestMethodWorker.invokeTestMethods(TestMethodWorker.java:125)
	at org.testng.internal.TestMethodWorker.run(TestMethodWorker.java:109)
	at org.testng.TestRunner.runWorkers(TestRunner.java:1178)
	at org.testng.TestRunner.privateRun(TestRunner.java:757)
	at org.testng.TestRunner.run(TestRunner.java:608)
	at org.testng.SuiteRunner.runTest(SuiteRunner.java:334)
	at org.testng.SuiteRunner.runSequentially(SuiteRunner.java:329)
	at org.testng.SuiteRunner.privateRun(SuiteRunner.java:291)
	at org.testng.SuiteRunner.run(SuiteRunner.java:240)
	at org.testng.SuiteRunnerWorker.runSuite(SuiteRunnerWorker.java:52)
	at org.testng.SuiteRunnerWorker.run(SuiteRunnerWorker.java:86)
	at org.testng.TestNG.runSuitesSequentially(TestNG.java:1158)
	at org.testng.TestNG.runSuitesLocally(TestNG.java:1083)
	at org.testng.TestNG.run(TestNG.java:999)
	at org.apache.maven.surefire.testng.TestNGExecutor.run(TestNGExecutor.java:122)
	at org.apache.maven.surefire.testng.TestNGXmlTestSuite.execute(TestNGXmlTestSuite.java:92)
	at org.apache.maven.surefire.testng.TestNGProvider.invoke(TestNGProvider.java:101)
	at sun.reflect.NativeMethodAccessorImpl.invoke0(Native Method)
	at sun.reflect.NativeMethodAccessorImpl.invoke(Unknown Source)
	at sun.reflect.DelegatingMethodAccessorImpl.invoke(Unknown Source)
	at java.lang.reflect.Method.invoke(Unknown Source)
	at org.apache.maven.surefire.util.ReflectionUtils.invokeMethodWithArray(ReflectionUtils.java:164)
	at org.apache.maven.surefire.booter.ProviderFactory$ProviderProxy.invoke(ProviderFactory.java:110)
	at org.apache.maven.surefire.booter.SurefireStarter.invokeProvider(SurefireStarter.java:175)
	at org.apache.maven.surefire.booter.SurefireStarter.runSuitesInProcessWhenForked(SurefireStarter.java:107)
	at org.apache.maven.surefire.booter.ForkedBooter.main(ForkedBooter.java:68)
]]>
            </full-stacktrace>
          </exception>
        </test-method>
      </class>
      <class name="com.epam.preproduction.tests.CheckItemInformation">
        <test-method status="PASS" signature="setUp()" name="setUp" is-config="true" duration-ms="1021" started-at="2013-11-15T10:05:47Z" finished-at="2013-11-15T10:05:48Z">
        </test-method>
        <test-method status="PASS" signature="configuration()" name="configuration" is-config="true" duration-ms="8" started-at="2013-11-15T10:05:48Z" finished-at="2013-11-15T10:05:48Z">
        </test-method>
        <test-method status="PASS" signature="testItemInformation(java.lang.String)" name="testItemInformation" duration-ms="35532" started-at="2013-11-15T10:05:48Z" finished-at="2013-11-15T10:06:24Z">
          <params>
            <param index="0">
              <value>
                <![CDATA[Кондиционеры]]>
              </value>
            </param>
          </params>
        </test-method>
      </class>
    </test>
  </suite>
</testng-results>
