<?xml version="1.0" encoding="UTF-8" ?>
<testsuite failures="1" time="203.876" errors="0" skipped="0" tests="1" name="TestSuite">
  <properties>
[...]
</properties>
  <testcase time="189.863" classname="com.epam.preproduction.tests.CheckPriceFilterTest" name="testFilterPrice">
    <failure message="Unable to locate element: {&quot;method&quot;:&quot;xpath&quot;,&quot;selector&quot;:&quot;//div[contains(text(),&apos;Минимальная цена&apos;)]/../div[2]/a[text()=&apos;7000&apos;]&quot;}
Command duration or timeout: 32.84 seconds
For documentation on this error, please visit: http://seleniumhq.org/exceptions/no_such_element.html
Build info: version: &apos;2.35.0&apos;, revision: &apos;8df0c6bedf70ff9f22c647788f9fe9c8d22210e2&apos;, time: &apos;2013-08-17 12:46:41&apos;
System info: os.name: &apos;Windows 7&apos;, os.arch: &apos;x86&apos;, os.version: &apos;6.1&apos;, java.version: &apos;1.7.0_25&apos;
Session ID: 0afd1359-6104-48da-ba3c-7e6a9c8b4483
Driver info: org.openqa.selenium.firefox.FirefoxDriver
Capabilities [{platform=XP, databaseEnabled=true, cssSelectorsEnabled=true, javascriptEnabled=true, acceptSslCerts=true, handlesAlerts=true, browserName=firefox, browserConnectionEnabled=true, nativeEvents=true, webStorageEnabled=true, rotatable=false, locationContextEnabled=true, applicationCacheEnabled=true, takesScreenshot=true, version=25.0}]" type="org.openqa.selenium.NoSuchElementException">org.openqa.selenium.NoSuchElementException: Unable to locate element: {&quot;method&quot;:&quot;xpath&quot;,&quot;selector&quot;:&quot;//div[contains(text(),&apos;Минимальная цена&apos;)]/../div[2]/a[text()=&apos;7000&apos;]&quot;}
Command duration or timeout: 32.84 seconds
For documentation on this error, please visit: http://seleniumhq.org/exceptions/no_such_element.html
Build info: version: &apos;2.35.0&apos;, revision: &apos;8df0c6bedf70ff9f22c647788f9fe9c8d22210e2&apos;, time: &apos;2013-08-17 12:46:41&apos;
System info: os.name: &apos;Windows 7&apos;, os.arch: &apos;x86&apos;, os.version: &apos;6.1&apos;, java.version: &apos;1.7.0_25&apos;
Session ID: 0afd1359-6104-48da-ba3c-7e6a9c8b4483
Driver info: org.openqa.selenium.firefox.FirefoxDriver
Capabilities [{platform=XP, databaseEnabled=true, cssSelectorsEnabled=true, javascriptEnabled=true, acceptSslCerts=true, handlesAlerts=true, browserName=firefox, browserConnectionEnabled=true, nativeEvents=true, webStorageEnabled=true, rotatable=false, locationContextEnabled=true, applicationCacheEnabled=true, takesScreenshot=true, version=25.0}]
	at sun.reflect.NativeConstructorAccessorImpl.newInstance0(Native Method)
	at sun.reflect.NativeConstructorAccessorImpl.newInstance(Unknown Source)
	at sun.reflect.DelegatingConstructorAccessorImpl.newInstance(Unknown Source)
	at java.lang.reflect.Constructor.newInstance(Unknown Source)
	at org.openqa.selenium.remote.ErrorHandler.createThrowable(ErrorHandler.java:191)
	at org.openqa.selenium.remote.ErrorHandler.throwIfResponseFailed(ErrorHandler.java:145)
	at org.openqa.selenium.remote.RemoteWebDriver.execute(RemoteWebDriver.java:554)
	at org.openqa.selenium.remote.RemoteWebDriver.findElement(RemoteWebDriver.java:307)
	at org.openqa.selenium.remote.RemoteWebDriver.findElementByXPath(RemoteWebDriver.java:404)
	at org.openqa.selenium.By$ByXPath.findElement(By.java:344)
	at org.openqa.selenium.remote.RemoteWebDriver.findElement(RemoteWebDriver.java:299)
	at com.epam.preproduction.pages.PricePage.clickAtPriceFilters(PricePage.java:36)
	at com.epam.preproduction.helpers.PriceFilterTestHelper.verifyPriceFilter(PriceFilterTestHelper.java:46)
	at com.epam.preproduction.tests.CheckPriceFilterTest.testFilterPrice(CheckPriceFilterTest.java:41)
Caused by: org.openqa.selenium.remote.ErrorHandler$UnknownServerException: Unable to locate element: {&quot;method&quot;:&quot;xpath&quot;,&quot;selector&quot;:&quot;//div[contains(text(),&apos;Минимальная цена&apos;)]/../div[2]/a[text()=&apos;7000&apos;]&quot;}
Build info: version: &apos;2.35.0&apos;, revision: &apos;8df0c6bedf70ff9f22c647788f9fe9c8d22210e2&apos;, time: &apos;2013-08-17 12:46:41&apos;
System info: os.name: &apos;Windows 7&apos;, os.arch: &apos;x86&apos;, os.version: &apos;6.1&apos;, java.version: &apos;1.7.0_25&apos;
Driver info: driver.version: unknown
	at &lt;anonymous class&gt;.FirefoxDriver.prototype.findElementInternal_(file:///C:/Users/KARYNA~1.COM/AppData/Local/Temp/anonymous8102443749881929876webdriver-profile/extensions/fxdriver@googlecode.com/components/driver_component.js:8880)
	at &lt;anonymous class&gt;.fxdriver.Timer.prototype.setTimeout/&lt;.notify(file:///C:/Users/KARYNA~1.COM/AppData/Local/Temp/anonymous8102443749881929876webdriver-profile/extensions/fxdriver@googlecode.com/components/driver_component.js:396)
</failure>
    <system-out>==start==&gt;setUp
===end===&gt;setUp
[[[FirefoxDriver: firefox on XP (0afd1359-6104-48da-ba3c-7e6a9c8b4483)] -&gt; xpath: //div[@class=&apos;item&apos;]], [[FirefoxDriver: firefox on XP (0afd1359-6104-48da-ba3c-7e6a9c8b4483)] -&gt; xpath: //div[@class=&apos;item&apos;]], [[FirefoxDriver: firefox on XP (0afd1359-6104-48da-ba3c-7e6a9c8b4483)] -&gt; xpath: //div[@class=&apos;item&apos;]], [[FirefoxDriver: firefox on XP (0afd1359-6104-48da-ba3c-7e6a9c8b4483)] -&gt; xpath: //div[@class=&apos;item&apos;]], [[FirefoxDriver: firefox on XP (0afd1359-6104-48da-ba3c-7e6a9c8b4483)] -&gt; xpath: //div[@class=&apos;item&apos;]], [[FirefoxDriver: firefox on XP (0afd1359-6104-48da-ba3c-7e6a9c8b4483)] -&gt; xpath: //div[@class=&apos;item&apos;]], [[FirefoxDriver: firefox on XP (0afd1359-6104-48da-ba3c-7e6a9c8b4483)] -&gt; xpath: //div[@class=&apos;item&apos;]], [[FirefoxDriver: firefox on XP (0afd1359-6104-48da-ba3c-7e6a9c8b4483)] -&gt; xpath: //div[@class=&apos;item&apos;]], [[FirefoxDriver: firefox on XP (0afd1359-6104-48da-ba3c-7e6a9c8b4483)] -&gt; xpath: //div[@class=&apos;item&apos;]], [[FirefoxDriver: firefox on XP (0afd1359-6104-48da-ba3c-7e6a9c8b4483)] -&gt; xpath: //div[@class=&apos;item&apos;]], [[FirefoxDriver: firefox on XP (0afd1359-6104-48da-ba3c-7e6a9c8b4483)] -&gt; xpath: //div[@class=&apos;item&apos;]], [[FirefoxDriver: firefox on XP (0afd1359-6104-48da-ba3c-7e6a9c8b4483)] -&gt; xpath: //div[@class=&apos;item&apos;]], [[FirefoxDriver: firefox on XP (0afd1359-6104-48da-ba3c-7e6a9c8b4483)] -&gt; xpath: //div[@class=&apos;item&apos;]], [[FirefoxDriver: firefox on XP (0afd1359-6104-48da-ba3c-7e6a9c8b4483)] -&gt; xpath: //div[@class=&apos;item&apos;]], [[FirefoxDriver: firefox on XP (0afd1359-6104-48da-ba3c-7e6a9c8b4483)] -&gt; xpath: //div[@class=&apos;item&apos;]], [[FirefoxDriver: firefox on XP (0afd1359-6104-48da-ba3c-7e6a9c8b4483)] -&gt; xpath: //div[@class=&apos;item&apos;]], [[FirefoxDriver: firefox on XP (0afd1359-6104-48da-ba3c-7e6a9c8b4483)] -&gt; xpath: //div[@class=&apos;item&apos;]], [[FirefoxDriver: firefox on XP (0afd1359-6104-48da-ba3c-7e6a9c8b4483)] -&gt; xpath: //div[@class=&apos;item&apos;]], [[FirefoxDriver: firefox on XP (0afd1359-6104-48da-ba3c-7e6a9c8b4483)] -&gt; xpath: //div[@class=&apos;item&apos;]], [[FirefoxDriver: firefox on XP (0afd1359-6104-48da-ba3c-7e6a9c8b4483)] -&gt; xpath: //div[@class=&apos;item&apos;]]]
allMachines.size: 20
[[[FirefoxDriver: firefox on XP (0afd1359-6104-48da-ba3c-7e6a9c8b4483)] -&gt; xpath: //div[@class=&apos;item&apos;]], [[FirefoxDriver: firefox on XP (0afd1359-6104-48da-ba3c-7e6a9c8b4483)] -&gt; xpath: //div[@class=&apos;item&apos;]], [[FirefoxDriver: firefox on XP (0afd1359-6104-48da-ba3c-7e6a9c8b4483)] -&gt; xpath: //div[@class=&apos;item&apos;]], [[FirefoxDriver: firefox on XP (0afd1359-6104-48da-ba3c-7e6a9c8b4483)] -&gt; xpath: //div[@class=&apos;item&apos;]], [[FirefoxDriver: firefox on XP (0afd1359-6104-48da-ba3c-7e6a9c8b4483)] -&gt; xpath: //div[@class=&apos;item&apos;]], [[FirefoxDriver: firefox on XP (0afd1359-6104-48da-ba3c-7e6a9c8b4483)] -&gt; xpath: //div[@class=&apos;item&apos;]], [[FirefoxDriver: firefox on XP (0afd1359-6104-48da-ba3c-7e6a9c8b4483)] -&gt; xpath: //div[@class=&apos;item&apos;]], [[FirefoxDriver: firefox on XP (0afd1359-6104-48da-ba3c-7e6a9c8b4483)] -&gt; xpath: //div[@class=&apos;item&apos;]], [[FirefoxDriver: firefox on XP (0afd1359-6104-48da-ba3c-7e6a9c8b4483)] -&gt; xpath: //div[@class=&apos;item&apos;]], [[FirefoxDriver: firefox on XP (0afd1359-6104-48da-ba3c-7e6a9c8b4483)] -&gt; xpath: //div[@class=&apos;item&apos;]], [[FirefoxDriver: firefox on XP (0afd1359-6104-48da-ba3c-7e6a9c8b4483)] -&gt; xpath: //div[@class=&apos;item&apos;]], [[FirefoxDriver: firefox on XP (0afd1359-6104-48da-ba3c-7e6a9c8b4483)] -&gt; xpath: //div[@class=&apos;item&apos;]], [[FirefoxDriver: firefox on XP (0afd1359-6104-48da-ba3c-7e6a9c8b4483)] -&gt; xpath: //div[@class=&apos;item&apos;]], [[FirefoxDriver: firefox on XP (0afd1359-6104-48da-ba3c-7e6a9c8b4483)] -&gt; xpath: //div[@class=&apos;item&apos;]], [[FirefoxDriver: firefox on XP (0afd1359-6104-48da-ba3c-7e6a9c8b4483)] -&gt; xpath: //div[@class=&apos;item&apos;]], [[FirefoxDriver: firefox on XP (0afd1359-6104-48da-ba3c-7e6a9c8b4483)] -&gt; xpath: //div[@class=&apos;item&apos;]], [[FirefoxDriver: firefox on XP (0afd1359-6104-48da-ba3c-7e6a9c8b4483)] -&gt; xpath: //div[@class=&apos;item&apos;]], [[FirefoxDriver: firefox on XP (0afd1359-6104-48da-ba3c-7e6a9c8b4483)] -&gt; xpath: //div[@class=&apos;item&apos;]], [[FirefoxDriver: firefox on XP (0afd1359-6104-48da-ba3c-7e6a9c8b4483)] -&gt; xpath: //div[@class=&apos;item&apos;]], [[FirefoxDriver: firefox on XP (0afd1359-6104-48da-ba3c-7e6a9c8b4483)] -&gt; xpath: //div[@class=&apos;item&apos;]]]
allMachines.size: 40
[[[FirefoxDriver: firefox on XP (0afd1359-6104-48da-ba3c-7e6a9c8b4483)] -&gt; xpath: //div[@class=&apos;item&apos;]], [[FirefoxDriver: firefox on XP (0afd1359-6104-48da-ba3c-7e6a9c8b4483)] -&gt; xpath: //div[@class=&apos;item&apos;]], [[FirefoxDriver: firefox on XP (0afd1359-6104-48da-ba3c-7e6a9c8b4483)] -&gt; xpath: //div[@class=&apos;item&apos;]], [[FirefoxDriver: firefox on XP (0afd1359-6104-48da-ba3c-7e6a9c8b4483)] -&gt; xpath: //div[@class=&apos;item&apos;]], [[FirefoxDriver: firefox on XP (0afd1359-6104-48da-ba3c-7e6a9c8b4483)] -&gt; xpath: //div[@class=&apos;item&apos;]], [[FirefoxDriver: firefox on XP (0afd1359-6104-48da-ba3c-7e6a9c8b4483)] -&gt; xpath: //div[@class=&apos;item&apos;]], [[FirefoxDriver: firefox on XP (0afd1359-6104-48da-ba3c-7e6a9c8b4483)] -&gt; xpath: //div[@class=&apos;item&apos;]], [[FirefoxDriver: firefox on XP (0afd1359-6104-48da-ba3c-7e6a9c8b4483)] -&gt; xpath: //div[@class=&apos;item&apos;]], [[FirefoxDriver: firefox on XP (0afd1359-6104-48da-ba3c-7e6a9c8b4483)] -&gt; xpath: //div[@class=&apos;item&apos;]], [[FirefoxDriver: firefox on XP (0afd1359-6104-48da-ba3c-7e6a9c8b4483)] -&gt; xpath: //div[@class=&apos;item&apos;]], [[FirefoxDriver: firefox on XP (0afd1359-6104-48da-ba3c-7e6a9c8b4483)] -&gt; xpath: //div[@class=&apos;item&apos;]], [[FirefoxDriver: firefox on XP (0afd1359-6104-48da-ba3c-7e6a9c8b4483)] -&gt; xpath: //div[@class=&apos;item&apos;]], [[FirefoxDriver: firefox on XP (0afd1359-6104-48da-ba3c-7e6a9c8b4483)] -&gt; xpath: //div[@class=&apos;item&apos;]], [[FirefoxDriver: firefox on XP (0afd1359-6104-48da-ba3c-7e6a9c8b4483)] -&gt; xpath: //div[@class=&apos;item&apos;]], [[FirefoxDriver: firefox on XP (0afd1359-6104-48da-ba3c-7e6a9c8b4483)] -&gt; xpath: //div[@class=&apos;item&apos;]], [[FirefoxDriver: firefox on XP (0afd1359-6104-48da-ba3c-7e6a9c8b4483)] -&gt; xpath: //div[@class=&apos;item&apos;]], [[FirefoxDriver: firefox on XP (0afd1359-6104-48da-ba3c-7e6a9c8b4483)] -&gt; xpath: //div[@class=&apos;item&apos;]], [[FirefoxDriver: firefox on XP (0afd1359-6104-48da-ba3c-7e6a9c8b4483)] -&gt; xpath: //div[@class=&apos;item&apos;]], [[FirefoxDriver: firefox on XP (0afd1359-6104-48da-ba3c-7e6a9c8b4483)] -&gt; xpath: //div[@class=&apos;item&apos;]], [[FirefoxDriver: firefox on XP (0afd1359-6104-48da-ba3c-7e6a9c8b4483)] -&gt; xpath: //div[@class=&apos;item&apos;]]]
allMachines.size: 60
[[[FirefoxDriver: firefox on XP (0afd1359-6104-48da-ba3c-7e6a9c8b4483)] -&gt; xpath: //div[@class=&apos;item&apos;]], [[FirefoxDriver: firefox on XP (0afd1359-6104-48da-ba3c-7e6a9c8b4483)] -&gt; xpath: //div[@class=&apos;item&apos;]], [[FirefoxDriver: firefox on XP (0afd1359-6104-48da-ba3c-7e6a9c8b4483)] -&gt; xpath: //div[@class=&apos;item&apos;]], [[FirefoxDriver: firefox on XP (0afd1359-6104-48da-ba3c-7e6a9c8b4483)] -&gt; xpath: //div[@class=&apos;item&apos;]], [[FirefoxDriver: firefox on XP (0afd1359-6104-48da-ba3c-7e6a9c8b4483)] -&gt; xpath: //div[@class=&apos;item&apos;]], [[FirefoxDriver: firefox on XP (0afd1359-6104-48da-ba3c-7e6a9c8b4483)] -&gt; xpath: //div[@class=&apos;item&apos;]], [[FirefoxDriver: firefox on XP (0afd1359-6104-48da-ba3c-7e6a9c8b4483)] -&gt; xpath: //div[@class=&apos;item&apos;]], [[FirefoxDriver: firefox on XP (0afd1359-6104-48da-ba3c-7e6a9c8b4483)] -&gt; xpath: //div[@class=&apos;item&apos;]], [[FirefoxDriver: firefox on XP (0afd1359-6104-48da-ba3c-7e6a9c8b4483)] -&gt; xpath: //div[@class=&apos;item&apos;]], [[FirefoxDriver: firefox on XP (0afd1359-6104-48da-ba3c-7e6a9c8b4483)] -&gt; xpath: //div[@class=&apos;item&apos;]], [[FirefoxDriver: firefox on XP (0afd1359-6104-48da-ba3c-7e6a9c8b4483)] -&gt; xpath: //div[@class=&apos;item&apos;]], [[FirefoxDriver: firefox on XP (0afd1359-6104-48da-ba3c-7e6a9c8b4483)] -&gt; xpath: //div[@class=&apos;item&apos;]], [[FirefoxDriver: firefox on XP (0afd1359-6104-48da-ba3c-7e6a9c8b4483)] -&gt; xpath: //div[@class=&apos;item&apos;]], [[FirefoxDriver: firefox on XP (0afd1359-6104-48da-ba3c-7e6a9c8b4483)] -&gt; xpath: //div[@class=&apos;item&apos;]], [[FirefoxDriver: firefox on XP (0afd1359-6104-48da-ba3c-7e6a9c8b4483)] -&gt; xpath: //div[@class=&apos;item&apos;]], [[FirefoxDriver: firefox on XP (0afd1359-6104-48da-ba3c-7e6a9c8b4483)] -&gt; xpath: //div[@class=&apos;item&apos;]], [[FirefoxDriver: firefox on XP (0afd1359-6104-48da-ba3c-7e6a9c8b4483)] -&gt; xpath: //div[@class=&apos;item&apos;]], [[FirefoxDriver: firefox on XP (0afd1359-6104-48da-ba3c-7e6a9c8b4483)] -&gt; xpath: //div[@class=&apos;item&apos;]], [[FirefoxDriver: firefox on XP (0afd1359-6104-48da-ba3c-7e6a9c8b4483)] -&gt; xpath: //div[@class=&apos;item&apos;]], [[FirefoxDriver: firefox on XP (0afd1359-6104-48da-ba3c-7e6a9c8b4483)] -&gt; xpath: //div[@class=&apos;item&apos;]]]
allMachines.size: 80
[[[FirefoxDriver: firefox on XP (0afd1359-6104-48da-ba3c-7e6a9c8b4483)] -&gt; xpath: //div[@class=&apos;item&apos;]], [[FirefoxDriver: firefox on XP (0afd1359-6104-48da-ba3c-7e6a9c8b4483)] -&gt; xpath: //div[@class=&apos;item&apos;]], [[FirefoxDriver: firefox on XP (0afd1359-6104-48da-ba3c-7e6a9c8b4483)] -&gt; xpath: //div[@class=&apos;item&apos;]], [[FirefoxDriver: firefox on XP (0afd1359-6104-48da-ba3c-7e6a9c8b4483)] -&gt; xpath: //div[@class=&apos;item&apos;]], [[FirefoxDriver: firefox on XP (0afd1359-6104-48da-ba3c-7e6a9c8b4483)] -&gt; xpath: //div[@class=&apos;item&apos;]], [[FirefoxDriver: firefox on XP (0afd1359-6104-48da-ba3c-7e6a9c8b4483)] -&gt; xpath: //div[@class=&apos;item&apos;]], [[FirefoxDriver: firefox on XP (0afd1359-6104-48da-ba3c-7e6a9c8b4483)] -&gt; xpath: //div[@class=&apos;item&apos;]], [[FirefoxDriver: firefox on XP (0afd1359-6104-48da-ba3c-7e6a9c8b4483)] -&gt; xpath: //div[@class=&apos;item&apos;]], [[FirefoxDriver: firefox on XP (0afd1359-6104-48da-ba3c-7e6a9c8b4483)] -&gt; xpath: //div[@class=&apos;item&apos;]], [[FirefoxDriver: firefox on XP (0afd1359-6104-48da-ba3c-7e6a9c8b4483)] -&gt; xpath: //div[@class=&apos;item&apos;]], [[FirefoxDriver: firefox on XP (0afd1359-6104-48da-ba3c-7e6a9c8b4483)] -&gt; xpath: //div[@class=&apos;item&apos;]], [[FirefoxDriver: firefox on XP (0afd1359-6104-48da-ba3c-7e6a9c8b4483)] -&gt; xpath: //div[@class=&apos;item&apos;]], [[FirefoxDriver: firefox on XP (0afd1359-6104-48da-ba3c-7e6a9c8b4483)] -&gt; xpath: //div[@class=&apos;item&apos;]], [[FirefoxDriver: firefox on XP (0afd1359-6104-48da-ba3c-7e6a9c8b4483)] -&gt; xpath: //div[@class=&apos;item&apos;]], [[FirefoxDriver: firefox on XP (0afd1359-6104-48da-ba3c-7e6a9c8b4483)] -&gt; xpath: //div[@class=&apos;item&apos;]], [[FirefoxDriver: firefox on XP (0afd1359-6104-48da-ba3c-7e6a9c8b4483)] -&gt; xpath: //div[@class=&apos;item&apos;]], [[FirefoxDriver: firefox on XP (0afd1359-6104-48da-ba3c-7e6a9c8b4483)] -&gt; xpath: //div[@class=&apos;item&apos;]], [[FirefoxDriver: firefox on XP (0afd1359-6104-48da-ba3c-7e6a9c8b4483)] -&gt; xpath: //div[@class=&apos;item&apos;]], [[FirefoxDriver: firefox on XP (0afd1359-6104-48da-ba3c-7e6a9c8b4483)] -&gt; xpath: //div[@class=&apos;item&apos;]], [[FirefoxDriver: firefox on XP (0afd1359-6104-48da-ba3c-7e6a9c8b4483)] -&gt; xpath: //div[@class=&apos;item&apos;]]]
allMachines.size: 100
[[[FirefoxDriver: firefox on XP (0afd1359-6104-48da-ba3c-7e6a9c8b4483)] -&gt; xpath: //div[@class=&apos;item&apos;]], [[FirefoxDriver: firefox on XP (0afd1359-6104-48da-ba3c-7e6a9c8b4483)] -&gt; xpath: //div[@class=&apos;item&apos;]], [[FirefoxDriver: firefox on XP (0afd1359-6104-48da-ba3c-7e6a9c8b4483)] -&gt; xpath: //div[@class=&apos;item&apos;]], [[FirefoxDriver: firefox on XP (0afd1359-6104-48da-ba3c-7e6a9c8b4483)] -&gt; xpath: //div[@class=&apos;item&apos;]], [[FirefoxDriver: firefox on XP (0afd1359-6104-48da-ba3c-7e6a9c8b4483)] -&gt; xpath: //div[@class=&apos;item&apos;]], [[FirefoxDriver: firefox on XP (0afd1359-6104-48da-ba3c-7e6a9c8b4483)] -&gt; xpath: //div[@class=&apos;item&apos;]], [[FirefoxDriver: firefox on XP (0afd1359-6104-48da-ba3c-7e6a9c8b4483)] -&gt; xpath: //div[@class=&apos;item&apos;]], [[FirefoxDriver: firefox on XP (0afd1359-6104-48da-ba3c-7e6a9c8b4483)] -&gt; xpath: //div[@class=&apos;item&apos;]], [[FirefoxDriver: firefox on XP (0afd1359-6104-48da-ba3c-7e6a9c8b4483)] -&gt; xpath: //div[@class=&apos;item&apos;]], [[FirefoxDriver: firefox on XP (0afd1359-6104-48da-ba3c-7e6a9c8b4483)] -&gt; xpath: //div[@class=&apos;item&apos;]], [[FirefoxDriver: firefox on XP (0afd1359-6104-48da-ba3c-7e6a9c8b4483)] -&gt; xpath: //div[@class=&apos;item&apos;]], [[FirefoxDriver: firefox on XP (0afd1359-6104-48da-ba3c-7e6a9c8b4483)] -&gt; xpath: //div[@class=&apos;item&apos;]], [[FirefoxDriver: firefox on XP (0afd1359-6104-48da-ba3c-7e6a9c8b4483)] -&gt; xpath: //div[@class=&apos;item&apos;]], [[FirefoxDriver: firefox on XP (0afd1359-6104-48da-ba3c-7e6a9c8b4483)] -&gt; xpath: //div[@class=&apos;item&apos;]], [[FirefoxDriver: firefox on XP (0afd1359-6104-48da-ba3c-7e6a9c8b4483)] -&gt; xpath: //div[@class=&apos;item&apos;]], [[FirefoxDriver: firefox on XP (0afd1359-6104-48da-ba3c-7e6a9c8b4483)] -&gt; xpath: //div[@class=&apos;item&apos;]], [[FirefoxDriver: firefox on XP (0afd1359-6104-48da-ba3c-7e6a9c8b4483)] -&gt; xpath: //div[@class=&apos;item&apos;]], [[FirefoxDriver: firefox on XP (0afd1359-6104-48da-ba3c-7e6a9c8b4483)] -&gt; xpath: //div[@class=&apos;item&apos;]], [[FirefoxDriver: firefox on XP (0afd1359-6104-48da-ba3c-7e6a9c8b4483)] -&gt; xpath: //div[@class=&apos;item&apos;]], [[FirefoxDriver: firefox on XP (0afd1359-6104-48da-ba3c-7e6a9c8b4483)] -&gt; xpath: //div[@class=&apos;item&apos;]]]
allMachines.size: 120
[[[FirefoxDriver: firefox on XP (0afd1359-6104-48da-ba3c-7e6a9c8b4483)] -&gt; xpath: //div[@class=&apos;item&apos;]], [[FirefoxDriver: firefox on XP (0afd1359-6104-48da-ba3c-7e6a9c8b4483)] -&gt; xpath: //div[@class=&apos;item&apos;]], [[FirefoxDriver: firefox on XP (0afd1359-6104-48da-ba3c-7e6a9c8b4483)] -&gt; xpath: //div[@class=&apos;item&apos;]], [[FirefoxDriver: firefox on XP (0afd1359-6104-48da-ba3c-7e6a9c8b4483)] -&gt; xpath: //div[@class=&apos;item&apos;]], [[FirefoxDriver: firefox on XP (0afd1359-6104-48da-ba3c-7e6a9c8b4483)] -&gt; xpath: //div[@class=&apos;item&apos;]], [[FirefoxDriver: firefox on XP (0afd1359-6104-48da-ba3c-7e6a9c8b4483)] -&gt; xpath: //div[@class=&apos;item&apos;]], [[FirefoxDriver: firefox on XP (0afd1359-6104-48da-ba3c-7e6a9c8b4483)] -&gt; xpath: //div[@class=&apos;item&apos;]], [[FirefoxDriver: firefox on XP (0afd1359-6104-48da-ba3c-7e6a9c8b4483)] -&gt; xpath: //div[@class=&apos;item&apos;]], [[FirefoxDriver: firefox on XP (0afd1359-6104-48da-ba3c-7e6a9c8b4483)] -&gt; xpath: //div[@class=&apos;item&apos;]], [[FirefoxDriver: firefox on XP (0afd1359-6104-48da-ba3c-7e6a9c8b4483)] -&gt; xpath: //div[@class=&apos;item&apos;]], [[FirefoxDriver: firefox on XP (0afd1359-6104-48da-ba3c-7e6a9c8b4483)] -&gt; xpath: //div[@class=&apos;item&apos;]], [[FirefoxDriver: firefox on XP (0afd1359-6104-48da-ba3c-7e6a9c8b4483)] -&gt; xpath: //div[@class=&apos;item&apos;]], [[FirefoxDriver: firefox on XP (0afd1359-6104-48da-ba3c-7e6a9c8b4483)] -&gt; xpath: //div[@class=&apos;item&apos;]], [[FirefoxDriver: firefox on XP (0afd1359-6104-48da-ba3c-7e6a9c8b4483)] -&gt; xpath: //div[@class=&apos;item&apos;]], [[FirefoxDriver: firefox on XP (0afd1359-6104-48da-ba3c-7e6a9c8b4483)] -&gt; xpath: //div[@class=&apos;item&apos;]], [[FirefoxDriver: firefox on XP (0afd1359-6104-48da-ba3c-7e6a9c8b4483)] -&gt; xpath: //div[@class=&apos;item&apos;]], [[FirefoxDriver: firefox on XP (0afd1359-6104-48da-ba3c-7e6a9c8b4483)] -&gt; xpath: //div[@class=&apos;item&apos;]], [[FirefoxDriver: firefox on XP (0afd1359-6104-48da-ba3c-7e6a9c8b4483)] -&gt; xpath: //div[@class=&apos;item&apos;]], [[FirefoxDriver: firefox on XP (0afd1359-6104-48da-ba3c-7e6a9c8b4483)] -&gt; xpath: //div[@class=&apos;item&apos;]], [[FirefoxDriver: firefox on XP (0afd1359-6104-48da-ba3c-7e6a9c8b4483)] -&gt; xpath: //div[@class=&apos;item&apos;]]]
allMachines.size: 140
[[[FirefoxDriver: firefox on XP (0afd1359-6104-48da-ba3c-7e6a9c8b4483)] -&gt; xpath: //div[@class=&apos;item&apos;]], [[FirefoxDriver: firefox on XP (0afd1359-6104-48da-ba3c-7e6a9c8b4483)] -&gt; xpath: //div[@class=&apos;item&apos;]], [[FirefoxDriver: firefox on XP (0afd1359-6104-48da-ba3c-7e6a9c8b4483)] -&gt; xpath: //div[@class=&apos;item&apos;]], [[FirefoxDriver: firefox on XP (0afd1359-6104-48da-ba3c-7e6a9c8b4483)] -&gt; xpath: //div[@class=&apos;item&apos;]], [[FirefoxDriver: firefox on XP (0afd1359-6104-48da-ba3c-7e6a9c8b4483)] -&gt; xpath: //div[@class=&apos;item&apos;]], [[FirefoxDriver: firefox on XP (0afd1359-6104-48da-ba3c-7e6a9c8b4483)] -&gt; xpath: //div[@class=&apos;item&apos;]], [[FirefoxDriver: firefox on XP (0afd1359-6104-48da-ba3c-7e6a9c8b4483)] -&gt; xpath: //div[@class=&apos;item&apos;]], [[FirefoxDriver: firefox on XP (0afd1359-6104-48da-ba3c-7e6a9c8b4483)] -&gt; xpath: //div[@class=&apos;item&apos;]], [[FirefoxDriver: firefox on XP (0afd1359-6104-48da-ba3c-7e6a9c8b4483)] -&gt; xpath: //div[@class=&apos;item&apos;]], [[FirefoxDriver: firefox on XP (0afd1359-6104-48da-ba3c-7e6a9c8b4483)] -&gt; xpath: //div[@class=&apos;item&apos;]], [[FirefoxDriver: firefox on XP (0afd1359-6104-48da-ba3c-7e6a9c8b4483)] -&gt; xpath: //div[@class=&apos;item&apos;]], [[FirefoxDriver: firefox on XP (0afd1359-6104-48da-ba3c-7e6a9c8b4483)] -&gt; xpath: //div[@class=&apos;item&apos;]], [[FirefoxDriver: firefox on XP (0afd1359-6104-48da-ba3c-7e6a9c8b4483)] -&gt; xpath: //div[@class=&apos;item&apos;]], [[FirefoxDriver: firefox on XP (0afd1359-6104-48da-ba3c-7e6a9c8b4483)] -&gt; xpath: //div[@class=&apos;item&apos;]], [[FirefoxDriver: firefox on XP (0afd1359-6104-48da-ba3c-7e6a9c8b4483)] -&gt; xpath: //div[@class=&apos;item&apos;]], [[FirefoxDriver: firefox on XP (0afd1359-6104-48da-ba3c-7e6a9c8b4483)] -&gt; xpath: //div[@class=&apos;item&apos;]], [[FirefoxDriver: firefox on XP (0afd1359-6104-48da-ba3c-7e6a9c8b4483)] -&gt; xpath: //div[@class=&apos;item&apos;]], [[FirefoxDriver: firefox on XP (0afd1359-6104-48da-ba3c-7e6a9c8b4483)] -&gt; xpath: //div[@class=&apos;item&apos;]], [[FirefoxDriver: firefox on XP (0afd1359-6104-48da-ba3c-7e6a9c8b4483)] -&gt; xpath: //div[@class=&apos;item&apos;]], [[FirefoxDriver: firefox on XP (0afd1359-6104-48da-ba3c-7e6a9c8b4483)] -&gt; xpath: //div[@class=&apos;item&apos;]]]
allMachines.size: 160
[[[FirefoxDriver: firefox on XP (0afd1359-6104-48da-ba3c-7e6a9c8b4483)] -&gt; xpath: //div[@class=&apos;item&apos;]], [[FirefoxDriver: firefox on XP (0afd1359-6104-48da-ba3c-7e6a9c8b4483)] -&gt; xpath: //div[@class=&apos;item&apos;]], [[FirefoxDriver: firefox on XP (0afd1359-6104-48da-ba3c-7e6a9c8b4483)] -&gt; xpath: //div[@class=&apos;item&apos;]], [[FirefoxDriver: firefox on XP (0afd1359-6104-48da-ba3c-7e6a9c8b4483)] -&gt; xpath: //div[@class=&apos;item&apos;]], [[FirefoxDriver: firefox on XP (0afd1359-6104-48da-ba3c-7e6a9c8b4483)] -&gt; xpath: //div[@class=&apos;item&apos;]], [[FirefoxDriver: firefox on XP (0afd1359-6104-48da-ba3c-7e6a9c8b4483)] -&gt; xpath: //div[@class=&apos;item&apos;]], [[FirefoxDriver: firefox on XP (0afd1359-6104-48da-ba3c-7e6a9c8b4483)] -&gt; xpath: //div[@class=&apos;item&apos;]], [[FirefoxDriver: firefox on XP (0afd1359-6104-48da-ba3c-7e6a9c8b4483)] -&gt; xpath: //div[@class=&apos;item&apos;]], [[FirefoxDriver: firefox on XP (0afd1359-6104-48da-ba3c-7e6a9c8b4483)] -&gt; xpath: //div[@class=&apos;item&apos;]], [[FirefoxDriver: firefox on XP (0afd1359-6104-48da-ba3c-7e6a9c8b4483)] -&gt; xpath: //div[@class=&apos;item&apos;]], [[FirefoxDriver: firefox on XP (0afd1359-6104-48da-ba3c-7e6a9c8b4483)] -&gt; xpath: //div[@class=&apos;item&apos;]], [[FirefoxDriver: firefox on XP (0afd1359-6104-48da-ba3c-7e6a9c8b4483)] -&gt; xpath: //div[@class=&apos;item&apos;]], [[FirefoxDriver: firefox on XP (0afd1359-6104-48da-ba3c-7e6a9c8b4483)] -&gt; xpath: //div[@class=&apos;item&apos;]], [[FirefoxDriver: firefox on XP (0afd1359-6104-48da-ba3c-7e6a9c8b4483)] -&gt; xpath: //div[@class=&apos;item&apos;]], [[FirefoxDriver: firefox on XP (0afd1359-6104-48da-ba3c-7e6a9c8b4483)] -&gt; xpath: //div[@class=&apos;item&apos;]], [[FirefoxDriver: firefox on XP (0afd1359-6104-48da-ba3c-7e6a9c8b4483)] -&gt; xpath: //div[@class=&apos;item&apos;]], [[FirefoxDriver: firefox on XP (0afd1359-6104-48da-ba3c-7e6a9c8b4483)] -&gt; xpath: //div[@class=&apos;item&apos;]], [[FirefoxDriver: firefox on XP (0afd1359-6104-48da-ba3c-7e6a9c8b4483)] -&gt; xpath: //div[@class=&apos;item&apos;]], [[FirefoxDriver: firefox on XP (0afd1359-6104-48da-ba3c-7e6a9c8b4483)] -&gt; xpath: //div[@class=&apos;item&apos;]], [[FirefoxDriver: firefox on XP (0afd1359-6104-48da-ba3c-7e6a9c8b4483)] -&gt; xpath: //div[@class=&apos;item&apos;]]]
allMachines.size: 180
[[[FirefoxDriver: firefox on XP (0afd1359-6104-48da-ba3c-7e6a9c8b4483)] -&gt; xpath: //div[@class=&apos;item&apos;]], [[FirefoxDriver: firefox on XP (0afd1359-6104-48da-ba3c-7e6a9c8b4483)] -&gt; xpath: //div[@class=&apos;item&apos;]], [[FirefoxDriver: firefox on XP (0afd1359-6104-48da-ba3c-7e6a9c8b4483)] -&gt; xpath: //div[@class=&apos;item&apos;]], [[FirefoxDriver: firefox on XP (0afd1359-6104-48da-ba3c-7e6a9c8b4483)] -&gt; xpath: //div[@class=&apos;item&apos;]], [[FirefoxDriver: firefox on XP (0afd1359-6104-48da-ba3c-7e6a9c8b4483)] -&gt; xpath: //div[@class=&apos;item&apos;]], [[FirefoxDriver: firefox on XP (0afd1359-6104-48da-ba3c-7e6a9c8b4483)] -&gt; xpath: //div[@class=&apos;item&apos;]], [[FirefoxDriver: firefox on XP (0afd1359-6104-48da-ba3c-7e6a9c8b4483)] -&gt; xpath: //div[@class=&apos;item&apos;]], [[FirefoxDriver: firefox on XP (0afd1359-6104-48da-ba3c-7e6a9c8b4483)] -&gt; xpath: //div[@class=&apos;item&apos;]], [[FirefoxDriver: firefox on XP (0afd1359-6104-48da-ba3c-7e6a9c8b4483)] -&gt; xpath: //div[@class=&apos;item&apos;]], [[FirefoxDriver: firefox on XP (0afd1359-6104-48da-ba3c-7e6a9c8b4483)] -&gt; xpath: //div[@class=&apos;item&apos;]], [[FirefoxDriver: firefox on XP (0afd1359-6104-48da-ba3c-7e6a9c8b4483)] -&gt; xpath: //div[@class=&apos;item&apos;]], [[FirefoxDriver: firefox on XP (0afd1359-6104-48da-ba3c-7e6a9c8b4483)] -&gt; xpath: //div[@class=&apos;item&apos;]], [[FirefoxDriver: firefox on XP (0afd1359-6104-48da-ba3c-7e6a9c8b4483)] -&gt; xpath: //div[@class=&apos;item&apos;]], [[FirefoxDriver: firefox on XP (0afd1359-6104-48da-ba3c-7e6a9c8b4483)] -&gt; xpath: //div[@class=&apos;item&apos;]], [[FirefoxDriver: firefox on XP (0afd1359-6104-48da-ba3c-7e6a9c8b4483)] -&gt; xpath: //div[@class=&apos;item&apos;]], [[FirefoxDriver: firefox on XP (0afd1359-6104-48da-ba3c-7e6a9c8b4483)] -&gt; xpath: //div[@class=&apos;item&apos;]], [[FirefoxDriver: firefox on XP (0afd1359-6104-48da-ba3c-7e6a9c8b4483)] -&gt; xpath: //div[@class=&apos;item&apos;]], [[FirefoxDriver: firefox on XP (0afd1359-6104-48da-ba3c-7e6a9c8b4483)] -&gt; xpath: //div[@class=&apos;item&apos;]], [[FirefoxDriver: firefox on XP (0afd1359-6104-48da-ba3c-7e6a9c8b4483)] -&gt; xpath: //div[@class=&apos;item&apos;]], [[FirefoxDriver: firefox on XP (0afd1359-6104-48da-ba3c-7e6a9c8b4483)] -&gt; xpath: //div[@class=&apos;item&apos;]]]
allMachines.size: 200
[[[FirefoxDriver: firefox on XP (0afd1359-6104-48da-ba3c-7e6a9c8b4483)] -&gt; xpath: //div[@class=&apos;item&apos;]], [[FirefoxDriver: firefox on XP (0afd1359-6104-48da-ba3c-7e6a9c8b4483)] -&gt; xpath: //div[@class=&apos;item&apos;]], [[FirefoxDriver: firefox on XP (0afd1359-6104-48da-ba3c-7e6a9c8b4483)] -&gt; xpath: //div[@class=&apos;item&apos;]], [[FirefoxDriver: firefox on XP (0afd1359-6104-48da-ba3c-7e6a9c8b4483)] -&gt; xpath: //div[@class=&apos;item&apos;]], [[FirefoxDriver: firefox on XP (0afd1359-6104-48da-ba3c-7e6a9c8b4483)] -&gt; xpath: //div[@class=&apos;item&apos;]], [[FirefoxDriver: firefox on XP (0afd1359-6104-48da-ba3c-7e6a9c8b4483)] -&gt; xpath: //div[@class=&apos;item&apos;]], [[FirefoxDriver: firefox on XP (0afd1359-6104-48da-ba3c-7e6a9c8b4483)] -&gt; xpath: //div[@class=&apos;item&apos;]], [[FirefoxDriver: firefox on XP (0afd1359-6104-48da-ba3c-7e6a9c8b4483)] -&gt; xpath: //div[@class=&apos;item&apos;]], [[FirefoxDriver: firefox on XP (0afd1359-6104-48da-ba3c-7e6a9c8b4483)] -&gt; xpath: //div[@class=&apos;item&apos;]], [[FirefoxDriver: firefox on XP (0afd1359-6104-48da-ba3c-7e6a9c8b4483)] -&gt; xpath: //div[@class=&apos;item&apos;]], [[FirefoxDriver: firefox on XP (0afd1359-6104-48da-ba3c-7e6a9c8b4483)] -&gt; xpath: //div[@class=&apos;item&apos;]], [[FirefoxDriver: firefox on XP (0afd1359-6104-48da-ba3c-7e6a9c8b4483)] -&gt; xpath: //div[@class=&apos;item&apos;]], [[FirefoxDriver: firefox on XP (0afd1359-6104-48da-ba3c-7e6a9c8b4483)] -&gt; xpath: //div[@class=&apos;item&apos;]], [[FirefoxDriver: firefox on XP (0afd1359-6104-48da-ba3c-7e6a9c8b4483)] -&gt; xpath: //div[@class=&apos;item&apos;]], [[FirefoxDriver: firefox on XP (0afd1359-6104-48da-ba3c-7e6a9c8b4483)] -&gt; xpath: //div[@class=&apos;item&apos;]], [[FirefoxDriver: firefox on XP (0afd1359-6104-48da-ba3c-7e6a9c8b4483)] -&gt; xpath: //div[@class=&apos;item&apos;]], [[FirefoxDriver: firefox on XP (0afd1359-6104-48da-ba3c-7e6a9c8b4483)] -&gt; xpath: //div[@class=&apos;item&apos;]], [[FirefoxDriver: firefox on XP (0afd1359-6104-48da-ba3c-7e6a9c8b4483)] -&gt; xpath: //div[@class=&apos;item&apos;]], [[FirefoxDriver: firefox on XP (0afd1359-6104-48da-ba3c-7e6a9c8b4483)] -&gt; xpath: //div[@class=&apos;item&apos;]], [[FirefoxDriver: firefox on XP (0afd1359-6104-48da-ba3c-7e6a9c8b4483)] -&gt; xpath: //div[@class=&apos;item&apos;]]]
allMachines.size: 220
[[[FirefoxDriver: firefox on XP (0afd1359-6104-48da-ba3c-7e6a9c8b4483)] -&gt; xpath: //div[@class=&apos;item&apos;]], [[FirefoxDriver: firefox on XP (0afd1359-6104-48da-ba3c-7e6a9c8b4483)] -&gt; xpath: //div[@class=&apos;item&apos;]], [[FirefoxDriver: firefox on XP (0afd1359-6104-48da-ba3c-7e6a9c8b4483)] -&gt; xpath: //div[@class=&apos;item&apos;]], [[FirefoxDriver: firefox on XP (0afd1359-6104-48da-ba3c-7e6a9c8b4483)] -&gt; xpath: //div[@class=&apos;item&apos;]], [[FirefoxDriver: firefox on XP (0afd1359-6104-48da-ba3c-7e6a9c8b4483)] -&gt; xpath: //div[@class=&apos;item&apos;]], [[FirefoxDriver: firefox on XP (0afd1359-6104-48da-ba3c-7e6a9c8b4483)] -&gt; xpath: //div[@class=&apos;item&apos;]], [[FirefoxDriver: firefox on XP (0afd1359-6104-48da-ba3c-7e6a9c8b4483)] -&gt; xpath: //div[@class=&apos;item&apos;]], [[FirefoxDriver: firefox on XP (0afd1359-6104-48da-ba3c-7e6a9c8b4483)] -&gt; xpath: //div[@class=&apos;item&apos;]], [[FirefoxDriver: firefox on XP (0afd1359-6104-48da-ba3c-7e6a9c8b4483)] -&gt; xpath: //div[@class=&apos;item&apos;]], [[FirefoxDriver: firefox on XP (0afd1359-6104-48da-ba3c-7e6a9c8b4483)] -&gt; xpath: //div[@class=&apos;item&apos;]], [[FirefoxDriver: firefox on XP (0afd1359-6104-48da-ba3c-7e6a9c8b4483)] -&gt; xpath: //div[@class=&apos;item&apos;]], [[FirefoxDriver: firefox on XP (0afd1359-6104-48da-ba3c-7e6a9c8b4483)] -&gt; xpath: //div[@class=&apos;item&apos;]], [[FirefoxDriver: firefox on XP (0afd1359-6104-48da-ba3c-7e6a9c8b4483)] -&gt; xpath: //div[@class=&apos;item&apos;]], [[FirefoxDriver: firefox on XP (0afd1359-6104-48da-ba3c-7e6a9c8b4483)] -&gt; xpath: //div[@class=&apos;item&apos;]], [[FirefoxDriver: firefox on XP (0afd1359-6104-48da-ba3c-7e6a9c8b4483)] -&gt; xpath: //div[@class=&apos;item&apos;]], [[FirefoxDriver: firefox on XP (0afd1359-6104-48da-ba3c-7e6a9c8b4483)] -&gt; xpath: //div[@class=&apos;item&apos;]], [[FirefoxDriver: firefox on XP (0afd1359-6104-48da-ba3c-7e6a9c8b4483)] -&gt; xpath: //div[@class=&apos;item&apos;]], [[FirefoxDriver: firefox on XP (0afd1359-6104-48da-ba3c-7e6a9c8b4483)] -&gt; xpath: //div[@class=&apos;item&apos;]], [[FirefoxDriver: firefox on XP (0afd1359-6104-48da-ba3c-7e6a9c8b4483)] -&gt; xpath: //div[@class=&apos;item&apos;]], [[FirefoxDriver: firefox on XP (0afd1359-6104-48da-ba3c-7e6a9c8b4483)] -&gt; xpath: //div[@class=&apos;item&apos;]]]
allMachines.size: 240
[[[FirefoxDriver: firefox on XP (0afd1359-6104-48da-ba3c-7e6a9c8b4483)] -&gt; xpath: //div[@class=&apos;item&apos;]], [[FirefoxDriver: firefox on XP (0afd1359-6104-48da-ba3c-7e6a9c8b4483)] -&gt; xpath: //div[@class=&apos;item&apos;]], [[FirefoxDriver: firefox on XP (0afd1359-6104-48da-ba3c-7e6a9c8b4483)] -&gt; xpath: //div[@class=&apos;item&apos;]], [[FirefoxDriver: firefox on XP (0afd1359-6104-48da-ba3c-7e6a9c8b4483)] -&gt; xpath: //div[@class=&apos;item&apos;]], [[FirefoxDriver: firefox on XP (0afd1359-6104-48da-ba3c-7e6a9c8b4483)] -&gt; xpath: //div[@class=&apos;item&apos;]], [[FirefoxDriver: firefox on XP (0afd1359-6104-48da-ba3c-7e6a9c8b4483)] -&gt; xpath: //div[@class=&apos;item&apos;]], [[FirefoxDriver: firefox on XP (0afd1359-6104-48da-ba3c-7e6a9c8b4483)] -&gt; xpath: //div[@class=&apos;item&apos;]], [[FirefoxDriver: firefox on XP (0afd1359-6104-48da-ba3c-7e6a9c8b4483)] -&gt; xpath: //div[@class=&apos;item&apos;]], [[FirefoxDriver: firefox on XP (0afd1359-6104-48da-ba3c-7e6a9c8b4483)] -&gt; xpath: //div[@class=&apos;item&apos;]], [[FirefoxDriver: firefox on XP (0afd1359-6104-48da-ba3c-7e6a9c8b4483)] -&gt; xpath: //div[@class=&apos;item&apos;]], [[FirefoxDriver: firefox on XP (0afd1359-6104-48da-ba3c-7e6a9c8b4483)] -&gt; xpath: //div[@class=&apos;item&apos;]], [[FirefoxDriver: firefox on XP (0afd1359-6104-48da-ba3c-7e6a9c8b4483)] -&gt; xpath: //div[@class=&apos;item&apos;]], [[FirefoxDriver: firefox on XP (0afd1359-6104-48da-ba3c-7e6a9c8b4483)] -&gt; xpath: //div[@class=&apos;item&apos;]], [[FirefoxDriver: firefox on XP (0afd1359-6104-48da-ba3c-7e6a9c8b4483)] -&gt; xpath: //div[@class=&apos;item&apos;]], [[FirefoxDriver: firefox on XP (0afd1359-6104-48da-ba3c-7e6a9c8b4483)] -&gt; xpath: //div[@class=&apos;item&apos;]], [[FirefoxDriver: firefox on XP (0afd1359-6104-48da-ba3c-7e6a9c8b4483)] -&gt; xpath: //div[@class=&apos;item&apos;]], [[FirefoxDriver: firefox on XP (0afd1359-6104-48da-ba3c-7e6a9c8b4483)] -&gt; xpath: //div[@class=&apos;item&apos;]], [[FirefoxDriver: firefox on XP (0afd1359-6104-48da-ba3c-7e6a9c8b4483)] -&gt; xpath: //div[@class=&apos;item&apos;]], [[FirefoxDriver: firefox on XP (0afd1359-6104-48da-ba3c-7e6a9c8b4483)] -&gt; xpath: //div[@class=&apos;item&apos;]], [[FirefoxDriver: firefox on XP (0afd1359-6104-48da-ba3c-7e6a9c8b4483)] -&gt; xpath: //div[@class=&apos;item&apos;]]]
allMachines.size: 260
[[[FirefoxDriver: firefox on XP (0afd1359-6104-48da-ba3c-7e6a9c8b4483)] -&gt; xpath: //div[@class=&apos;item&apos;]], [[FirefoxDriver: firefox on XP (0afd1359-6104-48da-ba3c-7e6a9c8b4483)] -&gt; xpath: //div[@class=&apos;item&apos;]], [[FirefoxDriver: firefox on XP (0afd1359-6104-48da-ba3c-7e6a9c8b4483)] -&gt; xpath: //div[@class=&apos;item&apos;]], [[FirefoxDriver: firefox on XP (0afd1359-6104-48da-ba3c-7e6a9c8b4483)] -&gt; xpath: //div[@class=&apos;item&apos;]], [[FirefoxDriver: firefox on XP (0afd1359-6104-48da-ba3c-7e6a9c8b4483)] -&gt; xpath: //div[@class=&apos;item&apos;]], [[FirefoxDriver: firefox on XP (0afd1359-6104-48da-ba3c-7e6a9c8b4483)] -&gt; xpath: //div[@class=&apos;item&apos;]], [[FirefoxDriver: firefox on XP (0afd1359-6104-48da-ba3c-7e6a9c8b4483)] -&gt; xpath: //div[@class=&apos;item&apos;]], [[FirefoxDriver: firefox on XP (0afd1359-6104-48da-ba3c-7e6a9c8b4483)] -&gt; xpath: //div[@class=&apos;item&apos;]], [[FirefoxDriver: firefox on XP (0afd1359-6104-48da-ba3c-7e6a9c8b4483)] -&gt; xpath: //div[@class=&apos;item&apos;]], [[FirefoxDriver: firefox on XP (0afd1359-6104-48da-ba3c-7e6a9c8b4483)] -&gt; xpath: //div[@class=&apos;item&apos;]], [[FirefoxDriver: firefox on XP (0afd1359-6104-48da-ba3c-7e6a9c8b4483)] -&gt; xpath: //div[@class=&apos;item&apos;]], [[FirefoxDriver: firefox on XP (0afd1359-6104-48da-ba3c-7e6a9c8b4483)] -&gt; xpath: //div[@class=&apos;item&apos;]], [[FirefoxDriver: firefox on XP (0afd1359-6104-48da-ba3c-7e6a9c8b4483)] -&gt; xpath: //div[@class=&apos;item&apos;]], [[FirefoxDriver: firefox on XP (0afd1359-6104-48da-ba3c-7e6a9c8b4483)] -&gt; xpath: //div[@class=&apos;item&apos;]], [[FirefoxDriver: firefox on XP (0afd1359-6104-48da-ba3c-7e6a9c8b4483)] -&gt; xpath: //div[@class=&apos;item&apos;]], [[FirefoxDriver: firefox on XP (0afd1359-6104-48da-ba3c-7e6a9c8b4483)] -&gt; xpath: //div[@class=&apos;item&apos;]], [[FirefoxDriver: firefox on XP (0afd1359-6104-48da-ba3c-7e6a9c8b4483)] -&gt; xpath: //div[@class=&apos;item&apos;]], [[FirefoxDriver: firefox on XP (0afd1359-6104-48da-ba3c-7e6a9c8b4483)] -&gt; xpath: //div[@class=&apos;item&apos;]], [[FirefoxDriver: firefox on XP (0afd1359-6104-48da-ba3c-7e6a9c8b4483)] -&gt; xpath: //div[@class=&apos;item&apos;]], [[FirefoxDriver: firefox on XP (0afd1359-6104-48da-ba3c-7e6a9c8b4483)] -&gt; xpath: //div[@class=&apos;item&apos;]]]
allMachines.size: 280
[[[FirefoxDriver: firefox on XP (0afd1359-6104-48da-ba3c-7e6a9c8b4483)] -&gt; xpath: //div[@class=&apos;item&apos;]], [[FirefoxDriver: firefox on XP (0afd1359-6104-48da-ba3c-7e6a9c8b4483)] -&gt; xpath: //div[@class=&apos;item&apos;]], [[FirefoxDriver: firefox on XP (0afd1359-6104-48da-ba3c-7e6a9c8b4483)] -&gt; xpath: //div[@class=&apos;item&apos;]], [[FirefoxDriver: firefox on XP (0afd1359-6104-48da-ba3c-7e6a9c8b4483)] -&gt; xpath: //div[@class=&apos;item&apos;]], [[FirefoxDriver: firefox on XP (0afd1359-6104-48da-ba3c-7e6a9c8b4483)] -&gt; xpath: //div[@class=&apos;item&apos;]], [[FirefoxDriver: firefox on XP (0afd1359-6104-48da-ba3c-7e6a9c8b4483)] -&gt; xpath: //div[@class=&apos;item&apos;]], [[FirefoxDriver: firefox on XP (0afd1359-6104-48da-ba3c-7e6a9c8b4483)] -&gt; xpath: //div[@class=&apos;item&apos;]], [[FirefoxDriver: firefox on XP (0afd1359-6104-48da-ba3c-7e6a9c8b4483)] -&gt; xpath: //div[@class=&apos;item&apos;]], [[FirefoxDriver: firefox on XP (0afd1359-6104-48da-ba3c-7e6a9c8b4483)] -&gt; xpath: //div[@class=&apos;item&apos;]], [[FirefoxDriver: firefox on XP (0afd1359-6104-48da-ba3c-7e6a9c8b4483)] -&gt; xpath: //div[@class=&apos;item&apos;]], [[FirefoxDriver: firefox on XP (0afd1359-6104-48da-ba3c-7e6a9c8b4483)] -&gt; xpath: //div[@class=&apos;item&apos;]], [[FirefoxDriver: firefox on XP (0afd1359-6104-48da-ba3c-7e6a9c8b4483)] -&gt; xpath: //div[@class=&apos;item&apos;]], [[FirefoxDriver: firefox on XP (0afd1359-6104-48da-ba3c-7e6a9c8b4483)] -&gt; xpath: //div[@class=&apos;item&apos;]], [[FirefoxDriver: firefox on XP (0afd1359-6104-48da-ba3c-7e6a9c8b4483)] -&gt; xpath: //div[@class=&apos;item&apos;]], [[FirefoxDriver: firefox on XP (0afd1359-6104-48da-ba3c-7e6a9c8b4483)] -&gt; xpath: //div[@class=&apos;item&apos;]], [[FirefoxDriver: firefox on XP (0afd1359-6104-48da-ba3c-7e6a9c8b4483)] -&gt; xpath: //div[@class=&apos;item&apos;]], [[FirefoxDriver: firefox on XP (0afd1359-6104-48da-ba3c-7e6a9c8b4483)] -&gt; xpath: //div[@class=&apos;item&apos;]], [[FirefoxDriver: firefox on XP (0afd1359-6104-48da-ba3c-7e6a9c8b4483)] -&gt; xpath: //div[@class=&apos;item&apos;]], [[FirefoxDriver: firefox on XP (0afd1359-6104-48da-ba3c-7e6a9c8b4483)] -&gt; xpath: //div[@class=&apos;item&apos;]], [[FirefoxDriver: firefox on XP (0afd1359-6104-48da-ba3c-7e6a9c8b4483)] -&gt; xpath: //div[@class=&apos;item&apos;]]]
allMachines.size: 300
[[[FirefoxDriver: firefox on XP (0afd1359-6104-48da-ba3c-7e6a9c8b4483)] -&gt; xpath: //div[@class=&apos;item&apos;]], [[FirefoxDriver: firefox on XP (0afd1359-6104-48da-ba3c-7e6a9c8b4483)] -&gt; xpath: //div[@class=&apos;item&apos;]], [[FirefoxDriver: firefox on XP (0afd1359-6104-48da-ba3c-7e6a9c8b4483)] -&gt; xpath: //div[@class=&apos;item&apos;]], [[FirefoxDriver: firefox on XP (0afd1359-6104-48da-ba3c-7e6a9c8b4483)] -&gt; xpath: //div[@class=&apos;item&apos;]], [[FirefoxDriver: firefox on XP (0afd1359-6104-48da-ba3c-7e6a9c8b4483)] -&gt; xpath: //div[@class=&apos;item&apos;]], [[FirefoxDriver: firefox on XP (0afd1359-6104-48da-ba3c-7e6a9c8b4483)] -&gt; xpath: //div[@class=&apos;item&apos;]], [[FirefoxDriver: firefox on XP (0afd1359-6104-48da-ba3c-7e6a9c8b4483)] -&gt; xpath: //div[@class=&apos;item&apos;]], [[FirefoxDriver: firefox on XP (0afd1359-6104-48da-ba3c-7e6a9c8b4483)] -&gt; xpath: //div[@class=&apos;item&apos;]], [[FirefoxDriver: firefox on XP (0afd1359-6104-48da-ba3c-7e6a9c8b4483)] -&gt; xpath: //div[@class=&apos;item&apos;]], [[FirefoxDriver: firefox on XP (0afd1359-6104-48da-ba3c-7e6a9c8b4483)] -&gt; xpath: //div[@class=&apos;item&apos;]], [[FirefoxDriver: firefox on XP (0afd1359-6104-48da-ba3c-7e6a9c8b4483)] -&gt; xpath: //div[@class=&apos;item&apos;]], [[FirefoxDriver: firefox on XP (0afd1359-6104-48da-ba3c-7e6a9c8b4483)] -&gt; xpath: //div[@class=&apos;item&apos;]], [[FirefoxDriver: firefox on XP (0afd1359-6104-48da-ba3c-7e6a9c8b4483)] -&gt; xpath: //div[@class=&apos;item&apos;]], [[FirefoxDriver: firefox on XP (0afd1359-6104-48da-ba3c-7e6a9c8b4483)] -&gt; xpath: //div[@class=&apos;item&apos;]], [[FirefoxDriver: firefox on XP (0afd1359-6104-48da-ba3c-7e6a9c8b4483)] -&gt; xpath: //div[@class=&apos;item&apos;]], [[FirefoxDriver: firefox on XP (0afd1359-6104-48da-ba3c-7e6a9c8b4483)] -&gt; xpath: //div[@class=&apos;item&apos;]], [[FirefoxDriver: firefox on XP (0afd1359-6104-48da-ba3c-7e6a9c8b4483)] -&gt; xpath: //div[@class=&apos;item&apos;]], [[FirefoxDriver: firefox on XP (0afd1359-6104-48da-ba3c-7e6a9c8b4483)] -&gt; xpath: //div[@class=&apos;item&apos;]], [[FirefoxDriver: firefox on XP (0afd1359-6104-48da-ba3c-7e6a9c8b4483)] -&gt; xpath: //div[@class=&apos;item&apos;]], [[FirefoxDriver: firefox on XP (0afd1359-6104-48da-ba3c-7e6a9c8b4483)] -&gt; xpath: //div[@class=&apos;item&apos;]]]
allMachines.size: 320
[[[FirefoxDriver: firefox on XP (0afd1359-6104-48da-ba3c-7e6a9c8b4483)] -&gt; xpath: //div[@class=&apos;item&apos;]], [[FirefoxDriver: firefox on XP (0afd1359-6104-48da-ba3c-7e6a9c8b4483)] -&gt; xpath: //div[@class=&apos;item&apos;]], [[FirefoxDriver: firefox on XP (0afd1359-6104-48da-ba3c-7e6a9c8b4483)] -&gt; xpath: //div[@class=&apos;item&apos;]], [[FirefoxDriver: firefox on XP (0afd1359-6104-48da-ba3c-7e6a9c8b4483)] -&gt; xpath: //div[@class=&apos;item&apos;]], [[FirefoxDriver: firefox on XP (0afd1359-6104-48da-ba3c-7e6a9c8b4483)] -&gt; xpath: //div[@class=&apos;item&apos;]], [[FirefoxDriver: firefox on XP (0afd1359-6104-48da-ba3c-7e6a9c8b4483)] -&gt; xpath: //div[@class=&apos;item&apos;]], [[FirefoxDriver: firefox on XP (0afd1359-6104-48da-ba3c-7e6a9c8b4483)] -&gt; xpath: //div[@class=&apos;item&apos;]], [[FirefoxDriver: firefox on XP (0afd1359-6104-48da-ba3c-7e6a9c8b4483)] -&gt; xpath: //div[@class=&apos;item&apos;]], [[FirefoxDriver: firefox on XP (0afd1359-6104-48da-ba3c-7e6a9c8b4483)] -&gt; xpath: //div[@class=&apos;item&apos;]], [[FirefoxDriver: firefox on XP (0afd1359-6104-48da-ba3c-7e6a9c8b4483)] -&gt; xpath: //div[@class=&apos;item&apos;]], [[FirefoxDriver: firefox on XP (0afd1359-6104-48da-ba3c-7e6a9c8b4483)] -&gt; xpath: //div[@class=&apos;item&apos;]], [[FirefoxDriver: firefox on XP (0afd1359-6104-48da-ba3c-7e6a9c8b4483)] -&gt; xpath: //div[@class=&apos;item&apos;]], [[FirefoxDriver: firefox on XP (0afd1359-6104-48da-ba3c-7e6a9c8b4483)] -&gt; xpath: //div[@class=&apos;item&apos;]], [[FirefoxDriver: firefox on XP (0afd1359-6104-48da-ba3c-7e6a9c8b4483)] -&gt; xpath: //div[@class=&apos;item&apos;]], [[FirefoxDriver: firefox on XP (0afd1359-6104-48da-ba3c-7e6a9c8b4483)] -&gt; xpath: //div[@class=&apos;item&apos;]], [[FirefoxDriver: firefox on XP (0afd1359-6104-48da-ba3c-7e6a9c8b4483)] -&gt; xpath: //div[@class=&apos;item&apos;]], [[FirefoxDriver: firefox on XP (0afd1359-6104-48da-ba3c-7e6a9c8b4483)] -&gt; xpath: //div[@class=&apos;item&apos;]], [[FirefoxDriver: firefox on XP (0afd1359-6104-48da-ba3c-7e6a9c8b4483)] -&gt; xpath: //div[@class=&apos;item&apos;]], [[FirefoxDriver: firefox on XP (0afd1359-6104-48da-ba3c-7e6a9c8b4483)] -&gt; xpath: //div[@class=&apos;item&apos;]], [[FirefoxDriver: firefox on XP (0afd1359-6104-48da-ba3c-7e6a9c8b4483)] -&gt; xpath: //div[@class=&apos;item&apos;]]]
allMachines.size: 340
[[[FirefoxDriver: firefox on XP (0afd1359-6104-48da-ba3c-7e6a9c8b4483)] -&gt; xpath: //div[@class=&apos;item&apos;]], [[FirefoxDriver: firefox on XP (0afd1359-6104-48da-ba3c-7e6a9c8b4483)] -&gt; xpath: //div[@class=&apos;item&apos;]], [[FirefoxDriver: firefox on XP (0afd1359-6104-48da-ba3c-7e6a9c8b4483)] -&gt; xpath: //div[@class=&apos;item&apos;]], [[FirefoxDriver: firefox on XP (0afd1359-6104-48da-ba3c-7e6a9c8b4483)] -&gt; xpath: //div[@class=&apos;item&apos;]], [[FirefoxDriver: firefox on XP (0afd1359-6104-48da-ba3c-7e6a9c8b4483)] -&gt; xpath: //div[@class=&apos;item&apos;]], [[FirefoxDriver: firefox on XP (0afd1359-6104-48da-ba3c-7e6a9c8b4483)] -&gt; xpath: //div[@class=&apos;item&apos;]], [[FirefoxDriver: firefox on XP (0afd1359-6104-48da-ba3c-7e6a9c8b4483)] -&gt; xpath: //div[@class=&apos;item&apos;]], [[FirefoxDriver: firefox on XP (0afd1359-6104-48da-ba3c-7e6a9c8b4483)] -&gt; xpath: //div[@class=&apos;item&apos;]], [[FirefoxDriver: firefox on XP (0afd1359-6104-48da-ba3c-7e6a9c8b4483)] -&gt; xpath: //div[@class=&apos;item&apos;]], [[FirefoxDriver: firefox on XP (0afd1359-6104-48da-ba3c-7e6a9c8b4483)] -&gt; xpath: //div[@class=&apos;item&apos;]], [[FirefoxDriver: firefox on XP (0afd1359-6104-48da-ba3c-7e6a9c8b4483)] -&gt; xpath: //div[@class=&apos;item&apos;]], [[FirefoxDriver: firefox on XP (0afd1359-6104-48da-ba3c-7e6a9c8b4483)] -&gt; xpath: //div[@class=&apos;item&apos;]], [[FirefoxDriver: firefox on XP (0afd1359-6104-48da-ba3c-7e6a9c8b4483)] -&gt; xpath: //div[@class=&apos;item&apos;]], [[FirefoxDriver: firefox on XP (0afd1359-6104-48da-ba3c-7e6a9c8b4483)] -&gt; xpath: //div[@class=&apos;item&apos;]], [[FirefoxDriver: firefox on XP (0afd1359-6104-48da-ba3c-7e6a9c8b4483)] -&gt; xpath: //div[@class=&apos;item&apos;]], [[FirefoxDriver: firefox on XP (0afd1359-6104-48da-ba3c-7e6a9c8b4483)] -&gt; xpath: //div[@class=&apos;item&apos;]], [[FirefoxDriver: firefox on XP (0afd1359-6104-48da-ba3c-7e6a9c8b4483)] -&gt; xpath: //div[@class=&apos;item&apos;]], [[FirefoxDriver: firefox on XP (0afd1359-6104-48da-ba3c-7e6a9c8b4483)] -&gt; xpath: //div[@class=&apos;item&apos;]], [[FirefoxDriver: firefox on XP (0afd1359-6104-48da-ba3c-7e6a9c8b4483)] -&gt; xpath: //div[@class=&apos;item&apos;]], [[FirefoxDriver: firefox on XP (0afd1359-6104-48da-ba3c-7e6a9c8b4483)] -&gt; xpath: //div[@class=&apos;item&apos;]]]
allMachines.size: 360
[[[FirefoxDriver: firefox on XP (0afd1359-6104-48da-ba3c-7e6a9c8b4483)] -&gt; xpath: //div[@class=&apos;item&apos;]], [[FirefoxDriver: firefox on XP (0afd1359-6104-48da-ba3c-7e6a9c8b4483)] -&gt; xpath: //div[@class=&apos;item&apos;]], [[FirefoxDriver: firefox on XP (0afd1359-6104-48da-ba3c-7e6a9c8b4483)] -&gt; xpath: //div[@class=&apos;item&apos;]], [[FirefoxDriver: firefox on XP (0afd1359-6104-48da-ba3c-7e6a9c8b4483)] -&gt; xpath: //div[@class=&apos;item&apos;]], [[FirefoxDriver: firefox on XP (0afd1359-6104-48da-ba3c-7e6a9c8b4483)] -&gt; xpath: //div[@class=&apos;item&apos;]], [[FirefoxDriver: firefox on XP (0afd1359-6104-48da-ba3c-7e6a9c8b4483)] -&gt; xpath: //div[@class=&apos;item&apos;]], [[FirefoxDriver: firefox on XP (0afd1359-6104-48da-ba3c-7e6a9c8b4483)] -&gt; xpath: //div[@class=&apos;item&apos;]], [[FirefoxDriver: firefox on XP (0afd1359-6104-48da-ba3c-7e6a9c8b4483)] -&gt; xpath: //div[@class=&apos;item&apos;]], [[FirefoxDriver: firefox on XP (0afd1359-6104-48da-ba3c-7e6a9c8b4483)] -&gt; xpath: //div[@class=&apos;item&apos;]], [[FirefoxDriver: firefox on XP (0afd1359-6104-48da-ba3c-7e6a9c8b4483)] -&gt; xpath: //div[@class=&apos;item&apos;]], [[FirefoxDriver: firefox on XP (0afd1359-6104-48da-ba3c-7e6a9c8b4483)] -&gt; xpath: //div[@class=&apos;item&apos;]], [[FirefoxDriver: firefox on XP (0afd1359-6104-48da-ba3c-7e6a9c8b4483)] -&gt; xpath: //div[@class=&apos;item&apos;]], [[FirefoxDriver: firefox on XP (0afd1359-6104-48da-ba3c-7e6a9c8b4483)] -&gt; xpath: //div[@class=&apos;item&apos;]], [[FirefoxDriver: firefox on XP (0afd1359-6104-48da-ba3c-7e6a9c8b4483)] -&gt; xpath: //div[@class=&apos;item&apos;]], [[FirefoxDriver: firefox on XP (0afd1359-6104-48da-ba3c-7e6a9c8b4483)] -&gt; xpath: //div[@class=&apos;item&apos;]], [[FirefoxDriver: firefox on XP (0afd1359-6104-48da-ba3c-7e6a9c8b4483)] -&gt; xpath: //div[@class=&apos;item&apos;]], [[FirefoxDriver: firefox on XP (0afd1359-6104-48da-ba3c-7e6a9c8b4483)] -&gt; xpath: //div[@class=&apos;item&apos;]], [[FirefoxDriver: firefox on XP (0afd1359-6104-48da-ba3c-7e6a9c8b4483)] -&gt; xpath: //div[@class=&apos;item&apos;]], [[FirefoxDriver: firefox on XP (0afd1359-6104-48da-ba3c-7e6a9c8b4483)] -&gt; xpath: //div[@class=&apos;item&apos;]], [[FirefoxDriver: firefox on XP (0afd1359-6104-48da-ba3c-7e6a9c8b4483)] -&gt; xpath: //div[@class=&apos;item&apos;]]]
allMachines.size: 380
[[[FirefoxDriver: firefox on XP (0afd1359-6104-48da-ba3c-7e6a9c8b4483)] -&gt; xpath: //div[@class=&apos;item&apos;]], [[FirefoxDriver: firefox on XP (0afd1359-6104-48da-ba3c-7e6a9c8b4483)] -&gt; xpath: //div[@class=&apos;item&apos;]], [[FirefoxDriver: firefox on XP (0afd1359-6104-48da-ba3c-7e6a9c8b4483)] -&gt; xpath: //div[@class=&apos;item&apos;]], [[FirefoxDriver: firefox on XP (0afd1359-6104-48da-ba3c-7e6a9c8b4483)] -&gt; xpath: //div[@class=&apos;item&apos;]], [[FirefoxDriver: firefox on XP (0afd1359-6104-48da-ba3c-7e6a9c8b4483)] -&gt; xpath: //div[@class=&apos;item&apos;]], [[FirefoxDriver: firefox on XP (0afd1359-6104-48da-ba3c-7e6a9c8b4483)] -&gt; xpath: //div[@class=&apos;item&apos;]], [[FirefoxDriver: firefox on XP (0afd1359-6104-48da-ba3c-7e6a9c8b4483)] -&gt; xpath: //div[@class=&apos;item&apos;]], [[FirefoxDriver: firefox on XP (0afd1359-6104-48da-ba3c-7e6a9c8b4483)] -&gt; xpath: //div[@class=&apos;item&apos;]], [[FirefoxDriver: firefox on XP (0afd1359-6104-48da-ba3c-7e6a9c8b4483)] -&gt; xpath: //div[@class=&apos;item&apos;]], [[FirefoxDriver: firefox on XP (0afd1359-6104-48da-ba3c-7e6a9c8b4483)] -&gt; xpath: //div[@class=&apos;item&apos;]], [[FirefoxDriver: firefox on XP (0afd1359-6104-48da-ba3c-7e6a9c8b4483)] -&gt; xpath: //div[@class=&apos;item&apos;]], [[FirefoxDriver: firefox on XP (0afd1359-6104-48da-ba3c-7e6a9c8b4483)] -&gt; xpath: //div[@class=&apos;item&apos;]], [[FirefoxDriver: firefox on XP (0afd1359-6104-48da-ba3c-7e6a9c8b4483)] -&gt; xpath: //div[@class=&apos;item&apos;]], [[FirefoxDriver: firefox on XP (0afd1359-6104-48da-ba3c-7e6a9c8b4483)] -&gt; xpath: //div[@class=&apos;item&apos;]], [[FirefoxDriver: firefox on XP (0afd1359-6104-48da-ba3c-7e6a9c8b4483)] -&gt; xpath: //div[@class=&apos;item&apos;]], [[FirefoxDriver: firefox on XP (0afd1359-6104-48da-ba3c-7e6a9c8b4483)] -&gt; xpath: //div[@class=&apos;item&apos;]], [[FirefoxDriver: firefox on XP (0afd1359-6104-48da-ba3c-7e6a9c8b4483)] -&gt; xpath: //div[@class=&apos;item&apos;]], [[FirefoxDriver: firefox on XP (0afd1359-6104-48da-ba3c-7e6a9c8b4483)] -&gt; xpath: //div[@class=&apos;item&apos;]], [[FirefoxDriver: firefox on XP (0afd1359-6104-48da-ba3c-7e6a9c8b4483)] -&gt; xpath: //div[@class=&apos;item&apos;]], [[FirefoxDriver: firefox on XP (0afd1359-6104-48da-ba3c-7e6a9c8b4483)] -&gt; xpath: //div[@class=&apos;item&apos;]]]
allMachines.size: 400
[[[FirefoxDriver: firefox on XP (0afd1359-6104-48da-ba3c-7e6a9c8b4483)] -&gt; xpath: //div[@class=&apos;item&apos;]], [[FirefoxDriver: firefox on XP (0afd1359-6104-48da-ba3c-7e6a9c8b4483)] -&gt; xpath: //div[@class=&apos;item&apos;]], [[FirefoxDriver: firefox on XP (0afd1359-6104-48da-ba3c-7e6a9c8b4483)] -&gt; xpath: //div[@class=&apos;item&apos;]], [[FirefoxDriver: firefox on XP (0afd1359-6104-48da-ba3c-7e6a9c8b4483)] -&gt; xpath: //div[@class=&apos;item&apos;]], [[FirefoxDriver: firefox on XP (0afd1359-6104-48da-ba3c-7e6a9c8b4483)] -&gt; xpath: //div[@class=&apos;item&apos;]], [[FirefoxDriver: firefox on XP (0afd1359-6104-48da-ba3c-7e6a9c8b4483)] -&gt; xpath: //div[@class=&apos;item&apos;]], [[FirefoxDriver: firefox on XP (0afd1359-6104-48da-ba3c-7e6a9c8b4483)] -&gt; xpath: //div[@class=&apos;item&apos;]], [[FirefoxDriver: firefox on XP (0afd1359-6104-48da-ba3c-7e6a9c8b4483)] -&gt; xpath: //div[@class=&apos;item&apos;]], [[FirefoxDriver: firefox on XP (0afd1359-6104-48da-ba3c-7e6a9c8b4483)] -&gt; xpath: //div[@class=&apos;item&apos;]], [[FirefoxDriver: firefox on XP (0afd1359-6104-48da-ba3c-7e6a9c8b4483)] -&gt; xpath: //div[@class=&apos;item&apos;]], [[FirefoxDriver: firefox on XP (0afd1359-6104-48da-ba3c-7e6a9c8b4483)] -&gt; xpath: //div[@class=&apos;item&apos;]], [[FirefoxDriver: firefox on XP (0afd1359-6104-48da-ba3c-7e6a9c8b4483)] -&gt; xpath: //div[@class=&apos;item&apos;]], [[FirefoxDriver: firefox on XP (0afd1359-6104-48da-ba3c-7e6a9c8b4483)] -&gt; xpath: //div[@class=&apos;item&apos;]], [[FirefoxDriver: firefox on XP (0afd1359-6104-48da-ba3c-7e6a9c8b4483)] -&gt; xpath: //div[@class=&apos;item&apos;]], [[FirefoxDriver: firefox on XP (0afd1359-6104-48da-ba3c-7e6a9c8b4483)] -&gt; xpath: //div[@class=&apos;item&apos;]], [[FirefoxDriver: firefox on XP (0afd1359-6104-48da-ba3c-7e6a9c8b4483)] -&gt; xpath: //div[@class=&apos;item&apos;]], [[FirefoxDriver: firefox on XP (0afd1359-6104-48da-ba3c-7e6a9c8b4483)] -&gt; xpath: //div[@class=&apos;item&apos;]], [[FirefoxDriver: firefox on XP (0afd1359-6104-48da-ba3c-7e6a9c8b4483)] -&gt; xpath: //div[@class=&apos;item&apos;]], [[FirefoxDriver: firefox on XP (0afd1359-6104-48da-ba3c-7e6a9c8b4483)] -&gt; xpath: //div[@class=&apos;item&apos;]], [[FirefoxDriver: firefox on XP (0afd1359-6104-48da-ba3c-7e6a9c8b4483)] -&gt; xpath: //div[@class=&apos;item&apos;]]]
allMachines.size: 420
[[[FirefoxDriver: firefox on XP (0afd1359-6104-48da-ba3c-7e6a9c8b4483)] -&gt; xpath: //div[@class=&apos;item&apos;]], [[FirefoxDriver: firefox on XP (0afd1359-6104-48da-ba3c-7e6a9c8b4483)] -&gt; xpath: //div[@class=&apos;item&apos;]], [[FirefoxDriver: firefox on XP (0afd1359-6104-48da-ba3c-7e6a9c8b4483)] -&gt; xpath: //div[@class=&apos;item&apos;]], [[FirefoxDriver: firefox on XP (0afd1359-6104-48da-ba3c-7e6a9c8b4483)] -&gt; xpath: //div[@class=&apos;item&apos;]], [[FirefoxDriver: firefox on XP (0afd1359-6104-48da-ba3c-7e6a9c8b4483)] -&gt; xpath: //div[@class=&apos;item&apos;]], [[FirefoxDriver: firefox on XP (0afd1359-6104-48da-ba3c-7e6a9c8b4483)] -&gt; xpath: //div[@class=&apos;item&apos;]], [[FirefoxDriver: firefox on XP (0afd1359-6104-48da-ba3c-7e6a9c8b4483)] -&gt; xpath: //div[@class=&apos;item&apos;]], [[FirefoxDriver: firefox on XP (0afd1359-6104-48da-ba3c-7e6a9c8b4483)] -&gt; xpath: //div[@class=&apos;item&apos;]], [[FirefoxDriver: firefox on XP (0afd1359-6104-48da-ba3c-7e6a9c8b4483)] -&gt; xpath: //div[@class=&apos;item&apos;]], [[FirefoxDriver: firefox on XP (0afd1359-6104-48da-ba3c-7e6a9c8b4483)] -&gt; xpath: //div[@class=&apos;item&apos;]], [[FirefoxDriver: firefox on XP (0afd1359-6104-48da-ba3c-7e6a9c8b4483)] -&gt; xpath: //div[@class=&apos;item&apos;]], [[FirefoxDriver: firefox on XP (0afd1359-6104-48da-ba3c-7e6a9c8b4483)] -&gt; xpath: //div[@class=&apos;item&apos;]], [[FirefoxDriver: firefox on XP (0afd1359-6104-48da-ba3c-7e6a9c8b4483)] -&gt; xpath: //div[@class=&apos;item&apos;]], [[FirefoxDriver: firefox on XP (0afd1359-6104-48da-ba3c-7e6a9c8b4483)] -&gt; xpath: //div[@class=&apos;item&apos;]], [[FirefoxDriver: firefox on XP (0afd1359-6104-48da-ba3c-7e6a9c8b4483)] -&gt; xpath: //div[@class=&apos;item&apos;]], [[FirefoxDriver: firefox on XP (0afd1359-6104-48da-ba3c-7e6a9c8b4483)] -&gt; xpath: //div[@class=&apos;item&apos;]], [[FirefoxDriver: firefox on XP (0afd1359-6104-48da-ba3c-7e6a9c8b4483)] -&gt; xpath: //div[@class=&apos;item&apos;]], [[FirefoxDriver: firefox on XP (0afd1359-6104-48da-ba3c-7e6a9c8b4483)] -&gt; xpath: //div[@class=&apos;item&apos;]], [[FirefoxDriver: firefox on XP (0afd1359-6104-48da-ba3c-7e6a9c8b4483)] -&gt; xpath: //div[@class=&apos;item&apos;]], [[FirefoxDriver: firefox on XP (0afd1359-6104-48da-ba3c-7e6a9c8b4483)] -&gt; xpath: //div[@class=&apos;item&apos;]]]
allMachines.size: 440
[[[FirefoxDriver: firefox on XP (0afd1359-6104-48da-ba3c-7e6a9c8b4483)] -&gt; xpath: //div[@class=&apos;item&apos;]], [[FirefoxDriver: firefox on XP (0afd1359-6104-48da-ba3c-7e6a9c8b4483)] -&gt; xpath: //div[@class=&apos;item&apos;]], [[FirefoxDriver: firefox on XP (0afd1359-6104-48da-ba3c-7e6a9c8b4483)] -&gt; xpath: //div[@class=&apos;item&apos;]], [[FirefoxDriver: firefox on XP (0afd1359-6104-48da-ba3c-7e6a9c8b4483)] -&gt; xpath: //div[@class=&apos;item&apos;]], [[FirefoxDriver: firefox on XP (0afd1359-6104-48da-ba3c-7e6a9c8b4483)] -&gt; xpath: //div[@class=&apos;item&apos;]], [[FirefoxDriver: firefox on XP (0afd1359-6104-48da-ba3c-7e6a9c8b4483)] -&gt; xpath: //div[@class=&apos;item&apos;]], [[FirefoxDriver: firefox on XP (0afd1359-6104-48da-ba3c-7e6a9c8b4483)] -&gt; xpath: //div[@class=&apos;item&apos;]], [[FirefoxDriver: firefox on XP (0afd1359-6104-48da-ba3c-7e6a9c8b4483)] -&gt; xpath: //div[@class=&apos;item&apos;]], [[FirefoxDriver: firefox on XP (0afd1359-6104-48da-ba3c-7e6a9c8b4483)] -&gt; xpath: //div[@class=&apos;item&apos;]], [[FirefoxDriver: firefox on XP (0afd1359-6104-48da-ba3c-7e6a9c8b4483)] -&gt; xpath: //div[@class=&apos;item&apos;]], [[FirefoxDriver: firefox on XP (0afd1359-6104-48da-ba3c-7e6a9c8b4483)] -&gt; xpath: //div[@class=&apos;item&apos;]], [[FirefoxDriver: firefox on XP (0afd1359-6104-48da-ba3c-7e6a9c8b4483)] -&gt; xpath: //div[@class=&apos;item&apos;]], [[FirefoxDriver: firefox on XP (0afd1359-6104-48da-ba3c-7e6a9c8b4483)] -&gt; xpath: //div[@class=&apos;item&apos;]], [[FirefoxDriver: firefox on XP (0afd1359-6104-48da-ba3c-7e6a9c8b4483)] -&gt; xpath: //div[@class=&apos;item&apos;]], [[FirefoxDriver: firefox on XP (0afd1359-6104-48da-ba3c-7e6a9c8b4483)] -&gt; xpath: //div[@class=&apos;item&apos;]], [[FirefoxDriver: firefox on XP (0afd1359-6104-48da-ba3c-7e6a9c8b4483)] -&gt; xpath: //div[@class=&apos;item&apos;]], [[FirefoxDriver: firefox on XP (0afd1359-6104-48da-ba3c-7e6a9c8b4483)] -&gt; xpath: //div[@class=&apos;item&apos;]], [[FirefoxDriver: firefox on XP (0afd1359-6104-48da-ba3c-7e6a9c8b4483)] -&gt; xpath: //div[@class=&apos;item&apos;]], [[FirefoxDriver: firefox on XP (0afd1359-6104-48da-ba3c-7e6a9c8b4483)] -&gt; xpath: //div[@class=&apos;item&apos;]], [[FirefoxDriver: firefox on XP (0afd1359-6104-48da-ba3c-7e6a9c8b4483)] -&gt; xpath: //div[@class=&apos;item&apos;]]]
allMachines.size: 460
[[[FirefoxDriver: firefox on XP (0afd1359-6104-48da-ba3c-7e6a9c8b4483)] -&gt; xpath: //div[@class=&apos;item&apos;]], [[FirefoxDriver: firefox on XP (0afd1359-6104-48da-ba3c-7e6a9c8b4483)] -&gt; xpath: //div[@class=&apos;item&apos;]], [[FirefoxDriver: firefox on XP (0afd1359-6104-48da-ba3c-7e6a9c8b4483)] -&gt; xpath: //div[@class=&apos;item&apos;]], [[FirefoxDriver: firefox on XP (0afd1359-6104-48da-ba3c-7e6a9c8b4483)] -&gt; xpath: //div[@class=&apos;item&apos;]], [[FirefoxDriver: firefox on XP (0afd1359-6104-48da-ba3c-7e6a9c8b4483)] -&gt; xpath: //div[@class=&apos;item&apos;]], [[FirefoxDriver: firefox on XP (0afd1359-6104-48da-ba3c-7e6a9c8b4483)] -&gt; xpath: //div[@class=&apos;item&apos;]], [[FirefoxDriver: firefox on XP (0afd1359-6104-48da-ba3c-7e6a9c8b4483)] -&gt; xpath: //div[@class=&apos;item&apos;]], [[FirefoxDriver: firefox on XP (0afd1359-6104-48da-ba3c-7e6a9c8b4483)] -&gt; xpath: //div[@class=&apos;item&apos;]], [[FirefoxDriver: firefox on XP (0afd1359-6104-48da-ba3c-7e6a9c8b4483)] -&gt; xpath: //div[@class=&apos;item&apos;]], [[FirefoxDriver: firefox on XP (0afd1359-6104-48da-ba3c-7e6a9c8b4483)] -&gt; xpath: //div[@class=&apos;item&apos;]], [[FirefoxDriver: firefox on XP (0afd1359-6104-48da-ba3c-7e6a9c8b4483)] -&gt; xpath: //div[@class=&apos;item&apos;]], [[FirefoxDriver: firefox on XP (0afd1359-6104-48da-ba3c-7e6a9c8b4483)] -&gt; xpath: //div[@class=&apos;item&apos;]], [[FirefoxDriver: firefox on XP (0afd1359-6104-48da-ba3c-7e6a9c8b4483)] -&gt; xpath: //div[@class=&apos;item&apos;]], [[FirefoxDriver: firefox on XP (0afd1359-6104-48da-ba3c-7e6a9c8b4483)] -&gt; xpath: //div[@class=&apos;item&apos;]], [[FirefoxDriver: firefox on XP (0afd1359-6104-48da-ba3c-7e6a9c8b4483)] -&gt; xpath: //div[@class=&apos;item&apos;]], [[FirefoxDriver: firefox on XP (0afd1359-6104-48da-ba3c-7e6a9c8b4483)] -&gt; xpath: //div[@class=&apos;item&apos;]], [[FirefoxDriver: firefox on XP (0afd1359-6104-48da-ba3c-7e6a9c8b4483)] -&gt; xpath: //div[@class=&apos;item&apos;]], [[FirefoxDriver: firefox on XP (0afd1359-6104-48da-ba3c-7e6a9c8b4483)] -&gt; xpath: //div[@class=&apos;item&apos;]], [[FirefoxDriver: firefox on XP (0afd1359-6104-48da-ba3c-7e6a9c8b4483)] -&gt; xpath: //div[@class=&apos;item&apos;]], [[FirefoxDriver: firefox on XP (0afd1359-6104-48da-ba3c-7e6a9c8b4483)] -&gt; xpath: //div[@class=&apos;item&apos;]]]
allMachines.size: 480
[[[FirefoxDriver: firefox on XP (0afd1359-6104-48da-ba3c-7e6a9c8b4483)] -&gt; xpath: //div[@class=&apos;item&apos;]], [[FirefoxDriver: firefox on XP (0afd1359-6104-48da-ba3c-7e6a9c8b4483)] -&gt; xpath: //div[@class=&apos;item&apos;]], [[FirefoxDriver: firefox on XP (0afd1359-6104-48da-ba3c-7e6a9c8b4483)] -&gt; xpath: //div[@class=&apos;item&apos;]], [[FirefoxDriver: firefox on XP (0afd1359-6104-48da-ba3c-7e6a9c8b4483)] -&gt; xpath: //div[@class=&apos;item&apos;]], [[FirefoxDriver: firefox on XP (0afd1359-6104-48da-ba3c-7e6a9c8b4483)] -&gt; xpath: //div[@class=&apos;item&apos;]], [[FirefoxDriver: firefox on XP (0afd1359-6104-48da-ba3c-7e6a9c8b4483)] -&gt; xpath: //div[@class=&apos;item&apos;]], [[FirefoxDriver: firefox on XP (0afd1359-6104-48da-ba3c-7e6a9c8b4483)] -&gt; xpath: //div[@class=&apos;item&apos;]], [[FirefoxDriver: firefox on XP (0afd1359-6104-48da-ba3c-7e6a9c8b4483)] -&gt; xpath: //div[@class=&apos;item&apos;]], [[FirefoxDriver: firefox on XP (0afd1359-6104-48da-ba3c-7e6a9c8b4483)] -&gt; xpath: //div[@class=&apos;item&apos;]], [[FirefoxDriver: firefox on XP (0afd1359-6104-48da-ba3c-7e6a9c8b4483)] -&gt; xpath: //div[@class=&apos;item&apos;]], [[FirefoxDriver: firefox on XP (0afd1359-6104-48da-ba3c-7e6a9c8b4483)] -&gt; xpath: //div[@class=&apos;item&apos;]], [[FirefoxDriver: firefox on XP (0afd1359-6104-48da-ba3c-7e6a9c8b4483)] -&gt; xpath: //div[@class=&apos;item&apos;]], [[FirefoxDriver: firefox on XP (0afd1359-6104-48da-ba3c-7e6a9c8b4483)] -&gt; xpath: //div[@class=&apos;item&apos;]], [[FirefoxDriver: firefox on XP (0afd1359-6104-48da-ba3c-7e6a9c8b4483)] -&gt; xpath: //div[@class=&apos;item&apos;]], [[FirefoxDriver: firefox on XP (0afd1359-6104-48da-ba3c-7e6a9c8b4483)] -&gt; xpath: //div[@class=&apos;item&apos;]], [[FirefoxDriver: firefox on XP (0afd1359-6104-48da-ba3c-7e6a9c8b4483)] -&gt; xpath: //div[@class=&apos;item&apos;]], [[FirefoxDriver: firefox on XP (0afd1359-6104-48da-ba3c-7e6a9c8b4483)] -&gt; xpath: //div[@class=&apos;item&apos;]], [[FirefoxDriver: firefox on XP (0afd1359-6104-48da-ba3c-7e6a9c8b4483)] -&gt; xpath: //div[@class=&apos;item&apos;]], [[FirefoxDriver: firefox on XP (0afd1359-6104-48da-ba3c-7e6a9c8b4483)] -&gt; xpath: //div[@class=&apos;item&apos;]], [[FirefoxDriver: firefox on XP (0afd1359-6104-48da-ba3c-7e6a9c8b4483)] -&gt; xpath: //div[@class=&apos;item&apos;]]]
allMachines.size: 500
[[[FirefoxDriver: firefox on XP (0afd1359-6104-48da-ba3c-7e6a9c8b4483)] -&gt; xpath: //div[@class=&apos;item&apos;]], [[FirefoxDriver: firefox on XP (0afd1359-6104-48da-ba3c-7e6a9c8b4483)] -&gt; xpath: //div[@class=&apos;item&apos;]], [[FirefoxDriver: firefox on XP (0afd1359-6104-48da-ba3c-7e6a9c8b4483)] -&gt; xpath: //div[@class=&apos;item&apos;]], [[FirefoxDriver: firefox on XP (0afd1359-6104-48da-ba3c-7e6a9c8b4483)] -&gt; xpath: //div[@class=&apos;item&apos;]], [[FirefoxDriver: firefox on XP (0afd1359-6104-48da-ba3c-7e6a9c8b4483)] -&gt; xpath: //div[@class=&apos;item&apos;]], [[FirefoxDriver: firefox on XP (0afd1359-6104-48da-ba3c-7e6a9c8b4483)] -&gt; xpath: //div[@class=&apos;item&apos;]], [[FirefoxDriver: firefox on XP (0afd1359-6104-48da-ba3c-7e6a9c8b4483)] -&gt; xpath: //div[@class=&apos;item&apos;]], [[FirefoxDriver: firefox on XP (0afd1359-6104-48da-ba3c-7e6a9c8b4483)] -&gt; xpath: //div[@class=&apos;item&apos;]], [[FirefoxDriver: firefox on XP (0afd1359-6104-48da-ba3c-7e6a9c8b4483)] -&gt; xpath: //div[@class=&apos;item&apos;]], [[FirefoxDriver: firefox on XP (0afd1359-6104-48da-ba3c-7e6a9c8b4483)] -&gt; xpath: //div[@class=&apos;item&apos;]], [[FirefoxDriver: firefox on XP (0afd1359-6104-48da-ba3c-7e6a9c8b4483)] -&gt; xpath: //div[@class=&apos;item&apos;]], [[FirefoxDriver: firefox on XP (0afd1359-6104-48da-ba3c-7e6a9c8b4483)] -&gt; xpath: //div[@class=&apos;item&apos;]], [[FirefoxDriver: firefox on XP (0afd1359-6104-48da-ba3c-7e6a9c8b4483)] -&gt; xpath: //div[@class=&apos;item&apos;]], [[FirefoxDriver: firefox on XP (0afd1359-6104-48da-ba3c-7e6a9c8b4483)] -&gt; xpath: //div[@class=&apos;item&apos;]], [[FirefoxDriver: firefox on XP (0afd1359-6104-48da-ba3c-7e6a9c8b4483)] -&gt; xpath: //div[@class=&apos;item&apos;]], [[FirefoxDriver: firefox on XP (0afd1359-6104-48da-ba3c-7e6a9c8b4483)] -&gt; xpath: //div[@class=&apos;item&apos;]], [[FirefoxDriver: firefox on XP (0afd1359-6104-48da-ba3c-7e6a9c8b4483)] -&gt; xpath: //div[@class=&apos;item&apos;]], [[FirefoxDriver: firefox on XP (0afd1359-6104-48da-ba3c-7e6a9c8b4483)] -&gt; xpath: //div[@class=&apos;item&apos;]], [[FirefoxDriver: firefox on XP (0afd1359-6104-48da-ba3c-7e6a9c8b4483)] -&gt; xpath: //div[@class=&apos;item&apos;]], [[FirefoxDriver: firefox on XP (0afd1359-6104-48da-ba3c-7e6a9c8b4483)] -&gt; xpath: //div[@class=&apos;item&apos;]]]
allMachines.size: 520
[[[FirefoxDriver: firefox on XP (0afd1359-6104-48da-ba3c-7e6a9c8b4483)] -&gt; xpath: //div[@class=&apos;item&apos;]], [[FirefoxDriver: firefox on XP (0afd1359-6104-48da-ba3c-7e6a9c8b4483)] -&gt; xpath: //div[@class=&apos;item&apos;]], [[FirefoxDriver: firefox on XP (0afd1359-6104-48da-ba3c-7e6a9c8b4483)] -&gt; xpath: //div[@class=&apos;item&apos;]], [[FirefoxDriver: firefox on XP (0afd1359-6104-48da-ba3c-7e6a9c8b4483)] -&gt; xpath: //div[@class=&apos;item&apos;]], [[FirefoxDriver: firefox on XP (0afd1359-6104-48da-ba3c-7e6a9c8b4483)] -&gt; xpath: //div[@class=&apos;item&apos;]], [[FirefoxDriver: firefox on XP (0afd1359-6104-48da-ba3c-7e6a9c8b4483)] -&gt; xpath: //div[@class=&apos;item&apos;]], [[FirefoxDriver: firefox on XP (0afd1359-6104-48da-ba3c-7e6a9c8b4483)] -&gt; xpath: //div[@class=&apos;item&apos;]], [[FirefoxDriver: firefox on XP (0afd1359-6104-48da-ba3c-7e6a9c8b4483)] -&gt; xpath: //div[@class=&apos;item&apos;]], [[FirefoxDriver: firefox on XP (0afd1359-6104-48da-ba3c-7e6a9c8b4483)] -&gt; xpath: //div[@class=&apos;item&apos;]], [[FirefoxDriver: firefox on XP (0afd1359-6104-48da-ba3c-7e6a9c8b4483)] -&gt; xpath: //div[@class=&apos;item&apos;]], [[FirefoxDriver: firefox on XP (0afd1359-6104-48da-ba3c-7e6a9c8b4483)] -&gt; xpath: //div[@class=&apos;item&apos;]], [[FirefoxDriver: firefox on XP (0afd1359-6104-48da-ba3c-7e6a9c8b4483)] -&gt; xpath: //div[@class=&apos;item&apos;]], [[FirefoxDriver: firefox on XP (0afd1359-6104-48da-ba3c-7e6a9c8b4483)] -&gt; xpath: //div[@class=&apos;item&apos;]], [[FirefoxDriver: firefox on XP (0afd1359-6104-48da-ba3c-7e6a9c8b4483)] -&gt; xpath: //div[@class=&apos;item&apos;]], [[FirefoxDriver: firefox on XP (0afd1359-6104-48da-ba3c-7e6a9c8b4483)] -&gt; xpath: //div[@class=&apos;item&apos;]], [[FirefoxDriver: firefox on XP (0afd1359-6104-48da-ba3c-7e6a9c8b4483)] -&gt; xpath: //div[@class=&apos;item&apos;]], [[FirefoxDriver: firefox on XP (0afd1359-6104-48da-ba3c-7e6a9c8b4483)] -&gt; xpath: //div[@class=&apos;item&apos;]], [[FirefoxDriver: firefox on XP (0afd1359-6104-48da-ba3c-7e6a9c8b4483)] -&gt; xpath: //div[@class=&apos;item&apos;]], [[FirefoxDriver: firefox on XP (0afd1359-6104-48da-ba3c-7e6a9c8b4483)] -&gt; xpath: //div[@class=&apos;item&apos;]], [[FirefoxDriver: firefox on XP (0afd1359-6104-48da-ba3c-7e6a9c8b4483)] -&gt; xpath: //div[@class=&apos;item&apos;]]]
allMachines.size: 540
[[[FirefoxDriver: firefox on XP (0afd1359-6104-48da-ba3c-7e6a9c8b4483)] -&gt; xpath: //div[@class=&apos;item&apos;]], [[FirefoxDriver: firefox on XP (0afd1359-6104-48da-ba3c-7e6a9c8b4483)] -&gt; xpath: //div[@class=&apos;item&apos;]], [[FirefoxDriver: firefox on XP (0afd1359-6104-48da-ba3c-7e6a9c8b4483)] -&gt; xpath: //div[@class=&apos;item&apos;]], [[FirefoxDriver: firefox on XP (0afd1359-6104-48da-ba3c-7e6a9c8b4483)] -&gt; xpath: //div[@class=&apos;item&apos;]], [[FirefoxDriver: firefox on XP (0afd1359-6104-48da-ba3c-7e6a9c8b4483)] -&gt; xpath: //div[@class=&apos;item&apos;]], [[FirefoxDriver: firefox on XP (0afd1359-6104-48da-ba3c-7e6a9c8b4483)] -&gt; xpath: //div[@class=&apos;item&apos;]], [[FirefoxDriver: firefox on XP (0afd1359-6104-48da-ba3c-7e6a9c8b4483)] -&gt; xpath: //div[@class=&apos;item&apos;]], [[FirefoxDriver: firefox on XP (0afd1359-6104-48da-ba3c-7e6a9c8b4483)] -&gt; xpath: //div[@class=&apos;item&apos;]], [[FirefoxDriver: firefox on XP (0afd1359-6104-48da-ba3c-7e6a9c8b4483)] -&gt; xpath: //div[@class=&apos;item&apos;]], [[FirefoxDriver: firefox on XP (0afd1359-6104-48da-ba3c-7e6a9c8b4483)] -&gt; xpath: //div[@class=&apos;item&apos;]], [[FirefoxDriver: firefox on XP (0afd1359-6104-48da-ba3c-7e6a9c8b4483)] -&gt; xpath: //div[@class=&apos;item&apos;]], [[FirefoxDriver: firefox on XP (0afd1359-6104-48da-ba3c-7e6a9c8b4483)] -&gt; xpath: //div[@class=&apos;item&apos;]], [[FirefoxDriver: firefox on XP (0afd1359-6104-48da-ba3c-7e6a9c8b4483)] -&gt; xpath: //div[@class=&apos;item&apos;]], [[FirefoxDriver: firefox on XP (0afd1359-6104-48da-ba3c-7e6a9c8b4483)] -&gt; xpath: //div[@class=&apos;item&apos;]], [[FirefoxDriver: firefox on XP (0afd1359-6104-48da-ba3c-7e6a9c8b4483)] -&gt; xpath: //div[@class=&apos;item&apos;]], [[FirefoxDriver: firefox on XP (0afd1359-6104-48da-ba3c-7e6a9c8b4483)] -&gt; xpath: //div[@class=&apos;item&apos;]], [[FirefoxDriver: firefox on XP (0afd1359-6104-48da-ba3c-7e6a9c8b4483)] -&gt; xpath: //div[@class=&apos;item&apos;]], [[FirefoxDriver: firefox on XP (0afd1359-6104-48da-ba3c-7e6a9c8b4483)] -&gt; xpath: //div[@class=&apos;item&apos;]], [[FirefoxDriver: firefox on XP (0afd1359-6104-48da-ba3c-7e6a9c8b4483)] -&gt; xpath: //div[@class=&apos;item&apos;]], [[FirefoxDriver: firefox on XP (0afd1359-6104-48da-ba3c-7e6a9c8b4483)] -&gt; xpath: //div[@class=&apos;item&apos;]]]
allMachines.size: 560
[[[FirefoxDriver: firefox on XP (0afd1359-6104-48da-ba3c-7e6a9c8b4483)] -&gt; xpath: //div[@class=&apos;item&apos;]], [[FirefoxDriver: firefox on XP (0afd1359-6104-48da-ba3c-7e6a9c8b4483)] -&gt; xpath: //div[@class=&apos;item&apos;]], [[FirefoxDriver: firefox on XP (0afd1359-6104-48da-ba3c-7e6a9c8b4483)] -&gt; xpath: //div[@class=&apos;item&apos;]], [[FirefoxDriver: firefox on XP (0afd1359-6104-48da-ba3c-7e6a9c8b4483)] -&gt; xpath: //div[@class=&apos;item&apos;]], [[FirefoxDriver: firefox on XP (0afd1359-6104-48da-ba3c-7e6a9c8b4483)] -&gt; xpath: //div[@class=&apos;item&apos;]], [[FirefoxDriver: firefox on XP (0afd1359-6104-48da-ba3c-7e6a9c8b4483)] -&gt; xpath: //div[@class=&apos;item&apos;]], [[FirefoxDriver: firefox on XP (0afd1359-6104-48da-ba3c-7e6a9c8b4483)] -&gt; xpath: //div[@class=&apos;item&apos;]], [[FirefoxDriver: firefox on XP (0afd1359-6104-48da-ba3c-7e6a9c8b4483)] -&gt; xpath: //div[@class=&apos;item&apos;]], [[FirefoxDriver: firefox on XP (0afd1359-6104-48da-ba3c-7e6a9c8b4483)] -&gt; xpath: //div[@class=&apos;item&apos;]], [[FirefoxDriver: firefox on XP (0afd1359-6104-48da-ba3c-7e6a9c8b4483)] -&gt; xpath: //div[@class=&apos;item&apos;]], [[FirefoxDriver: firefox on XP (0afd1359-6104-48da-ba3c-7e6a9c8b4483)] -&gt; xpath: //div[@class=&apos;item&apos;]], [[FirefoxDriver: firefox on XP (0afd1359-6104-48da-ba3c-7e6a9c8b4483)] -&gt; xpath: //div[@class=&apos;item&apos;]], [[FirefoxDriver: firefox on XP (0afd1359-6104-48da-ba3c-7e6a9c8b4483)] -&gt; xpath: //div[@class=&apos;item&apos;]], [[FirefoxDriver: firefox on XP (0afd1359-6104-48da-ba3c-7e6a9c8b4483)] -&gt; xpath: //div[@class=&apos;item&apos;]]]
allMachines.size: 574
574
[Item [name=Bosch SPV 43M10, price=4631, desciption=Посудомоечная машина, встраиваемая полностью, электронное управление; на 9 комплектов; класс мойки A; 9 л/цикл; Автоматические программы; 48 дБ; 82x45x57 см], Item [name=Bosch SPV 43M10, price=4631, desciption=Посудомоечная машина, встраиваемая полностью, электронное управление; на 9 комплектов; класс мойки A; 9 л/цикл; Автоматические программы; 48 дБ; 82x45x57 см], Item [name=Bosch SPV 43M10, price=4631, desciption=Посудомоечная машина, встраиваемая полностью, электронное управление; на 9 комплектов; класс мойки A; 9 л/цикл; Автоматические программы; 48 дБ; 82x45x57 см], Item [name=Bosch SPV 43M10, price=4631, desciption=Посудомоечная машина, встраиваемая полностью, электронное управление; на 9 комплектов; класс мойки A; 9 л/цикл; Автоматические программы; 48 дБ; 82x45x57 см], Item [name=Bosch SPV 43M10, price=4631, desciption=Посудомоечная машина, встраиваемая полностью, электронное управление; на 9 комплектов; класс мойки A; 9 л/цикл; Автоматические программы; 48 дБ; 82x45x57 см], Item [name=Bosch SPV 43M10, price=4631, desciption=Посудомоечная машина, встраиваемая полностью, электронное управление; на 9 комплектов; класс мойки A; 9 л/цикл; Автоматические программы; 48 дБ; 82x45x57 см], Item [name=Bosch SPV 43M10, price=4631, desciption=Посудомоечная машина, встраиваемая полностью, электронное управление; на 9 комплектов; класс мойки A; 9 л/цикл; Автоматические программы; 48 дБ; 82x45x57 см], Item [name=Bosch SPV 43M10, price=4631, desciption=Посудомоечная машина, встраиваемая полностью, электронное управление; на 9 комплектов; класс мойки A; 9 л/цикл; Автоматические программы; 48 дБ; 82x45x57 см], Item [name=Bosch SPV 43M10, price=4631, desciption=Посудомоечная машина, встраиваемая полностью, электронное управление; на 9 комплектов; класс мойки A; 9 л/цикл; Автоматические программы; 48 дБ; 82x45x57 см], Item [name=Bosch SPV 43M10, price=4631, desciption=Посудомоечная машина, встраиваемая полностью, электронное управление; на 9 комплектов; класс мойки A; 9 л/цикл; Автоматические программы; 48 дБ; 82x45x57 см], Item [name=Bosch SPV 43M10, price=4631, desciption=Посудомоечная машина, встраиваемая полностью, электронное управление; на 9 комплектов; класс мойки A; 9 л/цикл; Автоматические программы; 48 дБ; 82x45x57 см], Item [name=Bosch SPV 43M10, price=4631, desciption=Посудомоечная машина, встраиваемая полностью, электронное управление; на 9 комплектов; класс мойки A; 9 л/цикл; Автоматические программы; 48 дБ; 82x45x57 см], Item [name=Bosch SPV 43M10, price=4631, desciption=Посудомоечная машина, встраиваемая полностью, электронное управление; на 9 комплектов; класс мойки A; 9 л/цикл; Автоматические программы; 48 дБ; 82x45x57 см], Item [name=Bosch SPV 43M10, price=4631, desciption=Посудомоечная машина, встраиваемая полностью, электронное управление; на 9 комплектов; класс мойки A; 9 л/цикл; Автоматические программы; 48 дБ; 82x45x57 см], Item [name=Bosch SPV 43M10, price=4631, desciption=Посудомоечная машина, встраиваемая полностью, электронное управление; на 9 комплектов; класс мойки A; 9 л/цикл; Автоматические программы; 48 дБ; 82x45x57 см], Item [name=Bosch SPV 43M10, price=4631, desciption=Посудомоечная машина, встраиваемая полностью, электронное управление; на 9 комплектов; класс мойки A; 9 л/цикл; Автоматические программы; 48 дБ; 82x45x57 см], Item [name=Bosch SPV 43M10, price=4631, desciption=Посудомоечная машина, встраиваемая полностью, электронное управление; на 9 комплектов; класс мойки A; 9 л/цикл; Автоматические программы; 48 дБ; 82x45x57 см], Item [name=Bosch SPV 43M10, price=4631, desciption=Посудомоечная машина, встраиваемая полностью, электронное управление; на 9 комплектов; класс мойки A; 9 л/цикл; Автоматические программы; 48 дБ; 82x45x57 см], Item [name=Bosch SPV 43M10, price=4631, desciption=Посудомоечная машина, встраиваемая полностью, электронное управление; на 9 комплектов; класс мойки A; 9 л/цикл; Автоматические программы; 48 дБ; 82x45x57 см], Item [name=Bosch SPV 43M10, price=4631, desciption=Посудомоечная машина, встраиваемая полностью, электронное управление; на 9 комплектов; класс мойки A; 9 л/цикл; Автоматические программы; 48 дБ; 82x45x57 см], Item [name=Electrolux ESF 2210 DK, price=2748, desciption=Посудомоечная машина, отдельностоящая, электронное управление; на 6 комплектов; класс мойки A; 7 л/цикл; Автоматические программы; чёрная; 53 дБ; 44.7x54.5x51.5 см], Item [name=Electrolux ESF 2210 DK, price=2748, desciption=Посудомоечная машина, отдельностоящая, электронное управление; на 6 комплектов; класс мойки A; 7 л/цикл; Автоматические программы; чёрная; 53 дБ; 44.7x54.5x51.5 см], Item [name=Electrolux ESF 2210 DK, price=2748, desciption=Посудомоечная машина, отдельностоящая, электронное управление; на 6 комплектов; класс мойки A; 7 л/цикл; Автоматические программы; чёрная; 53 дБ; 44.7x54.5x51.5 см], Item [name=Electrolux ESF 2210 DK, price=2748, desciption=Посудомоечная машина, отдельностоящая, электронное управление; на 6 комплектов; класс мойки A; 7 л/цикл; Автоматические программы; чёрная; 53 дБ; 44.7x54.5x51.5 см], Item [name=Electrolux ESF 2210 DK, price=2748, desciption=Посудомоечная машина, отдельностоящая, электронное управление; на 6 комплектов; класс мойки A; 7 л/цикл; Автоматические программы; чёрная; 53 дБ; 44.7x54.5x51.5 см], Item [name=Electrolux ESF 2210 DK, price=2748, desciption=Посудомоечная машина, отдельностоящая, электронное управление; на 6 комплектов; класс мойки A; 7 л/цикл; Автоматические программы; чёрная; 53 дБ; 44.7x54.5x51.5 см], Item [name=Electrolux ESF 2210 DK, price=2748, desciption=Посудомоечная машина, отдельностоящая, электронное управление; на 6 комплектов; класс мойки A; 7 л/цикл; Автоматические программы; чёрная; 53 дБ; 44.7x54.5x51.5 см], Item [name=Electrolux ESF 2210 DK, price=2748, desciption=Посудомоечная машина, отдельностоящая, электронное управление; на 6 комплектов; класс мойки A; 7 л/цикл; Автоматические программы; чёрная; 53 дБ; 44.7x54.5x51.5 см], Item [name=Electrolux ESF 2210 DK, price=2748, desciption=Посудомоечная машина, отдельностоящая, электронное управление; на 6 комплектов; класс мойки A; 7 л/цикл; Автоматические программы; чёрная; 53 дБ; 44.7x54.5x51.5 см], Item [name=Electrolux ESF 2210 DK, price=2748, desciption=Посудомоечная машина, отдельностоящая, электронное управление; на 6 комплектов; класс мойки A; 7 л/цикл; Автоматические программы; чёрная; 53 дБ; 44.7x54.5x51.5 см], Item [name=Electrolux ESF 2210 DK, price=2748, desciption=Посудомоечная машина, отдельностоящая, электронное управление; на 6 комплектов; класс мойки A; 7 л/цикл; Автоматические программы; чёрная; 53 дБ; 44.7x54.5x51.5 см], Item [name=Electrolux ESF 2210 DK, price=2748, desciption=Посудомоечная машина, отдельностоящая, электронное управление; на 6 комплектов; класс мойки A; 7 л/цикл; Автоматические программы; чёрная; 53 дБ; 44.7x54.5x51.5 см], Item [name=Electrolux ESF 2210 DK, price=2748, desciption=Посудомоечная машина, отдельностоящая, электронное управление; на 6 комплектов; класс мойки A; 7 л/цикл; Автоматические программы; чёрная; 53 дБ; 44.7x54.5x51.5 см], Item [name=Electrolux ESF 2210 DK, price=2748, desciption=Посудомоечная машина, отдельностоящая, электронное управление; на 6 комплектов; класс мойки A; 7 л/цикл; Автоматические программы; чёрная; 53 дБ; 44.7x54.5x51.5 см], Item [name=Electrolux ESF 2210 DK, price=
[...]
омплектов; класс мойки A; 6 л/цикл; Автоматические программы; серебристая; 44 дБ; 84.5x60x60 см], Item [name=Bosch SMS 69N28, price=6927, desciption=Посудомоечная машина, отдельностоящая, электронное управление; на 13 комплектов; класс мойки A; 6 л/цикл; Автоматические программы; серебристая; 44 дБ; 84.5x60x60 см], Item [name=Bosch SMS 69N28, price=6927, desciption=Посудомоечная машина, отдельностоящая, электронное управление; на 13 комплектов; класс мойки A; 6 л/цикл; Автоматические программы; серебристая; 44 дБ; 84.5x60x60 см], Item [name=Bosch SMS 69N28, price=6927, desciption=Посудомоечная машина, отдельностоящая, электронное управление; на 13 комплектов; класс мойки A; 6 л/цикл; Автоматические программы; серебристая; 44 дБ; 84.5x60x60 см], Item [name=Bosch SMS 69N28, price=6927, desciption=Посудомоечная машина, отдельностоящая, электронное управление; на 13 комплектов; класс мойки A; 6 л/цикл; Автоматические программы; серебристая; 44 дБ; 84.5x60x60 см], Item [name=Fagor FDW-200 WE, price=6219, desciption=Посудомоечная машина, отдельностоящая, электронное управление; на 13 комплектов; класс мойки A; 10 л/цикл; Автоматические программы; белая; 47 дБ; 82x60x60 см], Item [name=Fagor FDW-200 WE, price=6219, desciption=Посудомоечная машина, отдельностоящая, электронное управление; на 13 комплектов; класс мойки A; 10 л/цикл; Автоматические программы; белая; 47 дБ; 82x60x60 см], Item [name=Fagor FDW-200 WE, price=6219, desciption=Посудомоечная машина, отдельностоящая, электронное управление; на 13 комплектов; класс мойки A; 10 л/цикл; Автоматические программы; белая; 47 дБ; 82x60x60 см], Item [name=Fagor FDW-200 WE, price=6219, desciption=Посудомоечная машина, отдельностоящая, электронное управление; на 13 комплектов; класс мойки A; 10 л/цикл; Автоматические программы; белая; 47 дБ; 82x60x60 см], Item [name=Fagor FDW-200 WE, price=6219, desciption=Посудомоечная машина, отдельностоящая, электронное управление; на 13 комплектов; класс мойки A; 10 л/цикл; Автоматические программы; белая; 47 дБ; 82x60x60 см], Item [name=Fagor FDW-200 WE, price=6219, desciption=Посудомоечная машина, отдельностоящая, электронное управление; на 13 комплектов; класс мойки A; 10 л/цикл; Автоматические программы; белая; 47 дБ; 82x60x60 см], Item [name=Fagor FDW-200 WE, price=6219, desciption=Посудомоечная машина, отдельностоящая, электронное управление; на 13 комплектов; класс мойки A; 10 л/цикл; Автоматические программы; белая; 47 дБ; 82x60x60 см], Item [name=Fagor FDW-200 WE, price=6219, desciption=Посудомоечная машина, отдельностоящая, электронное управление; на 13 комплектов; класс мойки A; 10 л/цикл; Автоматические программы; белая; 47 дБ; 82x60x60 см], Item [name=Fagor FDW-200 WE, price=6219, desciption=Посудомоечная машина, отдельностоящая, электронное управление; на 13 комплектов; класс мойки A; 10 л/цикл; Автоматические программы; белая; 47 дБ; 82x60x60 см], Item [name=Fagor FDW-200 WE, price=6219, desciption=Посудомоечная машина, отдельностоящая, электронное управление; на 13 комплектов; класс мойки A; 10 л/цикл; Автоматические программы; белая; 47 дБ; 82x60x60 см], Item [name=Fagor FDW-200 WE, price=6219, desciption=Посудомоечная машина, отдельностоящая, электронное управление; на 13 комплектов; класс мойки A; 10 л/цикл; Автоматические программы; белая; 47 дБ; 82x60x60 см], Item [name=Fagor FDW-200 WE, price=6219, desciption=Посудомоечная машина, отдельностоящая, электронное управление; на 13 комплектов; класс мойки A; 10 л/цикл; Автоматические программы; белая; 47 дБ; 82x60x60 см], Item [name=Fagor FDW-200 WE, price=6219, desciption=Посудомоечная машина, отдельностоящая, электронное управление; на 13 комплектов; класс мойки A; 10 л/цикл; Автоматические программы; белая; 47 дБ; 82x60x60 см], Item [name=Fagor FDW-200 WE, price=6219, desciption=Посудомоечная машина, отдельностоящая, электронное управление; на 13 комплектов; класс мойки A; 10 л/цикл; Автоматические программы; белая; 47 дБ; 82x60x60 см], Item [name=Fagor FDW-200 WE, price=6219, desciption=Посудомоечная машина, отдельностоящая, электронное управление; на 13 комплектов; класс мойки A; 10 л/цикл; Автоматические программы; белая; 47 дБ; 82x60x60 см], Item [name=Fagor FDW-200 WE, price=6219, desciption=Посудомоечная машина, отдельностоящая, электронное управление; на 13 комплектов; класс мойки A; 10 л/цикл; Автоматические программы; белая; 47 дБ; 82x60x60 см], Item [name=Fagor FDW-200 WE, price=6219, desciption=Посудомоечная машина, отдельностоящая, электронное управление; на 13 комплектов; класс мойки A; 10 л/цикл; Автоматические программы; белая; 47 дБ; 82x60x60 см], Item [name=Fagor FDW-200 WE, price=6219, desciption=Посудомоечная машина, отдельностоящая, электронное управление; на 13 комплектов; класс мойки A; 10 л/цикл; Автоматические программы; белая; 47 дБ; 82x60x60 см], Item [name=Fagor FDW-200 WE, price=6219, desciption=Посудомоечная машина, отдельностоящая, электронное управление; на 13 комплектов; класс мойки A; 10 л/цикл; Автоматические программы; белая; 47 дБ; 82x60x60 см], Item [name=Fagor FDW-200 WE, price=6219, desciption=Посудомоечная машина, отдельностоящая, электронное управление; на 13 комплектов; класс мойки A; 10 л/цикл; Автоматические программы; белая; 47 дБ; 82x60x60 см], Item [name=Bosch SMS 69U02, price=8400, desciption=Посудомоечная машина, отдельностоящая, электронное управление; на 13 комплектов; класс мойки A; 9 л/цикл; Автоматические программы; белая; 40 дБ; 85x60x60 см], Item [name=Bosch SMS 69U02, price=8400, desciption=Посудомоечная машина, отдельностоящая, электронное управление; на 13 комплектов; класс мойки A; 9 л/цикл; Автоматические программы; белая; 40 дБ; 85x60x60 см], Item [name=Bosch SMS 69U02, price=8400, desciption=Посудомоечная машина, отдельностоящая, электронное управление; на 13 комплектов; класс мойки A; 9 л/цикл; Автоматические программы; белая; 40 дБ; 85x60x60 см], Item [name=Bosch SMS 69U02, price=8400, desciption=Посудомоечная машина, отдельностоящая, электронное управление; на 13 комплектов; класс мойки A; 9 л/цикл; Автоматические программы; белая; 40 дБ; 85x60x60 см], Item [name=Bosch SMS 69U02, price=8400, desciption=Посудомоечная машина, отдельностоящая, электронное управление; на 13 комплектов; класс мойки A; 9 л/цикл; Автоматические программы; белая; 40 дБ; 85x60x60 см], Item [name=Bosch SMS 69U02, price=8400, desciption=Посудомоечная машина, отдельностоящая, электронное управление; на 13 комплектов; класс мойки A; 9 л/цикл; Автоматические программы; белая; 40 дБ; 85x60x60 см], Item [name=Bosch SMS 69U02, price=8400, desciption=Посудомоечная машина, отдельностоящая, электронное управление; на 13 комплектов; класс мойки A; 9 л/цикл; Автоматические программы; белая; 40 дБ; 85x60x60 см], Item [name=Bosch SMS 69U02, price=8400, desciption=Посудомоечная машина, отдельностоящая, электронное управление; на 13 комплектов; класс мойки A; 9 л/цикл; Автоматические программы; белая; 40 дБ; 85x60x60 см], Item [name=Bosch SMS 69U02, price=8400, desciption=Посудомоечная машина, отдельностоящая, электронное управление; на 13 комплектов; класс мойки A; 9 л/цикл; Автоматические программы; белая; 40 дБ; 85x60x60 см], Item [name=Bosch SMS 69U02, price=8400, desciption=Посудомоечная машина, отдельностоящая, электронное управление; на 13 комплектов; класс мойки A; 9 л/цикл; Автоматические программы; белая; 40 дБ; 85x60x60 см], Item [name=Bosch SMS 69U02, price=8400, desciption=Посудомоечная машина, отдельностоящая, электронное управление; на 13 комплектов; класс мойки A; 9 л/цикл; Автоматические программы; белая; 40 дБ; 85x60x60 см], Item [name=Bosch SMS 69U02, price=8400, desciption=Посудомоечная машина, отдельностоящая, электронное управление; на 13 комплектов; класс мойки A; 9 л/цикл; Автоматические программы; белая; 40 дБ; 85x60x60 см], Item [name=Bosch SMS 69U02, price=8400, desciption=Посудомоечная машина, отдельностоящая, электронное управление; на 13 комплектов; класс мойки A; 9 л/цикл; Автоматические программы; белая; 40 дБ; 85x60x60 см], Item [name=Bosch SMS 69U02, price=8400, desciption=Посудомоечная машина, отдельностоящая, электронное управление; на 13 комплектов; класс мойки A; 9 л/цикл; Автоматические программы; белая; 40 дБ; 85x60x60 см], Item [name=Bosch SMS 69U02, price=8400, desciption=Посудомоечная машина, отдельностоящая, электронное управление; на 13 комплектов; класс мойки A; 9 л/цикл; Автоматические программы; белая; 40 дБ; 85x60x60 см], Item [name=Bosch SMS 69U02, price=8400, desciption=Посудомоечная машина, отдельностоящая, электронное управление; на 13 комплектов; класс мойки A; 9 л/цикл; Автоматические программы; белая; 40 дБ; 85x60x60 см], Item [name=Bosch SMS 69U02, price=8400, desciption=Посудомоечная машина, отдельностоящая, электронное управление; на 13 комплектов; класс мойки A; 9 л/цикл; Автоматические программы; белая; 40 дБ; 85x60x60 см], Item [name=Bosch SMS 69U02, price=8400, desciption=Посудомоечная машина, отдельностоящая, электронное управление; на 13 комплектов; класс мойки A; 9 л/цикл; Автоматические программы; белая; 40 дБ; 85x60x60 см], Item [name=Bosch SMS 69U02, price=8400, desciption=Посудомоечная машина, отдельностоящая, электронное управление; на 13 комплектов; класс мойки A; 9 л/цикл; Автоматические программы; белая; 40 дБ; 85x60x60 см], Item [name=Bosch SMS 69U02, price=8400, desciption=Посудомоечная машина, отдельностоящая, электронное управление; на 13 комплектов; класс мойки A; 9 л/цикл; Автоматические программы; белая; 40 дБ; 85x60x60 см], Item [name=Hansa ZWM 476 WEH, price=3195, desciption=Посудомоечная машина, отдельностоящая, электронное управление; на 10 комплектов; класс мойки A; 9 л/цикл; белая; 49 дБ; 85x45x60 см], Item [name=Hansa ZWM 476 WEH, price=3195, desciption=Посудомоечная машина, отдельностоящая, электронное управление; на 10 комплектов; класс мойки A; 9 л/цикл; белая; 49 дБ; 85x45x60 см], Item [name=Hansa ZWM 476 WEH, price=3195, desciption=Посудомоечная машина, отдельностоящая, электронное управление; на 10 комплектов; класс мойки A; 9 л/цикл; белая; 49 дБ; 85x45x60 см], Item [name=Hansa ZWM 476 WEH, price=3195, desciption=Посудомоечная машина, отдельностоящая, электронное управление; на 10 комплектов; класс мойки A; 9 л/цикл; белая; 49 дБ; 85x45x60 см], Item [name=Hansa ZWM 476 WEH, price=3195, desciption=Посудомоечная машина, отдельностоящая, электронное управление; на 10 комплектов; класс мойки A; 9 л/цикл; белая; 49 дБ; 85x45x60 см], Item [name=Hansa ZWM 476 WEH, price=3195, desciption=Посудомоечная машина, отдельностоящая, электронное управление; на 10 комплектов; класс мойки A; 9 л/цикл; белая; 49 дБ; 85x45x60 см], Item [name=Hansa ZWM 476 WEH, price=3195, desciption=Посудомоечная машина, отдельностоящая, электронное управление; на 10 комплектов; класс мойки A; 9 л/цикл; белая; 49 дБ; 85x45x60 см], Item [name=Hansa ZWM 476 WEH, price=3195, desciption=Посудомоечная машина, отдельностоящая, электронное управление; на 10 комплектов; класс мойки A; 9 л/цикл; белая; 49 дБ; 85x45x60 см], Item [name=Hansa ZWM 476 WEH, price=3195, desciption=Посудомоечная машина, отдельностоящая, электронное управление; на 10 комплектов; класс мойки A; 9 л/цикл; белая; 49 дБ; 85x45x60 см], Item [name=Hansa ZWM 476 WEH, price=3195, desciption=Посудомоечная машина, отдельностоящая, электронное управление; на 10 комплектов; класс мойки A; 9 л/цикл; белая; 49 дБ; 85x45x60 см], Item [name=Hansa ZWM 476 WEH, price=3195, desciption=Посудомоечная машина, отдельностоящая, электронное управление; на 10 комплектов; класс мойки A; 9 л/цикл; белая; 49 дБ; 85x45x60 см], Item [name=Hansa ZWM 476 WEH, price=3195, desciption=Посудомоечная машина, отдельностоящая, электронное управление; на 10 комплектов; класс мойки A; 9 л/цикл; белая; 49 дБ; 85x45x60 см], Item [name=Hansa ZWM 476 WEH, price=3195, desciption=Посудомоечная машина, отдельностоящая, электронное управление; на 10 комплектов; класс мойки A; 9 л/цикл; белая; 49 дБ; 85x45x60 см], Item [name=Hansa ZWM 476 WEH, price=3195, desciption=Посудомоечная машина, отдельностоящая, электронное управление; на 10 комплектов; класс мойки A; 9 л/цикл; белая; 49 дБ; 85x45x60 см], Item [name=Hansa ZWM 476 WEH, price=3195, desciption=Посудомоечная машина, отдельностоящая, электронное управление; на 10 комплектов; класс мойки A; 9 л/цикл; белая; 49 дБ; 85x45x60 см], Item [name=Hansa ZWM 476 WEH, price=3195, desciption=Посудомоечная машина, отдельностоящая, электронное управление; на 10 комплектов; класс мойки A; 9 л/цикл; белая; 49 дБ; 85x45x60 см], Item [name=Hansa ZWM 476 WEH, price=3195, desciption=Посудомоечная машина, отдельностоящая, электронное управление; на 10 комплектов; класс мойки A; 9 л/цикл; белая; 49 дБ; 85x45x60 см], Item [name=Hansa ZWM 476 WEH, price=3195, desciption=Посудомоечная машина, отдельностоящая, электронное управление; на 10 комплектов; класс мойки A; 9 л/цикл; белая; 49 дБ; 85x45x60 см], Item [name=Hansa ZWM 476 WEH, price=3195, desciption=Посудомоечная машина, отдельностоящая, электронное управление; на 10 комплектов; класс мойки A; 9 л/цикл; белая; 49 дБ; 85x45x60 см], Item [name=Hansa ZWM 476 WEH, price=3195, desciption=Посудомоечная машина, отдельностоящая, электронное управление; на 10 комплектов; класс мойки A; 9 л/цикл; белая; 49 дБ; 85x45x60 см], Item [name=Candy CDP 6653, price=2927, desciption=Посудомоечная машина, отдельностоящая, электронное управление; на 15 комплектов; класс мойки A; 12 л/цикл; белая; 52 дБ; 85x60x60 см], Item [name=Candy CDP 6653, price=2927, desciption=Посудомоечная машина, отдельностоящая, электронное управление; на 15 комплектов; класс мойки A; 12 л/цикл; белая; 52 дБ; 85x60x60 см], Item [name=Candy CDP 6653, price=2927, desciption=Посудомоечная машина, отдельностоящая, электронное управление; на 15 комплектов; класс мойки A; 12 л/цикл; белая; 52 дБ; 85x60x60 см], Item [name=Candy CDP 6653, price=2927, desciption=Посудомоечная машина, отдельностоящая, электронное управление; на 15 комплектов; класс мойки A; 12 л/цикл; белая; 52 дБ; 85x60x60 см], Item [name=Candy CDP 6653, price=2927, desciption=Посудомоечная машина, отдельностоящая, электронное управление; на 15 комплектов; класс мойки A; 12 л/цикл; белая; 52 дБ; 85x60x60 см], Item [name=Candy CDP 6653, price=2927, desciption=Посудомоечная машина, отдельностоящая, электронное управление; на 15 комплектов; класс мойки A; 12 л/цикл; белая; 52 дБ; 85x60x60 см], Item [name=Candy CDP 6653, price=2927, desciption=Посудомоечная машина, отдельностоящая, электронное управление; на 15 комплектов; класс мойки A; 12 л/цикл; белая; 52 дБ; 85x60x60 см], Item [name=Candy CDP 6653, price=2927, desciption=Посудомоечная машина, отдельностоящая, электронное управление; на 15 комплектов; класс мойки A; 12 л/цикл; белая; 52 дБ; 85x60x60 см], Item [name=Candy CDP 6653, price=2927, desciption=Посудомоечная машина, отдельностоящая, электронное управление; на 15 комплектов; класс мойки A; 12 л/цикл; белая; 52 дБ; 85x60x60 см], Item [name=Candy CDP 6653, price=2927, desciption=Посудомоечная машина, отдельностоящая, электронное управление; на 15 комплектов; класс мойки A; 12 л/цикл; белая; 52 дБ; 85x60x60 см], Item [name=Candy CDP 6653, price=2927, desciption=Посудомоечная машина, отдельностоящая, электронное управление; на 15 комплектов; класс мойки A; 12 л/цикл; белая; 52 дБ; 85x60x60 см], Item [name=Candy CDP 6653, price=2927, desciption=Посудомоечная машина, отдельностоящая, электронное управление; на 15 комплектов; класс мойки A; 12 л/цикл; белая; 52 дБ; 85x60x60 см], Item [name=Candy CDP 6653, price=2927, desciption=Посудомоечная машина, отдельностоящая, электронное управление; на 15 комплектов; класс мойки A; 12 л/цикл; белая; 52 дБ; 85x60x60 см], Item [name=Candy CDP 6653, price=2927, desciption=Посудомоечная машина, отдельностоящая, электронное управление; на 15 комплектов; класс мойки A; 12 л/цикл; белая; 52 дБ; 85x60x60 см], Item [name=Candy CDP 6653, price=2927, desciption=Посудомоечная машина, отдельностоящая, электронное управление; на 15 комплектов; класс мойки A; 12 л/цикл; белая; 52 дБ; 85x60x60 см], Item [name=Candy CDP 6653, price=2927, desciption=Посудомоечная машина, отдельностоящая, электронное управление; на 15 комплектов; класс мойки A; 12 л/цикл; белая; 52 дБ; 85x60x60 см], Item [name=Candy CDP 6653, price=2927, desciption=Посудомоечная машина, отдельностоящая, электронное управление; на 15 комплектов; класс мойки A; 12 л/цикл; белая; 52 дБ; 85x60x60 см], Item [name=Candy CDP 6653, price=2927, desciption=Посудомоечная машина, отдельностоящая, электронное управление; на 15 комплектов; класс мойки A; 12 л/цикл; белая; 52 дБ; 85x60x60 см], Item [name=Candy CDP 6653, price=2927, desciption=Посудомоечная машина, отдельностоящая, электронное управление; на 15 комплектов; класс мойки A; 12 л/цикл; белая; 52 дБ; 85x60x60 см], Item [name=Candy CDP 6653, price=2927, desciption=Посудомоечная машина, отдельностоящая, электронное управление; на 15 комплектов; класс мойки A; 12 л/цикл; белая; 52 дБ; 85x60x60 см], Item [name=Gaggenau DI 460111, price=24818, desciption=Посудомоечная машина, встраиваемая, с наружной панелью; на 13 комплектов; класс мойки A; 10 л/цикл; Автоматические программы; серебристая; 42 дБ; 81.5x59.8x55 см], Item [name=Gaggenau DI 460111, price=24818, desciption=Посудомоечная машина, встраиваемая, с наружной панелью; на 13 комплектов; класс мойки A; 10 л/цикл; Автоматические программы; серебристая; 42 дБ; 81.5x59.8x55 см], Item [name=Gaggenau DI 460111, price=24818, desciption=Посудомоечная машина, встраиваемая, с наружной панелью; на 13 комплектов; класс мойки A; 10 л/цикл; Автоматические программы; серебристая; 42 дБ; 81.5x59.8x55 см], Item [name=Gaggenau DI 460111, price=24818, desciption=Посудомоечная машина, встраиваемая, с наружной панелью; на 13 комплектов; класс мойки A; 10 л/цикл; Автоматические программы; серебристая; 42 дБ; 81.5x59.8x55 см], Item [name=Gaggenau DI 460111, price=24818, desciption=Посудомоечная машина, встраиваемая, с наружной панелью; на 13 комплектов; класс мойки A; 10 л/цикл; Автоматические программы; серебристая; 42 дБ; 81.5x59.8x55 см], Item [name=Gaggenau DI 460111, price=24818, desciption=Посудомоечная машина, встраиваемая, с наружной панелью; на 13 комплектов; класс мойки A; 10 л/цикл; Автоматические программы; серебристая; 42 дБ; 81.5x59.8x55 см], Item [name=Gaggenau DI 460111, price=24818, desciption=Посудомоечная машина, встраиваемая, с наружной панелью; на 13 комплектов; класс мойки A; 10 л/цикл; Автоматические программы; серебристая; 42 дБ; 81.5x59.8x55 см], Item [name=Gaggenau DI 460111, price=24818, desciption=Посудомоечная машина, встраиваемая, с наружной панелью; на 13 комплектов; класс мойки A; 10 л/цикл; Автоматические программы; серебристая; 42 дБ; 81.5x59.8x55 см], Item [name=Gaggenau DI 460111, price=24818, desciption=Посудомоечная машина, встраиваемая, с наружной панелью; на 13 комплектов; класс мойки A; 10 л/цикл; Автоматические программы; серебристая; 42 дБ; 81.5x59.8x55 см], Item [name=Gaggenau DI 460111, price=24818, desciption=Посудомоечная машина, встраиваемая, с наружной панелью; на 13 комплектов; класс мойки A; 10 л/цикл; Автоматические программы; серебристая; 42 дБ; 81.5x59.8x55 см], Item [name=Gaggenau DI 460111, price=24818, desciption=Посудомоечная машина, встраиваемая, с наружной панелью; на 13 комплектов; класс мойки A; 10 л/цикл; Автоматические программы; серебристая; 42 дБ; 81.5x59.8x55 см], Item [name=Gaggenau DI 460111, price=24818, desciption=Посудомоечная машина, встраиваемая, с наружной панелью; на 13 комплектов; класс мойки A; 10 л/цикл; Автоматические программы; серебристая; 42 дБ; 81.5x59.8x55 см], Item [name=Gaggenau DI 460111, price=24818, desciption=Посудомоечная машина, встраиваемая, с наружной панелью; на 13 комплектов; класс мойки A; 10 л/цикл; Автоматические программы; серебристая; 42 дБ; 81.5x59.8x55 см], Item [name=Gaggenau DI 460111, price=24818, desciption=Посудомоечная машина, встраиваемая, с наружной панелью; на 13 комплектов; класс мойки A; 10 л/цикл; Автоматические программы; серебристая; 42 дБ; 81.5x59.8x55 см]]
</system-out>
  </testcase>
</testsuite>