<?xml version="1.0" encoding="UTF-8"?>
<testng-results skipped="0" failed="1" total="1" passed="0">
  <reporter-output>
    <line>
      <![CDATA[Go to website's main page]]>
    </line>
    <line>
      <![CDATA[Clicking at product type]]>
    </line>
    <line>
      <![CDATA[Saved <a href=../screenshots/11_ноя_2013__11_48_19PM.png>Screenshot</a>]]>
    </line>
  </reporter-output>
  <suite name="Suite 1" duration-ms="13432" started-at="2013-11-11T21:48:06Z" finished-at="2013-11-11T21:48:19Z">
    <groups>
    </groups>
    <test name="testNG test1" duration-ms="13432" started-at="2013-11-11T21:48:06Z" finished-at="2013-11-11T21:48:19Z">
      <class name="com.epam.preproduction.tests.CompareItemsTest">
        <test-method status="PASS" signature="setUp()[pri:0, instance:com.epam.preproduction.tests.CompareItemsTest@51f49ec4]" name="setUp" is-config="true" duration-ms="7614" started-at="2013-11-11T23:48:06Z" finished-at="2013-11-11T23:48:14Z">
          <reporter-output>
          </reporter-output>
        </test-method> <!-- setUp -->
        <test-method status="PASS" signature="configuration()[pri:0, instance:com.epam.preproduction.tests.CompareItemsTest@51f49ec4]" name="configuration" is-config="true" duration-ms="44" started-at="2013-11-11T23:48:14Z" finished-at="2013-11-11T23:48:14Z">
          <reporter-output>
          </reporter-output>
        </test-method> <!-- configuration -->
        <test-method status="FAIL" signature="testCompareItems(java.lang.String, java.lang.String)[pri:0, instance:com.epam.preproduction.tests.CompareItemsTest@51f49ec4]" name="testCompareItems" duration-ms="4682" started-at="2013-11-11T23:48:14Z" data-provider="readFromExcel" finished-at="2013-11-11T23:48:19Z">
          <params>
            <param index="0">
              <value>
                <![CDATA[Бытовая техника]]>
              </value>
            </param>
            <param index="1">
              <value>
                <![CDATA[Микроволновки]]>
              </value>
            </param>
          </params>
          <exception class="java.lang.NullPointerException">
            <full-stacktrace>
              <![CDATA[java.lang.NullPointerException
	at com.epam.preproduction.helpers.ItemPageHelper.grabAllCharacteristics(ItemPageHelper.java:32)
	at com.epam.preproduction.helpers.CompareItemsTestHelper.checkParameters(CompareItemsTestHelper.java:42)
	at com.epam.preproduction.tests.CompareItemsTest.testCompareItems(CompareItemsTest.java:50)
	at sun.reflect.NativeMethodAccessorImpl.invoke0(Native Method)
	at sun.reflect.NativeMethodAccessorImpl.invoke(NativeMethodAccessorImpl.java:57)
	at sun.reflect.DelegatingMethodAccessorImpl.invoke(DelegatingMethodAccessorImpl.java:43)
	at java.lang.reflect.Method.invoke(Method.java:601)
	at org.testng.internal.MethodInvocationHelper.invokeMethod(MethodInvocationHelper.java:84)
	at org.testng.internal.Invoker.invokeMethod(Invoker.java:714)
	at org.testng.internal.Invoker.invokeTestMethod(Invoker.java:901)
	at org.testng.internal.Invoker.invokeTestMethods(Invoker.java:1231)
	at org.testng.internal.TestMethodWorker.invokeTestMethods(TestMethodWorker.java:127)
	at org.testng.internal.TestMethodWorker.run(TestMethodWorker.java:111)
	at org.testng.TestRunner.privateRun(TestRunner.java:767)
	at org.testng.TestRunner.run(TestRunner.java:617)
	at org.testng.SuiteRunner.runTest(SuiteRunner.java:334)
	at org.testng.SuiteRunner.runSequentially(SuiteRunner.java:329)
	at org.testng.SuiteRunner.privateRun(SuiteRunner.java:291)
	at org.testng.SuiteRunner.run(SuiteRunner.java:240)
	at org.testng.SuiteRunnerWorker.runSuite(SuiteRunnerWorker.java:52)
	at org.testng.SuiteRunnerWorker.run(SuiteRunnerWorker.java:86)
	at org.testng.TestNG.runSuitesSequentially(TestNG.java:1224)
	at org.testng.TestNG.runSuitesLocally(TestNG.java:1149)
	at org.testng.TestNG.run(TestNG.java:1057)
	at org.testng.remote.RemoteTestNG.run(RemoteTestNG.java:111)
	at org.testng.remote.RemoteTestNG.initAndRun(RemoteTestNG.java:204)
	at org.testng.remote.RemoteTestNG.main(RemoteTestNG.java:175)
]]>
            </full-stacktrace>
          </exception> <!-- java.lang.NullPointerException -->
          <reporter-output>
            <line>
              <![CDATA[Go to website's main page]]>
            </line>
            <line>
              <![CDATA[Clicking at product type]]>
            </line>
            <line>
              <![CDATA[Saved <a href=../screenshots/11_ноя_2013__11_48_19PM.png>Screenshot</a>]]>
            </line>
          </reporter-output>
        </test-method> <!-- testCompareItems -->
      </class> <!-- com.epam.preproduction.tests.CompareItemsTest -->
    </test> <!-- testNG test1 -->
  </suite> <!-- Suite 1 -->
</testng-results>
