<?xml version="1.0" encoding="UTF-8"?>
<testsuite name="testNG test1"
           tests="1"
           failures="1"
           errors="0"
           skipped="0"
           time="3,054">
  <properties />
            <testcase name="testItemInformation" time="3,054" classname="com.epam.preproduction.tests.CheckItemInformation">
                <failure type="java.lang.NullPointerException"
                  message="null value in entry: name=null"
              >
<![CDATA[java.lang.NullPointerException: null value in entry: name=null
  com.google.common.base.Preconditions.checkNotNull(Preconditions.java:235)
  com.google.common.collect.ImmutableMap.entryOf(ImmutableMap.java:144)
  com.google.common.collect.ImmutableMap.of(ImmutableMap.java:89)
  org.openqa.selenium.remote.RemoteWebElement.getAttribute(RemoteWebElement.java:122)
  com.epam.preproduction.helpers.CheckItemInformationTestHelper.gerUrls(CheckItemInformationTestHelper.java:60)
  com.epam.preproduction.helpers.CheckItemInformationTestHelper.verifyItemLinksAreEqual(CheckItemInformationTestHelper.java:110)
  com.epam.preproduction.tests.CheckItemInformation.testItemInformation(CheckItemInformation.java:34)
  sun.reflect.NativeMethodAccessorImpl.invoke0(Native Method)
  sun.reflect.NativeMethodAccessorImpl.invoke(Unknown Source)
  sun.reflect.DelegatingMethodAccessorImpl.invoke(Unknown Source)
  java.lang.reflect.Method.invoke(Unknown Source)
  org.testng.internal.MethodInvocationHelper.invokeMethod(MethodInvocationHelper.java:80)
  org.testng.internal.Invoker.invokeMethod(Invoker.java:673)
  org.testng.internal.Invoker.invokeTestMethod(Invoker.java:842)
  org.testng.internal.Invoker.invokeTestMethods(Invoker.java:1166)
  org.testng.internal.TestMethodWorker.invokeTestMethods(TestMethodWorker.java:125)
  org.testng.internal.TestMethodWorker.run(TestMethodWorker.java:109)
  org.testng.TestRunner.runWorkers(TestRunner.java:1178)
  org.testng.TestRunner.privateRun(TestRunner.java:757)
  org.testng.TestRunner.run(TestRunner.java:608)
  org.testng.SuiteRunner.runTest(SuiteRunner.java:334)
  org.testng.SuiteRunner.runSequentially(SuiteRunner.java:329)
  org.testng.SuiteRunner.privateRun(SuiteRunner.java:291)
  org.testng.SuiteRunner.run(SuiteRunner.java:240)
  org.testng.SuiteRunnerWorker.runSuite(SuiteRunnerWorker.java:52)
  org.testng.SuiteRunnerWorker.run(SuiteRunnerWorker.java:86)
  org.testng.TestNG.runSuitesSequentially(TestNG.java:1158)
  org.testng.TestNG.runSuitesLocally(TestNG.java:1083)
  org.testng.TestNG.run(TestNG.java:999)
  org.apache.maven.surefire.testng.TestNGExecutor.run(TestNGExecutor.java:74)
  org.apache.maven.surefire.testng.TestNGXmlTestSuite.execute(TestNGXmlTestSuite.java:92)
  org.apache.maven.surefire.Surefire.run(Surefire.java:180)
  sun.reflect.NativeMethodAccessorImpl.invoke0(Native Method)
  sun.reflect.NativeMethodAccessorImpl.invoke(Unknown Source)
  sun.reflect.DelegatingMethodAccessorImpl.invoke(Unknown Source)
  java.lang.reflect.Method.invoke(Unknown Source)
  org.apache.maven.surefire.booter.SurefireBooter.runSuitesInProcess(SurefireBooter.java:350)
  org.apache.maven.surefire.booter.SurefireBooter.main(SurefireBooter.java:1021)
]]>
      </failure>

          </testcase>
  
  
  
</testsuite>
